[0.424s] Invoking command in '/home/anan/ros2_ws/src/my_py_pkg': CMAKE_PREFIX_PATH=/home/anan/ros2_ws/install/my_robot_interfaces:/home/anan/ros2_ws/install/my_robot_bringup:/home/anan/ros2_ws/install/my_cpp_pkg PYTHONPATH=/home/anan/ros2_ws/build/my_py_pkg/prefix_override:/usr/lib/python3/dist-packages/colcon_core/task/python/colcon_distutils_commands:/home/anan/ros2_ws/install/my_py_pkg/lib/python3.10/site-packages:${PYTHONPATH} /usr/bin/python3 -W ignore:setup.py install is deprecated setup.py egg_info --egg-base ../../build/my_py_pkg build --build-base /home/anan/ros2_ws/build/my_py_pkg/build install --record /home/anan/ros2_ws/build/my_py_pkg/install.log --single-version-externally-managed install_data
[0.595s] running egg_info
[0.595s] writing ../../build/my_py_pkg/my_py_pkg.egg-info/PKG-INFO
[0.595s] writing dependency_links to ../../build/my_py_pkg/my_py_pkg.egg-info/dependency_links.txt
[0.595s] writing entry points to ../../build/my_py_pkg/my_py_pkg.egg-info/entry_points.txt
[0.595s] writing requirements to ../../build/my_py_pkg/my_py_pkg.egg-info/requires.txt
[0.596s] writing top-level names to ../../build/my_py_pkg/my_py_pkg.egg-info/top_level.txt
[0.597s] reading manifest file '../../build/my_py_pkg/my_py_pkg.egg-info/SOURCES.txt'
[0.597s] writing manifest file '../../build/my_py_pkg/my_py_pkg.egg-info/SOURCES.txt'
[0.598s] running build
[0.598s] running build_py
[0.598s] running install
[0.598s] running install_lib
[0.600s] running install_data
[0.600s] running install_egg_info
[0.601s] removing '/home/anan/ros2_ws/install/my_py_pkg/lib/python3.10/site-packages/my_py_pkg-0.0.0-py3.10.egg-info' (and everything under it)
[0.601s] Copying ../../build/my_py_pkg/my_py_pkg.egg-info to /home/anan/ros2_ws/install/my_py_pkg/lib/python3.10/site-packages/my_py_pkg-0.0.0-py3.10.egg-info
[0.602s] running install_scripts
[0.619s] Installing add_two_ints_client_oop script to /home/anan/ros2_ws/install/my_py_pkg/lib/my_py_pkg
[0.619s] Installing add_two_ints_server script to /home/anan/ros2_ws/install/my_py_pkg/lib/my_py_pkg
[0.619s] Installing battery script to /home/anan/ros2_ws/install/my_py_pkg/lib/my_py_pkg
[0.620s] Installing hw_status_publisher script to /home/anan/ros2_ws/install/my_py_pkg/lib/my_py_pkg
[0.620s] Installing led_panel script to /home/anan/ros2_ws/install/my_py_pkg/lib/my_py_pkg
[0.620s] Installing number_counter script to /home/anan/ros2_ws/install/my_py_pkg/lib/my_py_pkg
[0.620s] Installing number_publisher script to /home/anan/ros2_ws/install/my_py_pkg/lib/my_py_pkg
[0.620s] Installing py_node script to /home/anan/ros2_ws/install/my_py_pkg/lib/my_py_pkg
[0.620s] Installing robot_news_station script to /home/anan/ros2_ws/install/my_py_pkg/lib/my_py_pkg
[0.620s] Installing smartphone script to /home/anan/ros2_ws/install/my_py_pkg/lib/my_py_pkg
[0.620s] writing list of installed files to '/home/anan/ros2_ws/build/my_py_pkg/install.log'
[0.653s] Invoked command in '/home/anan/ros2_ws/src/my_py_pkg' returned '0': CMAKE_PREFIX_PATH=/home/anan/ros2_ws/install/my_robot_interfaces:/home/anan/ros2_ws/install/my_robot_bringup:/home/anan/ros2_ws/install/my_cpp_pkg PYTHONPATH=/home/anan/ros2_ws/build/my_py_pkg/prefix_override:/usr/lib/python3/dist-packages/colcon_core/task/python/colcon_distutils_commands:/home/anan/ros2_ws/install/my_py_pkg/lib/python3.10/site-packages:${PYTHONPATH} /usr/bin/python3 -W ignore:setup.py install is deprecated setup.py egg_info --egg-base ../../build/my_py_pkg build --build-base /home/anan/ros2_ws/build/my_py_pkg/build install --record /home/anan/ros2_ws/build/my_py_pkg/install.log --single-version-externally-managed install_data
