[0.658s] Invoking command in '/home/anan/ros2_ws/src/turtlesim_catch_them_all': PYTHONPATH=/home/anan/ros2_ws/build/turtlesim_catch_them_all/prefix_override:/usr/lib/python3/dist-packages/colcon_core/task/python/colcon_distutils_commands:/home/anan/ros2_ws/install/turtlesim_catch_them_all/lib/python3.10/site-packages:${PYTHONPATH} /usr/bin/python3 -W ignore:setup.py install is deprecated setup.py egg_info --egg-base ../../build/turtlesim_catch_them_all build --build-base /home/anan/ros2_ws/build/turtlesim_catch_them_all/build install --record /home/anan/ros2_ws/build/turtlesim_catch_them_all/install.log --single-version-externally-managed install_data
[0.817s] running egg_info
[0.818s] writing ../../build/turtlesim_catch_them_all/turtlesim_catch_them_all.egg-info/PKG-INFO
[0.818s] writing dependency_links to ../../build/turtlesim_catch_them_all/turtlesim_catch_them_all.egg-info/dependency_links.txt
[0.818s] writing entry points to ../../build/turtlesim_catch_them_all/turtlesim_catch_them_all.egg-info/entry_points.txt
[0.818s] writing requirements to ../../build/turtlesim_catch_them_all/turtlesim_catch_them_all.egg-info/requires.txt
[0.818s] writing top-level names to ../../build/turtlesim_catch_them_all/turtlesim_catch_them_all.egg-info/top_level.txt
[0.819s] reading manifest file '../../build/turtlesim_catch_them_all/turtlesim_catch_them_all.egg-info/SOURCES.txt'
[0.820s] writing manifest file '../../build/turtlesim_catch_them_all/turtlesim_catch_them_all.egg-info/SOURCES.txt'
[0.820s] running build
[0.820s] running build_py
[0.820s] copying turtlesim_catch_them_all/turtle_spawner.py -> /home/anan/ros2_ws/build/turtlesim_catch_them_all/build/lib/turtlesim_catch_them_all
[0.820s] running install
[0.821s] running install_lib
[0.821s] copying /home/anan/ros2_ws/build/turtlesim_catch_them_all/build/lib/turtlesim_catch_them_all/turtle_spawner.py -> /home/anan/ros2_ws/install/turtlesim_catch_them_all/lib/python3.10/site-packages/turtlesim_catch_them_all
[0.822s] byte-compiling /home/anan/ros2_ws/install/turtlesim_catch_them_all/lib/python3.10/site-packages/turtlesim_catch_them_all/turtle_spawner.py to turtle_spawner.cpython-310.pyc
[0.822s] running install_data
[0.823s] running install_egg_info
[0.824s] removing '/home/anan/ros2_ws/install/turtlesim_catch_them_all/lib/python3.10/site-packages/turtlesim_catch_them_all-0.0.0-py3.10.egg-info' (and everything under it)
[0.824s] Copying ../../build/turtlesim_catch_them_all/turtlesim_catch_them_all.egg-info to /home/anan/ros2_ws/install/turtlesim_catch_them_all/lib/python3.10/site-packages/turtlesim_catch_them_all-0.0.0-py3.10.egg-info
[0.825s] running install_scripts
[0.841s] Installing turtle_spawner script to /home/anan/ros2_ws/install/turtlesim_catch_them_all/lib/turtlesim_catch_them_all
[0.841s] Installing turtlesim_controller script to /home/anan/ros2_ws/install/turtlesim_catch_them_all/lib/turtlesim_catch_them_all
[0.841s] writing list of installed files to '/home/anan/ros2_ws/build/turtlesim_catch_them_all/install.log'
[0.908s] Invoked command in '/home/anan/ros2_ws/src/turtlesim_catch_them_all' returned '0': PYTHONPATH=/home/anan/ros2_ws/build/turtlesim_catch_them_all/prefix_override:/usr/lib/python3/dist-packages/colcon_core/task/python/colcon_distutils_commands:/home/anan/ros2_ws/install/turtlesim_catch_them_all/lib/python3.10/site-packages:${PYTHONPATH} /usr/bin/python3 -W ignore:setup.py install is deprecated setup.py egg_info --egg-base ../../build/turtlesim_catch_them_all build --build-base /home/anan/ros2_ws/build/turtlesim_catch_them_all/build install --record /home/anan/ros2_ws/build/turtlesim_catch_them_all/install.log --single-version-externally-managed install_data
