running egg_info
writing ../../build/my_twopy_pkg/my_twopy_pkg.egg-info/PKG-INFO
writing dependency_links to ../../build/my_twopy_pkg/my_twopy_pkg.egg-info/dependency_links.txt
writing entry points to ../../build/my_twopy_pkg/my_twopy_pkg.egg-info/entry_points.txt
writing requirements to ../../build/my_twopy_pkg/my_twopy_pkg.egg-info/requires.txt
writing top-level names to ../../build/my_twopy_pkg/my_twopy_pkg.egg-info/top_level.txt
reading manifest file '../../build/my_twopy_pkg/my_twopy_pkg.egg-info/SOURCES.txt'
writing manifest file '../../build/my_twopy_pkg/my_twopy_pkg.egg-info/SOURCES.txt'
running build
running build_py
copying my_twopy_pkg/my_firsttwonode.py -> /home/extra/ros2_ws/build/my_twopy_pkg/build/lib/my_twopy_pkg
running install
running install_lib
copying /home/extra/ros2_ws/build/my_twopy_pkg/build/lib/my_twopy_pkg/my_firsttwonode.py -> /home/extra/ros2_ws/install/my_twopy_pkg/lib/python3.10/site-packages/my_twopy_pkg
byte-compiling /home/extra/ros2_ws/install/my_twopy_pkg/lib/python3.10/site-packages/my_twopy_pkg/my_firsttwonode.py to my_firsttwonode.cpython-310.pyc
running install_data
running install_egg_info
removing '/home/extra/ros2_ws/install/my_twopy_pkg/lib/python3.10/site-packages/my_twopy_pkg-0.0.0-py3.10.egg-info' (and everything under it)
Copying ../../build/my_twopy_pkg/my_twopy_pkg.egg-info to /home/extra/ros2_ws/install/my_twopy_pkg/lib/python3.10/site-packages/my_twopy_pkg-0.0.0-py3.10.egg-info
running install_scripts
Installing twopy_node script to /home/extra/ros2_ws/install/my_twopy_pkg/lib/my_twopy_pkg
writing list of installed files to '/home/extra/ros2_ws/build/my_twopy_pkg/install.log'
