[0.704s] Invoking command in '/home/extra/ros2_ws/src/my_twopy_pkg': PYTHONPATH=/home/extra/ros2_ws/build/my_twopy_pkg/prefix_override:/usr/lib/python3/dist-packages/colcon_core/task/python/colcon_distutils_commands:/home/extra/ros2_ws/install/my_twopy_pkg/lib/python3.10/site-packages:${PYTHONPATH} /usr/bin/python3 -W ignore:setup.py install is deprecated setup.py egg_info --egg-base ../../build/my_twopy_pkg build --build-base /home/extra/ros2_ws/build/my_twopy_pkg/build install --record /home/extra/ros2_ws/build/my_twopy_pkg/install.log --single-version-externally-managed install_data
[0.977s] running egg_info
[0.978s] writing ../../build/my_twopy_pkg/my_twopy_pkg.egg-info/PKG-INFO
[0.978s] writing dependency_links to ../../build/my_twopy_pkg/my_twopy_pkg.egg-info/dependency_links.txt
[0.979s] writing entry points to ../../build/my_twopy_pkg/my_twopy_pkg.egg-info/entry_points.txt
[0.979s] writing requirements to ../../build/my_twopy_pkg/my_twopy_pkg.egg-info/requires.txt
[0.979s] writing top-level names to ../../build/my_twopy_pkg/my_twopy_pkg.egg-info/top_level.txt
[0.982s] reading manifest file '../../build/my_twopy_pkg/my_twopy_pkg.egg-info/SOURCES.txt'
[0.983s] writing manifest file '../../build/my_twopy_pkg/my_twopy_pkg.egg-info/SOURCES.txt'
[0.984s] running build
[0.984s] running build_py
[0.984s] copying my_twopy_pkg/my_firsttwonode.py -> /home/extra/ros2_ws/build/my_twopy_pkg/build/lib/my_twopy_pkg
[0.984s] running install
[0.985s] running install_lib
[0.986s] copying /home/extra/ros2_ws/build/my_twopy_pkg/build/lib/my_twopy_pkg/my_firsttwonode.py -> /home/extra/ros2_ws/install/my_twopy_pkg/lib/python3.10/site-packages/my_twopy_pkg
[0.987s] byte-compiling /home/extra/ros2_ws/install/my_twopy_pkg/lib/python3.10/site-packages/my_twopy_pkg/my_firsttwonode.py to my_firsttwonode.cpython-310.pyc
[0.987s] running install_data
[0.988s] running install_egg_info
[0.990s] removing '/home/extra/ros2_ws/install/my_twopy_pkg/lib/python3.10/site-packages/my_twopy_pkg-0.0.0-py3.10.egg-info' (and everything under it)
[0.991s] Copying ../../build/my_twopy_pkg/my_twopy_pkg.egg-info to /home/extra/ros2_ws/install/my_twopy_pkg/lib/python3.10/site-packages/my_twopy_pkg-0.0.0-py3.10.egg-info
[0.992s] running install_scripts
[1.016s] Installing twopy_node script to /home/extra/ros2_ws/install/my_twopy_pkg/lib/my_twopy_pkg
[1.016s] writing list of installed files to '/home/extra/ros2_ws/build/my_twopy_pkg/install.log'
[1.045s] Invoked command in '/home/extra/ros2_ws/src/my_twopy_pkg' returned '0': PYTHONPATH=/home/extra/ros2_ws/build/my_twopy_pkg/prefix_override:/usr/lib/python3/dist-packages/colcon_core/task/python/colcon_distutils_commands:/home/extra/ros2_ws/install/my_twopy_pkg/lib/python3.10/site-packages:${PYTHONPATH} /usr/bin/python3 -W ignore:setup.py install is deprecated setup.py egg_info --egg-base ../../build/my_twopy_pkg build --build-base /home/extra/ros2_ws/build/my_twopy_pkg/build install --record /home/extra/ros2_ws/build/my_twopy_pkg/install.log --single-version-externally-managed install_data
