[0.723s] Invoking command in '/home/extra/ros2_ws/src/my_py_pkg': PYTHONPATH=/home/extra/ros2_ws/build/my_py_pkg/prefix_override:/usr/lib/python3/dist-packages/colcon_core/task/python/colcon_distutils_commands:/home/extra/ros2_ws/install/my_py_pkg/lib/python3.10/site-packages:${PYTHONPATH} /usr/bin/python3 -W ignore:setup.py install is deprecated setup.py egg_info --egg-base ../../build/my_py_pkg build --build-base /home/extra/ros2_ws/build/my_py_pkg/build install --record /home/extra/ros2_ws/build/my_py_pkg/install.log --single-version-externally-managed install_data
[0.995s] running egg_info
[0.995s] writing ../../build/my_py_pkg/my_py_pkg.egg-info/PKG-INFO
[0.996s] writing dependency_links to ../../build/my_py_pkg/my_py_pkg.egg-info/dependency_links.txt
[0.996s] writing entry points to ../../build/my_py_pkg/my_py_pkg.egg-info/entry_points.txt
[0.996s] writing requirements to ../../build/my_py_pkg/my_py_pkg.egg-info/requires.txt
[0.997s] writing top-level names to ../../build/my_py_pkg/my_py_pkg.egg-info/top_level.txt
[0.999s] reading manifest file '../../build/my_py_pkg/my_py_pkg.egg-info/SOURCES.txt'
[1.001s] writing manifest file '../../build/my_py_pkg/my_py_pkg.egg-info/SOURCES.txt'
[1.001s] running build
[1.001s] running build_py
[1.002s] copying my_py_pkg/led_panel.py -> /home/extra/ros2_ws/build/my_py_pkg/build/lib/my_py_pkg
[1.002s] running install
[1.002s] running install_lib
[1.004s] copying /home/extra/ros2_ws/build/my_py_pkg/build/lib/my_py_pkg/led_panel.py -> /home/extra/ros2_ws/install/my_py_pkg/lib/python3.10/site-packages/my_py_pkg
[1.005s] byte-compiling /home/extra/ros2_ws/install/my_py_pkg/lib/python3.10/site-packages/my_py_pkg/led_panel.py to led_panel.cpython-310.pyc
[1.005s] running install_data
[1.006s] running install_egg_info
[1.008s] removing '/home/extra/ros2_ws/install/my_py_pkg/lib/python3.10/site-packages/my_py_pkg-0.0.0-py3.10.egg-info' (and everything under it)
[1.008s] Copying ../../build/my_py_pkg/my_py_pkg.egg-info to /home/extra/ros2_ws/install/my_py_pkg/lib/python3.10/site-packages/my_py_pkg-0.0.0-py3.10.egg-info
[1.009s] running install_scripts
[1.034s] Installing add_two_ints_client_oop script to /home/extra/ros2_ws/install/my_py_pkg/lib/my_py_pkg
[1.034s] Installing add_two_ints_server script to /home/extra/ros2_ws/install/my_py_pkg/lib/my_py_pkg
[1.035s] Installing hw_status_publisher script to /home/extra/ros2_ws/install/my_py_pkg/lib/my_py_pkg
[1.035s] Installing led_panel script to /home/extra/ros2_ws/install/my_py_pkg/lib/my_py_pkg
[1.035s] Installing number_counter script to /home/extra/ros2_ws/install/my_py_pkg/lib/my_py_pkg
[1.035s] Installing number_publisher script to /home/extra/ros2_ws/install/my_py_pkg/lib/my_py_pkg
[1.035s] Installing py_node script to /home/extra/ros2_ws/install/my_py_pkg/lib/my_py_pkg
[1.035s] Installing robot_news_station script to /home/extra/ros2_ws/install/my_py_pkg/lib/my_py_pkg
[1.036s] Installing smartphone script to /home/extra/ros2_ws/install/my_py_pkg/lib/my_py_pkg
[1.036s] writing list of installed files to '/home/extra/ros2_ws/build/my_py_pkg/install.log'
[1.064s] Invoked command in '/home/extra/ros2_ws/src/my_py_pkg' returned '0': PYTHONPATH=/home/extra/ros2_ws/build/my_py_pkg/prefix_override:/usr/lib/python3/dist-packages/colcon_core/task/python/colcon_distutils_commands:/home/extra/ros2_ws/install/my_py_pkg/lib/python3.10/site-packages:${PYTHONPATH} /usr/bin/python3 -W ignore:setup.py install is deprecated setup.py egg_info --egg-base ../../build/my_py_pkg build --build-base /home/extra/ros2_ws/build/my_py_pkg/build install --record /home/extra/ros2_ws/build/my_py_pkg/install.log --single-version-externally-managed install_data
