[1.182s] Invoking command in '/home/extra/ros2_ws/src/my_twopy_pkg': PYTHONPATH=/home/extra/ros2_ws/build/my_twopy_pkg/prefix_override:/usr/lib/python3/dist-packages/colcon_core/task/python/colcon_distutils_commands:/home/extra/ros2_ws/install/my_twopy_pkg/lib/python3.10/site-packages:${PYTHONPATH} /usr/bin/python3 -W ignore:setup.py install is deprecated setup.py egg_info --egg-base ../../build/my_twopy_pkg build --build-base /home/extra/ros2_ws/build/my_twopy_pkg/build install --record /home/extra/ros2_ws/build/my_twopy_pkg/install.log --single-version-externally-managed install_data
[1.473s] running egg_info
[1.473s] creating ../../build/my_twopy_pkg/my_twopy_pkg.egg-info
[1.474s] writing ../../build/my_twopy_pkg/my_twopy_pkg.egg-info/PKG-INFO
[1.474s] writing dependency_links to ../../build/my_twopy_pkg/my_twopy_pkg.egg-info/dependency_links.txt
[1.474s] writing entry points to ../../build/my_twopy_pkg/my_twopy_pkg.egg-info/entry_points.txt
[1.475s] writing requirements to ../../build/my_twopy_pkg/my_twopy_pkg.egg-info/requires.txt
[1.475s] writing top-level names to ../../build/my_twopy_pkg/my_twopy_pkg.egg-info/top_level.txt
[1.475s] writing manifest file '../../build/my_twopy_pkg/my_twopy_pkg.egg-info/SOURCES.txt'
[1.478s] reading manifest file '../../build/my_twopy_pkg/my_twopy_pkg.egg-info/SOURCES.txt'
[1.479s] writing manifest file '../../build/my_twopy_pkg/my_twopy_pkg.egg-info/SOURCES.txt'
[1.479s] running build
[1.479s] running build_py
[1.479s] creating /home/extra/ros2_ws/build/my_twopy_pkg/build
[1.480s] creating /home/extra/ros2_ws/build/my_twopy_pkg/build/lib
[1.480s] creating /home/extra/ros2_ws/build/my_twopy_pkg/build/lib/my_twopy_pkg
[1.480s] copying my_twopy_pkg/__init__.py -> /home/extra/ros2_ws/build/my_twopy_pkg/build/lib/my_twopy_pkg
[1.480s] running install
[1.480s] running install_lib
[1.481s] creating /home/extra/ros2_ws/install/my_twopy_pkg/lib/python3.10/site-packages/my_twopy_pkg
[1.482s] copying /home/extra/ros2_ws/build/my_twopy_pkg/build/lib/my_twopy_pkg/__init__.py -> /home/extra/ros2_ws/install/my_twopy_pkg/lib/python3.10/site-packages/my_twopy_pkg
[1.482s] byte-compiling /home/extra/ros2_ws/install/my_twopy_pkg/lib/python3.10/site-packages/my_twopy_pkg/__init__.py to __init__.cpython-310.pyc
[1.482s] running install_data
[1.483s] creating /home/extra/ros2_ws/install/my_twopy_pkg/share/ament_index
[1.483s] creating /home/extra/ros2_ws/install/my_twopy_pkg/share/ament_index/resource_index
[1.483s] creating /home/extra/ros2_ws/install/my_twopy_pkg/share/ament_index/resource_index/packages
[1.483s] copying resource/my_twopy_pkg -> /home/extra/ros2_ws/install/my_twopy_pkg/share/ament_index/resource_index/packages
[1.483s] copying package.xml -> /home/extra/ros2_ws/install/my_twopy_pkg/share/my_twopy_pkg
[1.484s] running install_egg_info
[1.485s] Copying ../../build/my_twopy_pkg/my_twopy_pkg.egg-info to /home/extra/ros2_ws/install/my_twopy_pkg/lib/python3.10/site-packages/my_twopy_pkg-0.0.0-py3.10.egg-info
[1.486s] running install_scripts
[1.511s] writing list of installed files to '/home/extra/ros2_ws/build/my_twopy_pkg/install.log'
[1.550s] Invoked command in '/home/extra/ros2_ws/src/my_twopy_pkg' returned '0': PYTHONPATH=/home/extra/ros2_ws/build/my_twopy_pkg/prefix_override:/usr/lib/python3/dist-packages/colcon_core/task/python/colcon_distutils_commands:/home/extra/ros2_ws/install/my_twopy_pkg/lib/python3.10/site-packages:${PYTHONPATH} /usr/bin/python3 -W ignore:setup.py install is deprecated setup.py egg_info --egg-base ../../build/my_twopy_pkg build --build-base /home/extra/ros2_ws/build/my_twopy_pkg/build install --record /home/extra/ros2_ws/build/my_twopy_pkg/install.log --single-version-externally-managed install_data
