[0.015s] Invoking command in '/home/extra/ros2_ws/build/my_cpp_pkg': CMAKE_PREFIX_PATH=${CMAKE_PREFIX_PATH}:/home/extra/ros2_ws/install/my_py_pkg:/opt/ros/humble /usr/bin/cmake --build /home/extra/ros2_ws/build/my_cpp_pkg -- -j4 -l4
[0.062s] [35m[1mConsolidate compiler generated dependencies of target cpp_node[0m
[0.086s] [ 50%] [32mBuilding CXX object CMakeFiles/cpp_node.dir/src/my_first_node.cpp.o[0m
[3.631s] [100%] [32m[1mLinking CXX executable cpp_node[0m
[3.775s] [100%] Built target cpp_node
[3.791s] Invoked command in '/home/extra/ros2_ws/build/my_cpp_pkg' returned '0': CMAKE_PREFIX_PATH=${CMAKE_PREFIX_PATH}:/home/extra/ros2_ws/install/my_py_pkg:/opt/ros/humble /usr/bin/cmake --build /home/extra/ros2_ws/build/my_cpp_pkg -- -j4 -l4
[3.836s] Invoking command in '/home/extra/ros2_ws/build/my_cpp_pkg': CMAKE_PREFIX_PATH=${CMAKE_PREFIX_PATH}:/home/extra/ros2_ws/install/my_py_pkg:/opt/ros/humble /usr/bin/cmake --install /home/extra/ros2_ws/build/my_cpp_pkg
[3.845s] -- Install configuration: ""
[3.847s] -- Installing: /home/extra/ros2_ws/install/my_cpp_pkg/lib/my_cpp_pkg/cpp_node
[3.847s] -- Set runtime path of "/home/extra/ros2_ws/install/my_cpp_pkg/lib/my_cpp_pkg/cpp_node" to ""
[3.847s] -- Up-to-date: /home/extra/ros2_ws/install/my_cpp_pkg/share/ament_index/resource_index/package_run_dependencies/my_cpp_pkg
[3.848s] -- Up-to-date: /home/extra/ros2_ws/install/my_cpp_pkg/share/ament_index/resource_index/parent_prefix_path/my_cpp_pkg
[3.848s] -- Up-to-date: /home/extra/ros2_ws/install/my_cpp_pkg/share/my_cpp_pkg/environment/ament_prefix_path.sh
[3.848s] -- Up-to-date: /home/extra/ros2_ws/install/my_cpp_pkg/share/my_cpp_pkg/environment/ament_prefix_path.dsv
[3.848s] -- Up-to-date: /home/extra/ros2_ws/install/my_cpp_pkg/share/my_cpp_pkg/environment/path.sh
[3.848s] -- Up-to-date: /home/extra/ros2_ws/install/my_cpp_pkg/share/my_cpp_pkg/environment/path.dsv
[3.848s] -- Up-to-date: /home/extra/ros2_ws/install/my_cpp_pkg/share/my_cpp_pkg/local_setup.bash
[3.849s] -- Up-to-date: /home/extra/ros2_ws/install/my_cpp_pkg/share/my_cpp_pkg/local_setup.sh
[3.849s] -- Up-to-date: /home/extra/ros2_ws/install/my_cpp_pkg/share/my_cpp_pkg/local_setup.zsh
[3.849s] -- Up-to-date: /home/extra/ros2_ws/install/my_cpp_pkg/share/my_cpp_pkg/local_setup.dsv
[3.849s] -- Installing: /home/extra/ros2_ws/install/my_cpp_pkg/share/my_cpp_pkg/package.dsv
[3.849s] -- Up-to-date: /home/extra/ros2_ws/install/my_cpp_pkg/share/ament_index/resource_index/packages/my_cpp_pkg
[3.850s] -- Up-to-date: /home/extra/ros2_ws/install/my_cpp_pkg/share/my_cpp_pkg/cmake/my_cpp_pkgConfig.cmake
[3.850s] -- Up-to-date: /home/extra/ros2_ws/install/my_cpp_pkg/share/my_cpp_pkg/cmake/my_cpp_pkgConfig-version.cmake
[3.851s] -- Up-to-date: /home/extra/ros2_ws/install/my_cpp_pkg/share/my_cpp_pkg/package.xml
[3.852s] Invoked command in '/home/extra/ros2_ws/build/my_cpp_pkg' returned '0': CMAKE_PREFIX_PATH=${CMAKE_PREFIX_PATH}:/home/extra/ros2_ws/install/my_py_pkg:/opt/ros/humble /usr/bin/cmake --install /home/extra/ros2_ws/build/my_cpp_pkg
