[1.225s] Invoking command in '/home/extra/ros2_ws/build/my_py_pkg': PYTHONPATH=/home/extra/ros2_ws/build/my_py_pkg/prefix_override:/usr/lib/python3/dist-packages/colcon_core/task/python/colcon_distutils_commands:/home/extra/ros2_ws/install/my_py_pkg/lib/python3.10/site-packages:${PYTHONPATH} /usr/bin/python3 -W ignore:setup.py install is deprecated setup.py develop --uninstall --editable --build-directory /home/extra/ros2_ws/build/my_py_pkg/build
[1.660s] running develop
[1.661s] /usr/lib/python3/dist-packages/setuptools/command/easy_install.py:158: EasyInstallDeprecationWarning: easy_install command is deprecated. Use build and pip and other standards-based tools.
[1.661s]   warnings.warn(
[1.987s] Removing /home/extra/ros2_ws/install/my_py_pkg/lib/python3.10/site-packages/my-py-pkg.egg-link (link to .)
[2.052s] Invoked command in '/home/extra/ros2_ws/build/my_py_pkg' returned '0': PYTHONPATH=/home/extra/ros2_ws/build/my_py_pkg/prefix_override:/usr/lib/python3/dist-packages/colcon_core/task/python/colcon_distutils_commands:/home/extra/ros2_ws/install/my_py_pkg/lib/python3.10/site-packages:${PYTHONPATH} /usr/bin/python3 -W ignore:setup.py install is deprecated setup.py develop --uninstall --editable --build-directory /home/extra/ros2_ws/build/my_py_pkg/build
[2.052s] Invoking command in '/home/extra/ros2_ws/src/my_py_pkg': PYTHONPATH=/home/extra/ros2_ws/build/my_py_pkg/prefix_override:/usr/lib/python3/dist-packages/colcon_core/task/python/colcon_distutils_commands:/home/extra/ros2_ws/install/my_py_pkg/lib/python3.10/site-packages:${PYTHONPATH} /usr/bin/python3 -W ignore:setup.py install is deprecated setup.py egg_info --egg-base ../../build/my_py_pkg build --build-base /home/extra/ros2_ws/build/my_py_pkg/build install --record /home/extra/ros2_ws/build/my_py_pkg/install.log --single-version-externally-managed install_data --force
[2.380s] running egg_info
[2.382s] writing ../../build/my_py_pkg/my_py_pkg.egg-info/PKG-INFO
[2.382s] writing dependency_links to ../../build/my_py_pkg/my_py_pkg.egg-info/dependency_links.txt
[2.383s] writing entry points to ../../build/my_py_pkg/my_py_pkg.egg-info/entry_points.txt
[2.383s] writing requirements to ../../build/my_py_pkg/my_py_pkg.egg-info/requires.txt
[2.383s] writing top-level names to ../../build/my_py_pkg/my_py_pkg.egg-info/top_level.txt
[2.386s] reading manifest file '../../build/my_py_pkg/my_py_pkg.egg-info/SOURCES.txt'
[2.387s] writing manifest file '../../build/my_py_pkg/my_py_pkg.egg-info/SOURCES.txt'
[2.388s] running build
[2.388s] running build_py
[2.388s] copying my_py_pkg/smartphone.py -> /home/extra/ros2_ws/build/my_py_pkg/build/lib/my_py_pkg
[2.388s] copying my_py_pkg/my_first_node.py -> /home/extra/ros2_ws/build/my_py_pkg/build/lib/my_py_pkg
[2.388s] copying my_py_pkg/number_publisher.py -> /home/extra/ros2_ws/build/my_py_pkg/build/lib/my_py_pkg
[2.389s] copying my_py_pkg/robot_news_station.py -> /home/extra/ros2_ws/build/my_py_pkg/build/lib/my_py_pkg
[2.389s] running install
[2.390s] running install_lib
[2.391s] creating /home/extra/ros2_ws/install/my_py_pkg/lib/python3.10/site-packages/my_py_pkg
[2.391s] copying /home/extra/ros2_ws/build/my_py_pkg/build/lib/my_py_pkg/smartphone.py -> /home/extra/ros2_ws/install/my_py_pkg/lib/python3.10/site-packages/my_py_pkg
[2.391s] copying /home/extra/ros2_ws/build/my_py_pkg/build/lib/my_py_pkg/__init__.py -> /home/extra/ros2_ws/install/my_py_pkg/lib/python3.10/site-packages/my_py_pkg
[2.392s] copying /home/extra/ros2_ws/build/my_py_pkg/build/lib/my_py_pkg/my_first_node.py -> /home/extra/ros2_ws/install/my_py_pkg/lib/python3.10/site-packages/my_py_pkg
[2.392s] copying /home/extra/ros2_ws/build/my_py_pkg/build/lib/my_py_pkg/number_publisher.py -> /home/extra/ros2_ws/install/my_py_pkg/lib/python3.10/site-packages/my_py_pkg
[2.392s] copying /home/extra/ros2_ws/build/my_py_pkg/build/lib/my_py_pkg/robot_news_station.py -> /home/extra/ros2_ws/install/my_py_pkg/lib/python3.10/site-packages/my_py_pkg
[2.393s] byte-compiling /home/extra/ros2_ws/install/my_py_pkg/lib/python3.10/site-packages/my_py_pkg/smartphone.py to smartphone.cpython-310.pyc
[2.393s] byte-compiling /home/extra/ros2_ws/install/my_py_pkg/lib/python3.10/site-packages/my_py_pkg/__init__.py to __init__.cpython-310.pyc
[2.394s] byte-compiling /home/extra/ros2_ws/install/my_py_pkg/lib/python3.10/site-packages/my_py_pkg/my_first_node.py to my_first_node.cpython-310.pyc
[2.394s] byte-compiling /home/extra/ros2_ws/install/my_py_pkg/lib/python3.10/site-packages/my_py_pkg/number_publisher.py to number_publisher.cpython-310.pyc
[2.395s] byte-compiling /home/extra/ros2_ws/install/my_py_pkg/lib/python3.10/site-packages/my_py_pkg/robot_news_station.py to robot_news_station.cpython-310.pyc
[2.395s] running install_data
[2.396s] copying resource/my_py_pkg -> /home/extra/ros2_ws/install/my_py_pkg/share/ament_index/resource_index/packages
[2.396s] copying package.xml -> /home/extra/ros2_ws/install/my_py_pkg/share/my_py_pkg
[2.396s] running install_egg_info
[2.399s] Copying ../../build/my_py_pkg/my_py_pkg.egg-info to /home/extra/ros2_ws/install/my_py_pkg/lib/python3.10/site-packages/my_py_pkg-0.0.0-py3.10.egg-info
[2.400s] running install_scripts
[2.428s] Installing number_publisher script to /home/extra/ros2_ws/install/my_py_pkg/lib/my_py_pkg
[2.428s] Installing py_node script to /home/extra/ros2_ws/install/my_py_pkg/lib/my_py_pkg
[2.429s] Installing robot_news_station script to /home/extra/ros2_ws/install/my_py_pkg/lib/my_py_pkg
[2.430s] Installing smartphone script to /home/extra/ros2_ws/install/my_py_pkg/lib/my_py_pkg
[2.430s] writing list of installed files to '/home/extra/ros2_ws/build/my_py_pkg/install.log'
[2.467s] Invoked command in '/home/extra/ros2_ws/src/my_py_pkg' returned '0': PYTHONPATH=/home/extra/ros2_ws/build/my_py_pkg/prefix_override:/usr/lib/python3/dist-packages/colcon_core/task/python/colcon_distutils_commands:/home/extra/ros2_ws/install/my_py_pkg/lib/python3.10/site-packages:${PYTHONPATH} /usr/bin/python3 -W ignore:setup.py install is deprecated setup.py egg_info --egg-base ../../build/my_py_pkg build --build-base /home/extra/ros2_ws/build/my_py_pkg/build install --record /home/extra/ros2_ws/build/my_py_pkg/install.log --single-version-externally-managed install_data --force
