[0.775s] Invoking command in '/home/extra/ros2_ws/build/my_py_pkg': PYTHONPATH=/home/extra/ros2_ws/build/my_py_pkg/prefix_override:/usr/lib/python3/dist-packages/colcon_core/task/python/colcon_distutils_commands:/home/extra/ros2_ws/install/my_py_pkg/lib/python3.10/site-packages:${PYTHONPATH} /usr/bin/python3 -W ignore:setup.py install is deprecated setup.py develop --uninstall --editable --build-directory /home/extra/ros2_ws/build/my_py_pkg/build
[1.066s] running develop
[1.069s] /usr/lib/python3/dist-packages/setuptools/command/easy_install.py:158: EasyInstallDeprecationWarning: easy_install command is deprecated. Use build and pip and other standards-based tools.
[1.069s]   warnings.warn(
[1.243s] Removing /home/extra/ros2_ws/install/my_py_pkg/lib/python3.10/site-packages/my-py-pkg.egg-link (link to .)
[1.274s] Invoked command in '/home/extra/ros2_ws/build/my_py_pkg' returned '0': PYTHONPATH=/home/extra/ros2_ws/build/my_py_pkg/prefix_override:/usr/lib/python3/dist-packages/colcon_core/task/python/colcon_distutils_commands:/home/extra/ros2_ws/install/my_py_pkg/lib/python3.10/site-packages:${PYTHONPATH} /usr/bin/python3 -W ignore:setup.py install is deprecated setup.py develop --uninstall --editable --build-directory /home/extra/ros2_ws/build/my_py_pkg/build
[1.276s] Invoking command in '/home/extra/ros2_ws/src/my_py_pkg': PYTHONPATH=/home/extra/ros2_ws/build/my_py_pkg/prefix_override:/usr/lib/python3/dist-packages/colcon_core/task/python/colcon_distutils_commands:/home/extra/ros2_ws/install/my_py_pkg/lib/python3.10/site-packages:${PYTHONPATH} /usr/bin/python3 -W ignore:setup.py install is deprecated setup.py egg_info --egg-base ../../build/my_py_pkg build --build-base /home/extra/ros2_ws/build/my_py_pkg/build install --record /home/extra/ros2_ws/build/my_py_pkg/install.log --single-version-externally-managed install_data --force
[1.556s] running egg_info
[1.556s] writing ../../build/my_py_pkg/my_py_pkg.egg-info/PKG-INFO
[1.557s] writing dependency_links to ../../build/my_py_pkg/my_py_pkg.egg-info/dependency_links.txt
[1.557s] writing entry points to ../../build/my_py_pkg/my_py_pkg.egg-info/entry_points.txt
[1.558s] writing requirements to ../../build/my_py_pkg/my_py_pkg.egg-info/requires.txt
[1.558s] writing top-level names to ../../build/my_py_pkg/my_py_pkg.egg-info/top_level.txt
[1.560s] reading manifest file '../../build/my_py_pkg/my_py_pkg.egg-info/SOURCES.txt'
[1.563s] writing manifest file '../../build/my_py_pkg/my_py_pkg.egg-info/SOURCES.txt'
[1.563s] running build
[1.563s] running build_py
[1.563s] copying my_py_pkg/add_two_ints_client_oop.py -> /home/extra/ros2_ws/build/my_py_pkg/build/lib/my_py_pkg
[1.564s] copying my_py_pkg/number_counter.py -> /home/extra/ros2_ws/build/my_py_pkg/build/lib/my_py_pkg
[1.564s] copying my_py_pkg/add_two_ints_server.py -> /home/extra/ros2_ws/build/my_py_pkg/build/lib/my_py_pkg
[1.564s] copying my_py_pkg/hw_status_publisher.py -> /home/extra/ros2_ws/build/my_py_pkg/build/lib/my_py_pkg
[1.564s] copying my_py_pkg/temp.py -> /home/extra/ros2_ws/build/my_py_pkg/build/lib/my_py_pkg
[1.565s] running install
[1.565s] running install_lib
[1.566s] creating /home/extra/ros2_ws/install/my_py_pkg/lib/python3.10/site-packages/my_py_pkg
[1.567s] copying /home/extra/ros2_ws/build/my_py_pkg/build/lib/my_py_pkg/add_two_ints_client_oop.py -> /home/extra/ros2_ws/install/my_py_pkg/lib/python3.10/site-packages/my_py_pkg
[1.567s] copying /home/extra/ros2_ws/build/my_py_pkg/build/lib/my_py_pkg/smartphone.py -> /home/extra/ros2_ws/install/my_py_pkg/lib/python3.10/site-packages/my_py_pkg
[1.567s] copying /home/extra/ros2_ws/build/my_py_pkg/build/lib/my_py_pkg/__init__.py -> /home/extra/ros2_ws/install/my_py_pkg/lib/python3.10/site-packages/my_py_pkg
[1.567s] copying /home/extra/ros2_ws/build/my_py_pkg/build/lib/my_py_pkg/number_counter.py -> /home/extra/ros2_ws/install/my_py_pkg/lib/python3.10/site-packages/my_py_pkg
[1.567s] copying /home/extra/ros2_ws/build/my_py_pkg/build/lib/my_py_pkg/my_first_node.py -> /home/extra/ros2_ws/install/my_py_pkg/lib/python3.10/site-packages/my_py_pkg
[1.567s] copying /home/extra/ros2_ws/build/my_py_pkg/build/lib/my_py_pkg/add_two_ints_server.py -> /home/extra/ros2_ws/install/my_py_pkg/lib/python3.10/site-packages/my_py_pkg
[1.568s] copying /home/extra/ros2_ws/build/my_py_pkg/build/lib/my_py_pkg/number_publisher.py -> /home/extra/ros2_ws/install/my_py_pkg/lib/python3.10/site-packages/my_py_pkg
[1.568s] copying /home/extra/ros2_ws/build/my_py_pkg/build/lib/my_py_pkg/hw_status_publisher.py -> /home/extra/ros2_ws/install/my_py_pkg/lib/python3.10/site-packages/my_py_pkg
[1.568s] copying /home/extra/ros2_ws/build/my_py_pkg/build/lib/my_py_pkg/robot_news_station.py -> /home/extra/ros2_ws/install/my_py_pkg/lib/python3.10/site-packages/my_py_pkg
[1.568s] copying /home/extra/ros2_ws/build/my_py_pkg/build/lib/my_py_pkg/temp.py -> /home/extra/ros2_ws/install/my_py_pkg/lib/python3.10/site-packages/my_py_pkg
[1.569s] byte-compiling /home/extra/ros2_ws/install/my_py_pkg/lib/python3.10/site-packages/my_py_pkg/add_two_ints_client_oop.py to add_two_ints_client_oop.cpython-310.pyc
[1.570s] byte-compiling /home/extra/ros2_ws/install/my_py_pkg/lib/python3.10/site-packages/my_py_pkg/smartphone.py to smartphone.cpython-310.pyc
[1.570s] byte-compiling /home/extra/ros2_ws/install/my_py_pkg/lib/python3.10/site-packages/my_py_pkg/__init__.py to __init__.cpython-310.pyc
[1.570s] byte-compiling /home/extra/ros2_ws/install/my_py_pkg/lib/python3.10/site-packages/my_py_pkg/number_counter.py to number_counter.cpython-310.pyc
[1.571s] byte-compiling /home/extra/ros2_ws/install/my_py_pkg/lib/python3.10/site-packages/my_py_pkg/my_first_node.py to my_first_node.cpython-310.pyc
[1.571s] byte-compiling /home/extra/ros2_ws/install/my_py_pkg/lib/python3.10/site-packages/my_py_pkg/add_two_ints_server.py to add_two_ints_server.cpython-310.pyc
[1.572s] byte-compiling /home/extra/ros2_ws/install/my_py_pkg/lib/python3.10/site-packages/my_py_pkg/number_publisher.py to number_publisher.cpython-310.pyc
[1.572s] byte-compiling /home/extra/ros2_ws/install/my_py_pkg/lib/python3.10/site-packages/my_py_pkg/hw_status_publisher.py to hw_status_publisher.cpython-310.pyc
[1.573s] byte-compiling /home/extra/ros2_ws/install/my_py_pkg/lib/python3.10/site-packages/my_py_pkg/robot_news_station.py to robot_news_station.cpython-310.pyc
[1.573s] byte-compiling /home/extra/ros2_ws/install/my_py_pkg/lib/python3.10/site-packages/my_py_pkg/temp.py to temp.cpython-310.pyc
[1.574s] running install_data
[1.574s] copying resource/my_py_pkg -> /home/extra/ros2_ws/install/my_py_pkg/share/ament_index/resource_index/packages
[1.574s] copying package.xml -> /home/extra/ros2_ws/install/my_py_pkg/share/my_py_pkg
[1.574s] running install_egg_info
[1.577s] Copying ../../build/my_py_pkg/my_py_pkg.egg-info to /home/extra/ros2_ws/install/my_py_pkg/lib/python3.10/site-packages/my_py_pkg-0.0.0-py3.10.egg-info
[1.578s] running install_scripts
[1.601s] Installing add_two_ints_client_oop script to /home/extra/ros2_ws/install/my_py_pkg/lib/my_py_pkg
[1.602s] Installing add_two_ints_server script to /home/extra/ros2_ws/install/my_py_pkg/lib/my_py_pkg
[1.602s] Installing hw_status_publisher script to /home/extra/ros2_ws/install/my_py_pkg/lib/my_py_pkg
[1.602s] Installing number_counter script to /home/extra/ros2_ws/install/my_py_pkg/lib/my_py_pkg
[1.602s] Installing number_publisher script to /home/extra/ros2_ws/install/my_py_pkg/lib/my_py_pkg
[1.602s] Installing py_node script to /home/extra/ros2_ws/install/my_py_pkg/lib/my_py_pkg
[1.603s] Installing robot_news_station script to /home/extra/ros2_ws/install/my_py_pkg/lib/my_py_pkg
[1.603s] Installing smartphone script to /home/extra/ros2_ws/install/my_py_pkg/lib/my_py_pkg
[1.604s] writing list of installed files to '/home/extra/ros2_ws/build/my_py_pkg/install.log'
[1.632s] Invoked command in '/home/extra/ros2_ws/src/my_py_pkg' returned '0': PYTHONPATH=/home/extra/ros2_ws/build/my_py_pkg/prefix_override:/usr/lib/python3/dist-packages/colcon_core/task/python/colcon_distutils_commands:/home/extra/ros2_ws/install/my_py_pkg/lib/python3.10/site-packages:${PYTHONPATH} /usr/bin/python3 -W ignore:setup.py install is deprecated setup.py egg_info --egg-base ../../build/my_py_pkg build --build-base /home/extra/ros2_ws/build/my_py_pkg/build install --record /home/extra/ros2_ws/build/my_py_pkg/install.log --single-version-externally-managed install_data --force
