[0.712s] Invoking command in '/home/extra/ros2_ws/src/my_py_pkg': PYTHONPATH=/home/extra/ros2_ws/build/my_py_pkg/prefix_override:/usr/lib/python3/dist-packages/colcon_core/task/python/colcon_distutils_commands:/home/extra/ros2_ws/install/my_py_pkg/lib/python3.10/site-packages:${PYTHONPATH} /usr/bin/python3 -W ignore:setup.py install is deprecated setup.py egg_info --egg-base ../../build/my_py_pkg build --build-base /home/extra/ros2_ws/build/my_py_pkg/build install --record /home/extra/ros2_ws/build/my_py_pkg/install.log --single-version-externally-managed install_data
[0.983s] running egg_info
[0.984s] creating ../../build/my_py_pkg/my_py_pkg.egg-info
[0.984s] writing ../../build/my_py_pkg/my_py_pkg.egg-info/PKG-INFO
[0.985s] writing dependency_links to ../../build/my_py_pkg/my_py_pkg.egg-info/dependency_links.txt
[0.985s] writing entry points to ../../build/my_py_pkg/my_py_pkg.egg-info/entry_points.txt
[0.985s] writing requirements to ../../build/my_py_pkg/my_py_pkg.egg-info/requires.txt
[0.985s] writing top-level names to ../../build/my_py_pkg/my_py_pkg.egg-info/top_level.txt
[0.985s] writing manifest file '../../build/my_py_pkg/my_py_pkg.egg-info/SOURCES.txt'
[0.988s] reading manifest file '../../build/my_py_pkg/my_py_pkg.egg-info/SOURCES.txt'
[0.988s] writing manifest file '../../build/my_py_pkg/my_py_pkg.egg-info/SOURCES.txt'
[0.989s] running build
[0.989s] running build_py
[0.989s] creating /home/extra/ros2_ws/build/my_py_pkg/build
[0.989s] creating /home/extra/ros2_ws/build/my_py_pkg/build/lib
[0.989s] creating /home/extra/ros2_ws/build/my_py_pkg/build/lib/my_py_pkg
[0.989s] copying my_py_pkg/__init__.py -> /home/extra/ros2_ws/build/my_py_pkg/build/lib/my_py_pkg
[0.989s] running install
[0.990s] running install_lib
[0.991s] creating /home/extra/ros2_ws/install/my_py_pkg/lib/python3.10/site-packages/my_py_pkg
[0.991s] copying /home/extra/ros2_ws/build/my_py_pkg/build/lib/my_py_pkg/__init__.py -> /home/extra/ros2_ws/install/my_py_pkg/lib/python3.10/site-packages/my_py_pkg
[0.991s] byte-compiling /home/extra/ros2_ws/install/my_py_pkg/lib/python3.10/site-packages/my_py_pkg/__init__.py to __init__.cpython-310.pyc
[0.992s] running install_data
[0.992s] creating /home/extra/ros2_ws/install/my_py_pkg/share/ament_index
[0.992s] creating /home/extra/ros2_ws/install/my_py_pkg/share/ament_index/resource_index
[0.992s] creating /home/extra/ros2_ws/install/my_py_pkg/share/ament_index/resource_index/packages
[0.992s] copying resource/my_py_pkg -> /home/extra/ros2_ws/install/my_py_pkg/share/ament_index/resource_index/packages
[0.992s] copying package.xml -> /home/extra/ros2_ws/install/my_py_pkg/share/my_py_pkg
[0.993s] running install_egg_info
[0.995s] Copying ../../build/my_py_pkg/my_py_pkg.egg-info to /home/extra/ros2_ws/install/my_py_pkg/lib/python3.10/site-packages/my_py_pkg-0.0.0-py3.10.egg-info
[0.996s] running install_scripts
[1.020s] writing list of installed files to '/home/extra/ros2_ws/build/my_py_pkg/install.log'
[1.050s] Invoked command in '/home/extra/ros2_ws/src/my_py_pkg' returned '0': PYTHONPATH=/home/extra/ros2_ws/build/my_py_pkg/prefix_override:/usr/lib/python3/dist-packages/colcon_core/task/python/colcon_distutils_commands:/home/extra/ros2_ws/install/my_py_pkg/lib/python3.10/site-packages:${PYTHONPATH} /usr/bin/python3 -W ignore:setup.py install is deprecated setup.py egg_info --egg-base ../../build/my_py_pkg build --build-base /home/extra/ros2_ws/build/my_py_pkg/build install --record /home/extra/ros2_ws/build/my_py_pkg/install.log --single-version-externally-managed install_data
