[0.687s] Invoking command in '/home/extra/ros2_ws/build/my_py_pkg': PYTHONPATH=/home/extra/ros2_ws/build/my_py_pkg/prefix_override:/usr/lib/python3/dist-packages/colcon_core/task/python/colcon_distutils_commands:/home/extra/ros2_ws/install/my_py_pkg/lib/python3.10/site-packages:${PYTHONPATH} /usr/bin/python3 -W ignore:setup.py install is deprecated setup.py develop --editable --build-directory /home/extra/ros2_ws/build/my_py_pkg/build --no-deps symlink_data
[0.984s] running develop
[0.985s] /usr/lib/python3/dist-packages/setuptools/command/easy_install.py:158: EasyInstallDeprecationWarning: easy_install command is deprecated. Use build and pip and other standards-based tools.
[0.985s]   warnings.warn(
[1.161s] running egg_info
[1.161s] writing my_py_pkg.egg-info/PKG-INFO
[1.162s] writing dependency_links to my_py_pkg.egg-info/dependency_links.txt
[1.162s] writing entry points to my_py_pkg.egg-info/entry_points.txt
[1.162s] writing requirements to my_py_pkg.egg-info/requires.txt
[1.162s] writing top-level names to my_py_pkg.egg-info/top_level.txt
[1.165s] reading manifest file 'my_py_pkg.egg-info/SOURCES.txt'
[1.167s] writing manifest file 'my_py_pkg.egg-info/SOURCES.txt'
[1.168s] running build_ext
[1.169s] Creating /home/extra/ros2_ws/install/my_py_pkg/lib/python3.10/site-packages/my-py-pkg.egg-link (link to .)
[1.170s] Installing add_two_ints_client_oop script to /home/extra/ros2_ws/install/my_py_pkg/lib/my_py_pkg
[1.170s] Installing add_two_ints_server script to /home/extra/ros2_ws/install/my_py_pkg/lib/my_py_pkg
[1.170s] Installing number_counter script to /home/extra/ros2_ws/install/my_py_pkg/lib/my_py_pkg
[1.171s] Installing number_publisher script to /home/extra/ros2_ws/install/my_py_pkg/lib/my_py_pkg
[1.171s] Installing py_node script to /home/extra/ros2_ws/install/my_py_pkg/lib/my_py_pkg
[1.171s] Installing robot_news_station script to /home/extra/ros2_ws/install/my_py_pkg/lib/my_py_pkg
[1.171s] Installing smartphone script to /home/extra/ros2_ws/install/my_py_pkg/lib/my_py_pkg
[1.171s] 
[1.172s] Installed /home/extra/ros2_ws/build/my_py_pkg
[1.172s] running symlink_data
[1.205s] Invoked command in '/home/extra/ros2_ws/build/my_py_pkg' returned '0': PYTHONPATH=/home/extra/ros2_ws/build/my_py_pkg/prefix_override:/usr/lib/python3/dist-packages/colcon_core/task/python/colcon_distutils_commands:/home/extra/ros2_ws/install/my_py_pkg/lib/python3.10/site-packages:${PYTHONPATH} /usr/bin/python3 -W ignore:setup.py install is deprecated setup.py develop --editable --build-directory /home/extra/ros2_ws/build/my_py_pkg/build --no-deps symlink_data
