[0.029s] Invoking command in '/home/extra/ros2_ws/build/my_cpp_pkg': CMAKE_PREFIX_PATH=${CMAKE_PREFIX_PATH}:/home/extra/ros2_ws/install/my_py_pkg:/opt/ros/humble /usr/bin/cmake --build /home/extra/ros2_ws/build/my_cpp_pkg -- -j4 -l4
[0.367s] [ 50%] [32m[1mLinking CXX executable cpp_node[0m
[0.367s] [100%] Built target cpp_node
[0.368s] Invoked command in '/home/extra/ros2_ws/build/my_cpp_pkg' returned '0': CMAKE_PREFIX_PATH=${CMAKE_PREFIX_PATH}:/home/extra/ros2_ws/install/my_py_pkg:/opt/ros/humble /usr/bin/cmake --build /home/extra/ros2_ws/build/my_cpp_pkg -- -j4 -l4
[0.680s] Invoking command in '/home/extra/ros2_ws/build/my_cpp_pkg': CMAKE_PREFIX_PATH=${CMAKE_PREFIX_PATH}:/home/extra/ros2_ws/install/my_py_pkg:/opt/ros/humble /usr/bin/cmake --install /home/extra/ros2_ws/build/my_cpp_pkg
[0.698s] -- Install configuration: ""
[0.700s] -- Installing: /home/extra/ros2_ws/install/my_cpp_pkg/lib/my_cpp_pkg/cpp_node
[0.700s] -- Set runtime path of "/home/extra/ros2_ws/install/my_cpp_pkg/lib/my_cpp_pkg/cpp_node" to ""
[0.701s] -- Up-to-date: /home/extra/ros2_ws/install/my_cpp_pkg/share/ament_index/resource_index/package_run_dependencies/my_cpp_pkg
[0.702s] -- Up-to-date: /home/extra/ros2_ws/install/my_cpp_pkg/share/ament_index/resource_index/parent_prefix_path/my_cpp_pkg
[0.702s] -- Up-to-date: /home/extra/ros2_ws/install/my_cpp_pkg/share/my_cpp_pkg/environment/ament_prefix_path.sh
[0.702s] -- Up-to-date: /home/extra/ros2_ws/install/my_cpp_pkg/share/my_cpp_pkg/environment/ament_prefix_path.dsv
[0.702s] -- Up-to-date: /home/extra/ros2_ws/install/my_cpp_pkg/share/my_cpp_pkg/environment/path.sh
[0.702s] -- Up-to-date: /home/extra/ros2_ws/install/my_cpp_pkg/share/my_cpp_pkg/environment/path.dsv
[0.702s] -- Up-to-date: /home/extra/ros2_ws/install/my_cpp_pkg/share/my_cpp_pkg/local_setup.bash
[0.702s] -- Up-to-date: /home/extra/ros2_ws/install/my_cpp_pkg/share/my_cpp_pkg/local_setup.sh
[0.703s] -- Up-to-date: /home/extra/ros2_ws/install/my_cpp_pkg/share/my_cpp_pkg/local_setup.zsh
[0.703s] -- Up-to-date: /home/extra/ros2_ws/install/my_cpp_pkg/share/my_cpp_pkg/local_setup.dsv
[0.703s] -- Installing: /home/extra/ros2_ws/install/my_cpp_pkg/share/my_cpp_pkg/package.dsv
[0.703s] -- Up-to-date: /home/extra/ros2_ws/install/my_cpp_pkg/share/ament_index/resource_index/packages/my_cpp_pkg
[0.703s] -- Up-to-date: /home/extra/ros2_ws/install/my_cpp_pkg/share/my_cpp_pkg/cmake/my_cpp_pkgConfig.cmake
[0.703s] -- Up-to-date: /home/extra/ros2_ws/install/my_cpp_pkg/share/my_cpp_pkg/cmake/my_cpp_pkgConfig-version.cmake
[0.703s] -- Up-to-date: /home/extra/ros2_ws/install/my_cpp_pkg/share/my_cpp_pkg/package.xml
[0.704s] Invoked command in '/home/extra/ros2_ws/build/my_cpp_pkg' returned '0': CMAKE_PREFIX_PATH=${CMAKE_PREFIX_PATH}:/home/extra/ros2_ws/install/my_py_pkg:/opt/ros/humble /usr/bin/cmake --install /home/extra/ros2_ws/build/my_cpp_pkg
