[0.010s] Invoking command in '/home/anan/ros2_ws/build/my_robot_bringup': AMENT_PREFIX_PATH=/home/anan/ros2_ws/install/my_py_pkg:/home/anan/ros2_ws/install/my_twopy_pkg:/home/anan/ros2_ws/install/my_robot_interfaces:/home/anan/ros2_ws/install/my_cpp_pkg:/opt/ros/humble CMAKE_PREFIX_PATH=${CMAKE_PREFIX_PATH}:/home/anan/ros2_ws/install/my_twopy_pkg:/home/anan/ros2_ws/install/my_py_pkg:/opt/ros/humble PYTHONPATH=/home/anan/ros2_ws/install/my_py_pkg/lib/python3.10/site-packages:/home/anan/ros2_ws/install/my_twopy_pkg/lib/python3.10/site-packages:/home/anan/ros2_ws/install/my_robot_interfaces/local/lib/python3.10/dist-packages:/opt/ros/humble/lib/python3.10/site-packages:/opt/ros/humble/local/lib/python3.10/dist-packages /usr/bin/cmake /home/anan/ros2_ws/src/my_robot_bringup -DCMAKE_INSTALL_PREFIX=/home/anan/ros2_ws/install/my_robot_bringup
[0.089s] -- The C compiler identification is GNU 11.4.0
[0.166s] -- The CXX compiler identification is GNU 11.4.0
[0.175s] -- Detecting C compiler ABI info
[0.237s] -- Detecting C compiler ABI info - done
[0.242s] -- Check for working C compiler: /usr/bin/cc - skipped
[0.243s] -- Detecting C compile features
[0.243s] -- Detecting C compile features - done
[0.246s] -- Detecting CXX compiler ABI info
[0.313s] -- Detecting CXX compiler ABI info - done
[0.318s] -- Check for working CXX compiler: /usr/bin/c++ - skipped
[0.318s] -- Detecting CXX compile features
[0.318s] -- Detecting CXX compile features - done
[0.321s] -- Found ament_cmake: 1.3.10 (/opt/ros/humble/share/ament_cmake/cmake)
[0.436s] -- Found Python3: /usr/bin/python3 (found version "3.10.12") found components: Interpreter 
[0.578s] -- Configuring done
[0.581s] -- Generating done
[0.582s] -- Build files have been written to: /home/anan/ros2_ws/build/my_robot_bringup
[0.587s] Invoked command in '/home/anan/ros2_ws/build/my_robot_bringup' returned '0': AMENT_PREFIX_PATH=/home/anan/ros2_ws/install/my_py_pkg:/home/anan/ros2_ws/install/my_twopy_pkg:/home/anan/ros2_ws/install/my_robot_interfaces:/home/anan/ros2_ws/install/my_cpp_pkg:/opt/ros/humble CMAKE_PREFIX_PATH=${CMAKE_PREFIX_PATH}:/home/anan/ros2_ws/install/my_twopy_pkg:/home/anan/ros2_ws/install/my_py_pkg:/opt/ros/humble PYTHONPATH=/home/anan/ros2_ws/install/my_py_pkg/lib/python3.10/site-packages:/home/anan/ros2_ws/install/my_twopy_pkg/lib/python3.10/site-packages:/home/anan/ros2_ws/install/my_robot_interfaces/local/lib/python3.10/dist-packages:/opt/ros/humble/lib/python3.10/site-packages:/opt/ros/humble/local/lib/python3.10/dist-packages /usr/bin/cmake /home/anan/ros2_ws/src/my_robot_bringup -DCMAKE_INSTALL_PREFIX=/home/anan/ros2_ws/install/my_robot_bringup
[0.588s] Invoking command in '/home/anan/ros2_ws/build/my_robot_bringup': AMENT_PREFIX_PATH=/home/anan/ros2_ws/install/my_py_pkg:/home/anan/ros2_ws/install/my_twopy_pkg:/home/anan/ros2_ws/install/my_robot_interfaces:/home/anan/ros2_ws/install/my_cpp_pkg:/opt/ros/humble CMAKE_PREFIX_PATH=${CMAKE_PREFIX_PATH}:/home/anan/ros2_ws/install/my_twopy_pkg:/home/anan/ros2_ws/install/my_py_pkg:/opt/ros/humble PYTHONPATH=/home/anan/ros2_ws/install/my_py_pkg/lib/python3.10/site-packages:/home/anan/ros2_ws/install/my_twopy_pkg/lib/python3.10/site-packages:/home/anan/ros2_ws/install/my_robot_interfaces/local/lib/python3.10/dist-packages:/opt/ros/humble/lib/python3.10/site-packages:/opt/ros/humble/local/lib/python3.10/dist-packages /usr/bin/cmake --build /home/anan/ros2_ws/build/my_robot_bringup -- -j16 -l16
[0.625s] Invoked command in '/home/anan/ros2_ws/build/my_robot_bringup' returned '0': AMENT_PREFIX_PATH=/home/anan/ros2_ws/install/my_py_pkg:/home/anan/ros2_ws/install/my_twopy_pkg:/home/anan/ros2_ws/install/my_robot_interfaces:/home/anan/ros2_ws/install/my_cpp_pkg:/opt/ros/humble CMAKE_PREFIX_PATH=${CMAKE_PREFIX_PATH}:/home/anan/ros2_ws/install/my_twopy_pkg:/home/anan/ros2_ws/install/my_py_pkg:/opt/ros/humble PYTHONPATH=/home/anan/ros2_ws/install/my_py_pkg/lib/python3.10/site-packages:/home/anan/ros2_ws/install/my_twopy_pkg/lib/python3.10/site-packages:/home/anan/ros2_ws/install/my_robot_interfaces/local/lib/python3.10/dist-packages:/opt/ros/humble/lib/python3.10/site-packages:/opt/ros/humble/local/lib/python3.10/dist-packages /usr/bin/cmake --build /home/anan/ros2_ws/build/my_robot_bringup -- -j16 -l16
[0.647s] Invoking command in '/home/anan/ros2_ws/build/my_robot_bringup': AMENT_PREFIX_PATH=/home/anan/ros2_ws/install/my_py_pkg:/home/anan/ros2_ws/install/my_twopy_pkg:/home/anan/ros2_ws/install/my_robot_interfaces:/home/anan/ros2_ws/install/my_cpp_pkg:/opt/ros/humble CMAKE_PREFIX_PATH=${CMAKE_PREFIX_PATH}:/home/anan/ros2_ws/install/my_twopy_pkg:/home/anan/ros2_ws/install/my_py_pkg:/opt/ros/humble PYTHONPATH=/home/anan/ros2_ws/install/my_py_pkg/lib/python3.10/site-packages:/home/anan/ros2_ws/install/my_twopy_pkg/lib/python3.10/site-packages:/home/anan/ros2_ws/install/my_robot_interfaces/local/lib/python3.10/dist-packages:/opt/ros/humble/lib/python3.10/site-packages:/opt/ros/humble/local/lib/python3.10/dist-packages /usr/bin/cmake --install /home/anan/ros2_ws/build/my_robot_bringup
[0.653s] -- Install configuration: ""
[0.654s] -- Installing: /home/anan/ros2_ws/install/my_robot_bringup/share/my_robot_bringup/launch
[0.654s] -- Installing: /home/anan/ros2_ws/install/my_robot_bringup/share/my_robot_bringup/launch/number_app.launch.py
[0.654s] -- Installing: /home/anan/ros2_ws/install/my_robot_bringup/share/ament_index/resource_index/package_run_dependencies/my_robot_bringup
[0.654s] -- Installing: /home/anan/ros2_ws/install/my_robot_bringup/share/ament_index/resource_index/parent_prefix_path/my_robot_bringup
[0.654s] -- Installing: /home/anan/ros2_ws/install/my_robot_bringup/share/my_robot_bringup/environment/ament_prefix_path.sh
[0.654s] -- Installing: /home/anan/ros2_ws/install/my_robot_bringup/share/my_robot_bringup/environment/ament_prefix_path.dsv
[0.654s] -- Installing: /home/anan/ros2_ws/install/my_robot_bringup/share/my_robot_bringup/environment/path.sh
[0.654s] -- Installing: /home/anan/ros2_ws/install/my_robot_bringup/share/my_robot_bringup/environment/path.dsv
[0.654s] -- Installing: /home/anan/ros2_ws/install/my_robot_bringup/share/my_robot_bringup/local_setup.bash
[0.655s] -- Installing: /home/anan/ros2_ws/install/my_robot_bringup/share/my_robot_bringup/local_setup.sh
[0.655s] -- Installing: /home/anan/ros2_ws/install/my_robot_bringup/share/my_robot_bringup/local_setup.zsh
[0.655s] -- Installing: /home/anan/ros2_ws/install/my_robot_bringup/share/my_robot_bringup/local_setup.dsv
[0.655s] -- Installing: /home/anan/ros2_ws/install/my_robot_bringup/share/my_robot_bringup/package.dsv
[0.655s] -- Installing: /home/anan/ros2_ws/install/my_robot_bringup/share/ament_index/resource_index/packages/my_robot_bringup
[0.655s] -- Installing: /home/anan/ros2_ws/install/my_robot_bringup/share/my_robot_bringup/cmake/my_robot_bringupConfig.cmake
[0.655s] -- Installing: /home/anan/ros2_ws/install/my_robot_bringup/share/my_robot_bringup/cmake/my_robot_bringupConfig-version.cmake
[0.655s] -- Installing: /home/anan/ros2_ws/install/my_robot_bringup/share/my_robot_bringup/package.xml
[0.658s] Invoked command in '/home/anan/ros2_ws/build/my_robot_bringup' returned '0': AMENT_PREFIX_PATH=/home/anan/ros2_ws/install/my_py_pkg:/home/anan/ros2_ws/install/my_twopy_pkg:/home/anan/ros2_ws/install/my_robot_interfaces:/home/anan/ros2_ws/install/my_cpp_pkg:/opt/ros/humble CMAKE_PREFIX_PATH=${CMAKE_PREFIX_PATH}:/home/anan/ros2_ws/install/my_twopy_pkg:/home/anan/ros2_ws/install/my_py_pkg:/opt/ros/humble PYTHONPATH=/home/anan/ros2_ws/install/my_py_pkg/lib/python3.10/site-packages:/home/anan/ros2_ws/install/my_twopy_pkg/lib/python3.10/site-packages:/home/anan/ros2_ws/install/my_robot_interfaces/local/lib/python3.10/dist-packages:/opt/ros/humble/lib/python3.10/site-packages:/opt/ros/humble/local/lib/python3.10/dist-packages /usr/bin/cmake --install /home/anan/ros2_ws/build/my_robot_bringup
