[1.109s] Invoking command in '/home/extra/ros2_ws/src/my_twopy_pkg': PYTHONPATH=/home/extra/ros2_ws/build/my_twopy_pkg/prefix_override:/usr/lib/python3/dist-packages/colcon_core/task/python/colcon_distutils_commands:/home/extra/ros2_ws/install/my_twopy_pkg/lib/python3.10/site-packages:${PYTHONPATH} /usr/bin/python3 -W ignore:setup.py install is deprecated setup.py egg_info --egg-base ../../build/my_twopy_pkg build --build-base /home/extra/ros2_ws/build/my_twopy_pkg/build install --record /home/extra/ros2_ws/build/my_twopy_pkg/install.log --single-version-externally-managed install_data
[1.513s] running egg_info
[1.516s] writing ../../build/my_twopy_pkg/my_twopy_pkg.egg-info/PKG-INFO
[1.517s] writing dependency_links to ../../build/my_twopy_pkg/my_twopy_pkg.egg-info/dependency_links.txt
[1.517s] writing entry points to ../../build/my_twopy_pkg/my_twopy_pkg.egg-info/entry_points.txt
[1.517s] writing requirements to ../../build/my_twopy_pkg/my_twopy_pkg.egg-info/requires.txt
[1.518s] writing top-level names to ../../build/my_twopy_pkg/my_twopy_pkg.egg-info/top_level.txt
[1.522s] reading manifest file '../../build/my_twopy_pkg/my_twopy_pkg.egg-info/SOURCES.txt'
[1.524s] writing manifest file '../../build/my_twopy_pkg/my_twopy_pkg.egg-info/SOURCES.txt'
[1.524s] running build
[1.524s] running build_py
[1.524s] copying my_twopy_pkg/my_firsttwonode.py -> /home/extra/ros2_ws/build/my_twopy_pkg/build/lib/my_twopy_pkg
[1.525s] running install
[1.525s] running install_lib
[1.526s] copying /home/extra/ros2_ws/build/my_twopy_pkg/build/lib/my_twopy_pkg/my_firsttwonode.py -> /home/extra/ros2_ws/install/my_twopy_pkg/lib/python3.10/site-packages/my_twopy_pkg
[1.527s] byte-compiling /home/extra/ros2_ws/install/my_twopy_pkg/lib/python3.10/site-packages/my_twopy_pkg/my_firsttwonode.py to my_firsttwonode.cpython-310.pyc
[1.529s] running install_data
[1.529s] running install_egg_info
[1.532s] removing '/home/extra/ros2_ws/install/my_twopy_pkg/lib/python3.10/site-packages/my_twopy_pkg-0.0.0-py3.10.egg-info' (and everything under it)
[1.532s] Copying ../../build/my_twopy_pkg/my_twopy_pkg.egg-info to /home/extra/ros2_ws/install/my_twopy_pkg/lib/python3.10/site-packages/my_twopy_pkg-0.0.0-py3.10.egg-info
[1.534s] running install_scripts
[1.563s] Installing twopy_node script to /home/extra/ros2_ws/install/my_twopy_pkg/lib/my_twopy_pkg
[1.563s] writing list of installed files to '/home/extra/ros2_ws/build/my_twopy_pkg/install.log'
[1.605s] Invoked command in '/home/extra/ros2_ws/src/my_twopy_pkg' returned '0': PYTHONPATH=/home/extra/ros2_ws/build/my_twopy_pkg/prefix_override:/usr/lib/python3/dist-packages/colcon_core/task/python/colcon_distutils_commands:/home/extra/ros2_ws/install/my_twopy_pkg/lib/python3.10/site-packages:${PYTHONPATH} /usr/bin/python3 -W ignore:setup.py install is deprecated setup.py egg_info --egg-base ../../build/my_twopy_pkg build --build-base /home/extra/ros2_ws/build/my_twopy_pkg/build install --record /home/extra/ros2_ws/build/my_twopy_pkg/install.log --single-version-externally-managed install_data
