[0.393s] Invoking command in '/home/anan/ros2_ws/src/my_twopy_pkg': PYTHONPATH=/home/anan/ros2_ws/build/my_twopy_pkg/prefix_override:/usr/lib/python3/dist-packages/colcon_core/task/python/colcon_distutils_commands:/home/anan/ros2_ws/install/my_twopy_pkg/lib/python3.10/site-packages:${PYTHONPATH} /usr/bin/python3 -W ignore:setup.py install is deprecated setup.py egg_info --egg-base ../../build/my_twopy_pkg build --build-base /home/anan/ros2_ws/build/my_twopy_pkg/build install --record /home/anan/ros2_ws/build/my_twopy_pkg/install.log --single-version-externally-managed install_data
[0.542s] running egg_info
[0.542s] creating ../../build/my_twopy_pkg/my_twopy_pkg.egg-info
[0.543s] writing ../../build/my_twopy_pkg/my_twopy_pkg.egg-info/PKG-INFO
[0.543s] writing dependency_links to ../../build/my_twopy_pkg/my_twopy_pkg.egg-info/dependency_links.txt
[0.543s] writing entry points to ../../build/my_twopy_pkg/my_twopy_pkg.egg-info/entry_points.txt
[0.543s] writing requirements to ../../build/my_twopy_pkg/my_twopy_pkg.egg-info/requires.txt
[0.543s] writing top-level names to ../../build/my_twopy_pkg/my_twopy_pkg.egg-info/top_level.txt
[0.543s] writing manifest file '../../build/my_twopy_pkg/my_twopy_pkg.egg-info/SOURCES.txt'
[0.544s] reading manifest file '../../build/my_twopy_pkg/my_twopy_pkg.egg-info/SOURCES.txt'
[0.544s] writing manifest file '../../build/my_twopy_pkg/my_twopy_pkg.egg-info/SOURCES.txt'
[0.545s] running build
[0.545s] running build_py
[0.545s] creating /home/anan/ros2_ws/build/my_twopy_pkg/build
[0.545s] creating /home/anan/ros2_ws/build/my_twopy_pkg/build/lib
[0.545s] creating /home/anan/ros2_ws/build/my_twopy_pkg/build/lib/my_twopy_pkg
[0.545s] copying my_twopy_pkg/my_firsttwonode.py -> /home/anan/ros2_ws/build/my_twopy_pkg/build/lib/my_twopy_pkg
[0.545s] copying my_twopy_pkg/__init__.py -> /home/anan/ros2_ws/build/my_twopy_pkg/build/lib/my_twopy_pkg
[0.545s] running install
[0.545s] running install_lib
[0.546s] creating /home/anan/ros2_ws/install/my_twopy_pkg/lib/python3.10/site-packages/my_twopy_pkg
[0.546s] copying /home/anan/ros2_ws/build/my_twopy_pkg/build/lib/my_twopy_pkg/my_firsttwonode.py -> /home/anan/ros2_ws/install/my_twopy_pkg/lib/python3.10/site-packages/my_twopy_pkg
[0.546s] copying /home/anan/ros2_ws/build/my_twopy_pkg/build/lib/my_twopy_pkg/__init__.py -> /home/anan/ros2_ws/install/my_twopy_pkg/lib/python3.10/site-packages/my_twopy_pkg
[0.546s] byte-compiling /home/anan/ros2_ws/install/my_twopy_pkg/lib/python3.10/site-packages/my_twopy_pkg/my_firsttwonode.py to my_firsttwonode.cpython-310.pyc
[0.546s] byte-compiling /home/anan/ros2_ws/install/my_twopy_pkg/lib/python3.10/site-packages/my_twopy_pkg/__init__.py to __init__.cpython-310.pyc
[0.546s] running install_data
[0.546s] creating /home/anan/ros2_ws/install/my_twopy_pkg/share/ament_index
[0.546s] creating /home/anan/ros2_ws/install/my_twopy_pkg/share/ament_index/resource_index
[0.547s] creating /home/anan/ros2_ws/install/my_twopy_pkg/share/ament_index/resource_index/packages
[0.547s] copying resource/my_twopy_pkg -> /home/anan/ros2_ws/install/my_twopy_pkg/share/ament_index/resource_index/packages
[0.547s] copying package.xml -> /home/anan/ros2_ws/install/my_twopy_pkg/share/my_twopy_pkg
[0.547s] running install_egg_info
[0.548s] Copying ../../build/my_twopy_pkg/my_twopy_pkg.egg-info to /home/anan/ros2_ws/install/my_twopy_pkg/lib/python3.10/site-packages/my_twopy_pkg-0.0.0-py3.10.egg-info
[0.548s] running install_scripts
[0.562s] Installing twopy_node script to /home/anan/ros2_ws/install/my_twopy_pkg/lib/my_twopy_pkg
[0.562s] writing list of installed files to '/home/anan/ros2_ws/build/my_twopy_pkg/install.log'
[0.580s] Invoked command in '/home/anan/ros2_ws/src/my_twopy_pkg' returned '0': PYTHONPATH=/home/anan/ros2_ws/build/my_twopy_pkg/prefix_override:/usr/lib/python3/dist-packages/colcon_core/task/python/colcon_distutils_commands:/home/anan/ros2_ws/install/my_twopy_pkg/lib/python3.10/site-packages:${PYTHONPATH} /usr/bin/python3 -W ignore:setup.py install is deprecated setup.py egg_info --egg-base ../../build/my_twopy_pkg build --build-base /home/anan/ros2_ws/build/my_twopy_pkg/build install --record /home/anan/ros2_ws/build/my_twopy_pkg/install.log --single-version-externally-managed install_data
