[0.013s] Invoking command in '/home/extra/ros2_ws/build/my_cpp_pkg': CMAKE_PREFIX_PATH=/opt/ros/humble /usr/bin/cmake /home/extra/ros2_ws/src/my_cpp_pkg -DCMAKE_INSTALL_PREFIX=/home/extra/ros2_ws/install/my_cpp_pkg
[0.165s] -- The C compiler identification is GNU 11.4.0
[0.307s] -- The CXX compiler identification is GNU 11.4.0
[0.322s] -- Detecting C compiler ABI info
[0.414s] -- Detecting C compiler ABI info - done
[0.423s] -- Check for working C compiler: /usr/bin/cc - skipped
[0.423s] -- Detecting C compile features
[0.424s] -- Detecting C compile features - done
[0.429s] -- Detecting CXX compiler ABI info
[0.531s] -- Detecting CXX compiler ABI info - done
[0.540s] -- Check for working CXX compiler: /usr/bin/c++ - skipped
[0.540s] -- Detecting CXX compile features
[0.542s] -- Detecting CXX compile features - done
[0.549s] -- Found ament_cmake: 1.3.9 (/opt/ros/humble/share/ament_cmake/cmake)
[0.733s] -- Found Python3: /usr/bin/python3 (found version "3.10.12") found components: Interpreter 
[0.845s] -- Found rclcpp: 16.0.9 (/opt/ros/humble/share/rclcpp/cmake)
[0.916s] -- Found rosidl_generator_c: 3.1.5 (/opt/ros/humble/share/rosidl_generator_c/cmake)
[0.923s] -- Found rosidl_adapter: 3.1.5 (/opt/ros/humble/share/rosidl_adapter/cmake)
[0.936s] -- Found rosidl_generator_cpp: 3.1.5 (/opt/ros/humble/share/rosidl_generator_cpp/cmake)
[0.958s] -- Using all available rosidl_typesupport_c: rosidl_typesupport_fastrtps_c;rosidl_typesupport_introspection_c
[0.988s] -- Using all available rosidl_typesupport_cpp: rosidl_typesupport_fastrtps_cpp;rosidl_typesupport_introspection_cpp
[1.084s] -- Found rmw_implementation_cmake: 6.1.2 (/opt/ros/humble/share/rmw_implementation_cmake/cmake)
[1.088s] -- Found rmw_fastrtps_cpp: 6.2.6 (/opt/ros/humble/share/rmw_fastrtps_cpp/cmake)
[1.216s] -- Found OpenSSL: /usr/lib/x86_64-linux-gnu/libcrypto.so (found version "3.0.2")  
[1.248s] -- Found FastRTPS: /opt/ros/humble/include  
[1.302s] -- Using RMW implementation 'rmw_fastrtps_cpp' as default
[1.315s] -- Looking for pthread.h
[1.404s] -- Looking for pthread.h - found
[1.405s] -- Performing Test CMAKE_HAVE_LIBC_PTHREAD
[1.490s] -- Performing Test CMAKE_HAVE_LIBC_PTHREAD - Success
[1.492s] -- Found Threads: TRUE  
[1.705s] -- Found ament_lint_auto: 0.12.11 (/opt/ros/humble/share/ament_lint_auto/cmake)
[1.803s] -- Added test 'lint_cmake' to check CMake code style
[1.806s] -- Added test 'xmllint' to check XML markup files
[1.808s] -- Configuring done
[1.815s] -- Generating done
[1.817s] -- Build files have been written to: /home/extra/ros2_ws/build/my_cpp_pkg
[1.830s] Invoked command in '/home/extra/ros2_ws/build/my_cpp_pkg' returned '0': CMAKE_PREFIX_PATH=/opt/ros/humble /usr/bin/cmake /home/extra/ros2_ws/src/my_cpp_pkg -DCMAKE_INSTALL_PREFIX=/home/extra/ros2_ws/install/my_cpp_pkg
[1.833s] Invoking command in '/home/extra/ros2_ws/build/my_cpp_pkg': CMAKE_PREFIX_PATH=/opt/ros/humble /usr/bin/cmake --build /home/extra/ros2_ws/build/my_cpp_pkg -- -j4 -l4
[1.878s] Invoked command in '/home/extra/ros2_ws/build/my_cpp_pkg' returned '0': CMAKE_PREFIX_PATH=/opt/ros/humble /usr/bin/cmake --build /home/extra/ros2_ws/build/my_cpp_pkg -- -j4 -l4
[1.914s] Invoking command in '/home/extra/ros2_ws/build/my_cpp_pkg': CMAKE_PREFIX_PATH=/opt/ros/humble /usr/bin/cmake --install /home/extra/ros2_ws/build/my_cpp_pkg
[1.923s] -- Install configuration: ""
[1.923s] -- Installing: /home/extra/ros2_ws/install/my_cpp_pkg/share/ament_index/resource_index/package_run_dependencies/my_cpp_pkg
[1.923s] -- Installing: /home/extra/ros2_ws/install/my_cpp_pkg/share/ament_index/resource_index/parent_prefix_path/my_cpp_pkg
[1.923s] -- Installing: /home/extra/ros2_ws/install/my_cpp_pkg/share/my_cpp_pkg/environment/ament_prefix_path.sh
[1.924s] -- Installing: /home/extra/ros2_ws/install/my_cpp_pkg/share/my_cpp_pkg/environment/ament_prefix_path.dsv
[1.924s] -- Installing: /home/extra/ros2_ws/install/my_cpp_pkg/share/my_cpp_pkg/environment/path.sh
[1.924s] -- Installing: /home/extra/ros2_ws/install/my_cpp_pkg/share/my_cpp_pkg/environment/path.dsv
[1.924s] -- Installing: /home/extra/ros2_ws/install/my_cpp_pkg/share/my_cpp_pkg/local_setup.bash
[1.924s] -- Installing: /home/extra/ros2_ws/install/my_cpp_pkg/share/my_cpp_pkg/local_setup.sh
[1.924s] -- Installing: /home/extra/ros2_ws/install/my_cpp_pkg/share/my_cpp_pkg/local_setup.zsh
[1.925s] -- Installing: /home/extra/ros2_ws/install/my_cpp_pkg/share/my_cpp_pkg/local_setup.dsv
[1.925s] -- Installing: /home/extra/ros2_ws/install/my_cpp_pkg/share/my_cpp_pkg/package.dsv
[1.925s] -- Installing: /home/extra/ros2_ws/install/my_cpp_pkg/share/ament_index/resource_index/packages/my_cpp_pkg
[1.925s] -- Installing: /home/extra/ros2_ws/install/my_cpp_pkg/share/my_cpp_pkg/cmake/my_cpp_pkgConfig.cmake
[1.926s] -- Installing: /home/extra/ros2_ws/install/my_cpp_pkg/share/my_cpp_pkg/cmake/my_cpp_pkgConfig-version.cmake
[1.926s] -- Installing: /home/extra/ros2_ws/install/my_cpp_pkg/share/my_cpp_pkg/package.xml
[1.928s] Invoked command in '/home/extra/ros2_ws/build/my_cpp_pkg' returned '0': CMAKE_PREFIX_PATH=/opt/ros/humble /usr/bin/cmake --install /home/extra/ros2_ws/build/my_cpp_pkg
