[0.012s] Invoking command in '/home/extra/ros2_ws/build/my_robot_interfaces': /usr/bin/cmake /home/extra/ros2_ws/src/my_robot_interfaces -DCMAKE_INSTALL_PREFIX=/home/extra/ros2_ws/install/my_robot_interfaces
[0.130s] -- The C compiler identification is GNU 11.4.0
[0.232s] -- The CXX compiler identification is GNU 11.4.0
[0.244s] -- Detecting C compiler ABI info
[0.341s] -- Detecting C compiler ABI info - done
[0.353s] -- Check for working C compiler: /usr/bin/cc - skipped
[0.355s] -- Detecting C compile features
[0.356s] -- Detecting C compile features - done
[0.361s] -- Detecting CXX compiler ABI info
[0.457s] -- Detecting CXX compiler ABI info - done
[0.469s] -- Check for working CXX compiler: /usr/bin/c++ - skipped
[0.470s] -- Detecting CXX compile features
[0.470s] -- Detecting CXX compile features - done
[0.476s] -- Found ament_cmake: 1.3.10 (/opt/ros/humble/share/ament_cmake/cmake)
[0.667s] -- Found Python3: /usr/bin/python3 (found version "3.10.12") found components: Interpreter 
[0.785s] -- Found rosidl_default_generators: 1.2.0 (/opt/ros/humble/share/rosidl_default_generators/cmake)
[0.791s] -- Using all available rosidl_typesupport_c: rosidl_typesupport_fastrtps_c;rosidl_typesupport_introspection_c
[0.800s] -- Found rosidl_adapter: 3.1.5 (/opt/ros/humble/share/rosidl_adapter/cmake)
[0.854s] -- Using all available rosidl_typesupport_cpp: rosidl_typesupport_fastrtps_cpp;rosidl_typesupport_introspection_cpp
[1.101s] [31mCMake Error at /opt/ros/humble/share/rosidl_adapter/cmake/rosidl_adapt_interfaces.cmake:59 (message):
[1.101s]   execute_process(/usr/bin/python3 -m rosidl_adapter --package-name
[1.101s]   my_robot_interfaces --arguments-file
[1.101s]   /home/extra/ros2_ws/build/my_robot_interfaces/rosidl_adapter__arguments__my_robot_interfaces.json
[1.102s]   --output-dir
[1.102s]   /home/extra/ros2_ws/build/my_robot_interfaces/rosidl_adapter/my_robot_interfaces
[1.102s]   --output-file
[1.102s]   /home/extra/ros2_ws/build/my_robot_interfaces/rosidl_adapter/my_robot_interfaces.idls)
[1.102s]   returned error code 1:
[1.102s] 
[1.102s]   Error processing 'srting debug_message' of
[1.102s]   'my_robot_interfaces/HardwareStatus': ''srting' is an invalid message name.
[1.103s]   It should have the pattern '^[A-Z][A-Za-z0-9]*$''
[1.103s] 
[1.103s]   Traceback (most recent call last):
[1.103s] 
[1.103s]     File "/usr/lib/python3.10/runpy.py", line 196, in _run_module_as_main
[1.103s]       return _run_code(code, main_globals, None,
[1.103s]     File "/usr/lib/python3.10/runpy.py", line 86, in _run_code
[1.103s]       exec(code, run_globals)
[1.103s]     File "/opt/ros/humble/local/lib/python3.10/dist-packages/rosidl_adapter/__main__.py", line 19, in <module>
[1.104s]       sys.exit(main())
[1.104s]     File "/opt/ros/humble/local/lib/python3.10/dist-packages/rosidl_adapter/main.py", line 53, in main
[1.104s]       abs_idl_file = convert_to_idl(
[1.104s]     File "/opt/ros/humble/local/lib/python3.10/dist-packages/rosidl_adapter/__init__.py", line 19, in convert_to_idl
[1.104s]       return convert_msg_to_idl(
[1.104s]     File "/opt/ros/humble/local/lib/python3.10/dist-packages/rosidl_adapter/msg/__init__.py", line 28, in convert_msg_to_idl
[1.104s]       msg = parse_message_string(package_name, input_file.stem, content)
[1.104s]     File "/opt/ros/humble/local/lib/python3.10/dist-packages/rosidl_adapter/parser.py", line 520, in parse_message_string
[1.104s]       Type(type_string, context_package_name=pkg_name),
[1.104s]     File "/opt/ros/humble/local/lib/python3.10/dist-packages/rosidl_adapter/parser.py", line 277, in __init__
[1.104s]       super(Type, self).__init__(
[1.104s]     File "/opt/ros/humble/local/lib/python3.10/dist-packages/rosidl_adapter/parser.py", line 205, in __init__
[1.104s]       raise InvalidResourceName(
[1.104s] 
[1.104s]   rosidl_adapter.parser.InvalidResourceName: 'srting' is an invalid message
[1.105s]   name.  It should have the pattern '^[A-Z][A-Za-z0-9]*$'
[1.105s] 
[1.105s] Call Stack (most recent call first):
[1.105s]   /opt/ros/humble/share/rosidl_cmake/cmake/rosidl_generate_interfaces.cmake:130 (rosidl_adapt_interfaces)
[1.105s]   CMakeLists.txt:13 (rosidl_generate_interfaces)
[1.105s] 
[1.105s] [0m
[1.105s] -- Configuring incomplete, errors occurred!
[1.105s] See also "/home/extra/ros2_ws/build/my_robot_interfaces/CMakeFiles/CMakeOutput.log".
[1.111s] Invoked command in '/home/extra/ros2_ws/build/my_robot_interfaces' returned '1': /usr/bin/cmake /home/extra/ros2_ws/src/my_robot_interfaces -DCMAKE_INSTALL_PREFIX=/home/extra/ros2_ws/install/my_robot_interfaces
