[0.109s] DEBUG:colcon:Command line arguments: ['/usr/bin/colcon', 'build']
[0.109s] DEBUG:colcon:Parsed command line arguments: Namespace(log_base=None, log_level=None, verb_name='build', build_base='build', install_base='install', merge_install=False, symlink_install=False, test_result_base=None, continue_on_error=False, executor='parallel', parallel_workers=16, event_handlers=None, ignore_user_meta=False, metas=['./colcon.meta'], base_paths=['.'], packages_ignore=None, packages_ignore_regex=None, paths=None, packages_up_to=None, packages_up_to_regex=None, packages_above=None, packages_above_and_dependencies=None, packages_above_depth=None, packages_select_by_dep=None, packages_skip_by_dep=None, packages_skip_up_to=None, packages_select_build_failed=False, packages_skip_build_finished=False, packages_select_test_failures=False, packages_skip_test_passed=False, packages_select=None, packages_skip=None, packages_select_regex=None, packages_skip_regex=None, packages_start=None, packages_end=None, allow_overriding=[], cmake_args=None, cmake_target=None, cmake_target_skip_unavailable=False, cmake_clean_cache=False, cmake_clean_first=False, cmake_force_configure=False, ament_cmake_args=None, catkin_cmake_args=None, catkin_skip_building_tests=False, verb_parser=<colcon_defaults.argument_parser.defaults.DefaultArgumentsDecorator object at 0x79a5173400d0>, verb_extension=<colcon_core.verb.build.BuildVerb object at 0x79a51730b9d0>, main=<bound method BuildVerb.main of <colcon_core.verb.build.BuildVerb object at 0x79a51730b9d0>>)
[0.281s] Level 1:colcon.colcon_core.package_discovery:discover_packages(colcon_meta) check parameters
[0.281s] Level 1:colcon.colcon_core.package_discovery:discover_packages(recursive) check parameters
[0.281s] Level 1:colcon.colcon_core.package_discovery:discover_packages(ignore) check parameters
[0.281s] Level 1:colcon.colcon_core.package_discovery:discover_packages(path) check parameters
[0.281s] Level 1:colcon.colcon_core.package_discovery:discover_packages(colcon_meta) discover
[0.281s] Level 1:colcon.colcon_core.package_discovery:discover_packages(recursive) discover
[0.281s] INFO:colcon.colcon_core.package_discovery:Crawling recursively for packages in '/home/anan/ros2_ws'
[0.281s] Level 1:colcon.colcon_core.package_identification:_identify(.) by extensions ['ignore', 'ignore_ament_install']
[0.281s] Level 1:colcon.colcon_core.package_identification:_identify(.) by extension 'ignore'
[0.281s] Level 1:colcon.colcon_core.package_identification:_identify(.) by extension 'ignore_ament_install'
[0.281s] Level 1:colcon.colcon_core.package_identification:_identify(.) by extensions ['colcon_pkg']
[0.281s] Level 1:colcon.colcon_core.package_identification:_identify(.) by extension 'colcon_pkg'
[0.281s] Level 1:colcon.colcon_core.package_identification:_identify(.) by extensions ['colcon_meta']
[0.281s] Level 1:colcon.colcon_core.package_identification:_identify(.) by extension 'colcon_meta'
[0.281s] Level 1:colcon.colcon_core.package_identification:_identify(.) by extensions ['ros']
[0.281s] Level 1:colcon.colcon_core.package_identification:_identify(.) by extension 'ros'
[0.290s] Level 1:colcon.colcon_core.package_identification:_identify(.) by extensions ['cmake', 'python']
[0.290s] Level 1:colcon.colcon_core.package_identification:_identify(.) by extension 'cmake'
[0.290s] Level 1:colcon.colcon_core.package_identification:_identify(.) by extension 'python'
[0.290s] Level 1:colcon.colcon_core.package_identification:_identify(.) by extensions ['python_setup_py']
[0.290s] Level 1:colcon.colcon_core.package_identification:_identify(.) by extension 'python_setup_py'
[0.290s] Level 1:colcon.colcon_core.package_identification:_identify(build) by extensions ['ignore', 'ignore_ament_install']
[0.290s] Level 1:colcon.colcon_core.package_identification:_identify(build) by extension 'ignore'
[0.290s] Level 1:colcon.colcon_core.package_identification:_identify(build) ignored
[0.290s] Level 1:colcon.colcon_core.package_identification:_identify(install) by extensions ['ignore', 'ignore_ament_install']
[0.290s] Level 1:colcon.colcon_core.package_identification:_identify(install) by extension 'ignore'
[0.290s] Level 1:colcon.colcon_core.package_identification:_identify(install) ignored
[0.290s] Level 1:colcon.colcon_core.package_identification:_identify(log) by extensions ['ignore', 'ignore_ament_install']
[0.290s] Level 1:colcon.colcon_core.package_identification:_identify(log) by extension 'ignore'
[0.290s] Level 1:colcon.colcon_core.package_identification:_identify(log) ignored
[0.291s] Level 1:colcon.colcon_core.package_identification:_identify(src) by extensions ['ignore', 'ignore_ament_install']
[0.291s] Level 1:colcon.colcon_core.package_identification:_identify(src) by extension 'ignore'
[0.291s] Level 1:colcon.colcon_core.package_identification:_identify(src) by extension 'ignore_ament_install'
[0.291s] Level 1:colcon.colcon_core.package_identification:_identify(src) by extensions ['colcon_pkg']
[0.291s] Level 1:colcon.colcon_core.package_identification:_identify(src) by extension 'colcon_pkg'
[0.291s] Level 1:colcon.colcon_core.package_identification:_identify(src) by extensions ['colcon_meta']
[0.291s] Level 1:colcon.colcon_core.package_identification:_identify(src) by extension 'colcon_meta'
[0.291s] Level 1:colcon.colcon_core.package_identification:_identify(src) by extensions ['ros']
[0.291s] Level 1:colcon.colcon_core.package_identification:_identify(src) by extension 'ros'
[0.291s] Level 1:colcon.colcon_core.package_identification:_identify(src) by extensions ['cmake', 'python']
[0.291s] Level 1:colcon.colcon_core.package_identification:_identify(src) by extension 'cmake'
[0.291s] Level 1:colcon.colcon_core.package_identification:_identify(src) by extension 'python'
[0.291s] Level 1:colcon.colcon_core.package_identification:_identify(src) by extensions ['python_setup_py']
[0.291s] Level 1:colcon.colcon_core.package_identification:_identify(src) by extension 'python_setup_py'
[0.291s] Level 1:colcon.colcon_core.package_identification:_identify(src/my_cpp_pkg) by extensions ['ignore', 'ignore_ament_install']
[0.291s] Level 1:colcon.colcon_core.package_identification:_identify(src/my_cpp_pkg) by extension 'ignore'
[0.291s] Level 1:colcon.colcon_core.package_identification:_identify(src/my_cpp_pkg) by extension 'ignore_ament_install'
[0.291s] Level 1:colcon.colcon_core.package_identification:_identify(src/my_cpp_pkg) by extensions ['colcon_pkg']
[0.291s] Level 1:colcon.colcon_core.package_identification:_identify(src/my_cpp_pkg) by extension 'colcon_pkg'
[0.291s] Level 1:colcon.colcon_core.package_identification:_identify(src/my_cpp_pkg) by extensions ['colcon_meta']
[0.291s] Level 1:colcon.colcon_core.package_identification:_identify(src/my_cpp_pkg) by extension 'colcon_meta'
[0.291s] Level 1:colcon.colcon_core.package_identification:_identify(src/my_cpp_pkg) by extensions ['ros']
[0.291s] Level 1:colcon.colcon_core.package_identification:_identify(src/my_cpp_pkg) by extension 'ros'
[0.295s] DEBUG:colcon.colcon_core.package_identification:Package 'src/my_cpp_pkg' with type 'ros.ament_cmake' and name 'my_cpp_pkg'
[0.295s] Level 1:colcon.colcon_core.package_identification:_identify(src/my_py_pkg) by extensions ['ignore', 'ignore_ament_install']
[0.295s] Level 1:colcon.colcon_core.package_identification:_identify(src/my_py_pkg) by extension 'ignore'
[0.295s] Level 1:colcon.colcon_core.package_identification:_identify(src/my_py_pkg) by extension 'ignore_ament_install'
[0.295s] Level 1:colcon.colcon_core.package_identification:_identify(src/my_py_pkg) by extensions ['colcon_pkg']
[0.295s] Level 1:colcon.colcon_core.package_identification:_identify(src/my_py_pkg) by extension 'colcon_pkg'
[0.295s] Level 1:colcon.colcon_core.package_identification:_identify(src/my_py_pkg) by extensions ['colcon_meta']
[0.295s] Level 1:colcon.colcon_core.package_identification:_identify(src/my_py_pkg) by extension 'colcon_meta'
[0.295s] Level 1:colcon.colcon_core.package_identification:_identify(src/my_py_pkg) by extensions ['ros']
[0.295s] Level 1:colcon.colcon_core.package_identification:_identify(src/my_py_pkg) by extension 'ros'
[0.296s] DEBUG:colcon.colcon_core.package_identification:Package 'src/my_py_pkg' with type 'ros.ament_python' and name 'my_py_pkg'
[0.296s] Level 1:colcon.colcon_core.package_identification:_identify(src/my_robot_bringup) by extensions ['ignore', 'ignore_ament_install']
[0.296s] Level 1:colcon.colcon_core.package_identification:_identify(src/my_robot_bringup) by extension 'ignore'
[0.296s] Level 1:colcon.colcon_core.package_identification:_identify(src/my_robot_bringup) by extension 'ignore_ament_install'
[0.296s] Level 1:colcon.colcon_core.package_identification:_identify(src/my_robot_bringup) by extensions ['colcon_pkg']
[0.296s] Level 1:colcon.colcon_core.package_identification:_identify(src/my_robot_bringup) by extension 'colcon_pkg'
[0.296s] Level 1:colcon.colcon_core.package_identification:_identify(src/my_robot_bringup) by extensions ['colcon_meta']
[0.296s] Level 1:colcon.colcon_core.package_identification:_identify(src/my_robot_bringup) by extension 'colcon_meta'
[0.296s] Level 1:colcon.colcon_core.package_identification:_identify(src/my_robot_bringup) by extensions ['ros']
[0.296s] Level 1:colcon.colcon_core.package_identification:_identify(src/my_robot_bringup) by extension 'ros'
[0.297s] DEBUG:colcon.colcon_core.package_identification:Package 'src/my_robot_bringup' with type 'ros.ament_cmake' and name 'my_robot_bringup'
[0.297s] Level 1:colcon.colcon_core.package_identification:_identify(src/my_robot_interfaces) by extensions ['ignore', 'ignore_ament_install']
[0.298s] Level 1:colcon.colcon_core.package_identification:_identify(src/my_robot_interfaces) by extension 'ignore'
[0.298s] Level 1:colcon.colcon_core.package_identification:_identify(src/my_robot_interfaces) by extension 'ignore_ament_install'
[0.298s] Level 1:colcon.colcon_core.package_identification:_identify(src/my_robot_interfaces) by extensions ['colcon_pkg']
[0.298s] Level 1:colcon.colcon_core.package_identification:_identify(src/my_robot_interfaces) by extension 'colcon_pkg'
[0.298s] Level 1:colcon.colcon_core.package_identification:_identify(src/my_robot_interfaces) by extensions ['colcon_meta']
[0.298s] Level 1:colcon.colcon_core.package_identification:_identify(src/my_robot_interfaces) by extension 'colcon_meta'
[0.298s] Level 1:colcon.colcon_core.package_identification:_identify(src/my_robot_interfaces) by extensions ['ros']
[0.298s] Level 1:colcon.colcon_core.package_identification:_identify(src/my_robot_interfaces) by extension 'ros'
[0.299s] DEBUG:colcon.colcon_core.package_identification:Package 'src/my_robot_interfaces' with type 'ros.ament_cmake' and name 'my_robot_interfaces'
[0.299s] Level 1:colcon.colcon_core.package_identification:_identify(src/my_twopy_pkg) by extensions ['ignore', 'ignore_ament_install']
[0.299s] Level 1:colcon.colcon_core.package_identification:_identify(src/my_twopy_pkg) by extension 'ignore'
[0.299s] Level 1:colcon.colcon_core.package_identification:_identify(src/my_twopy_pkg) by extension 'ignore_ament_install'
[0.299s] Level 1:colcon.colcon_core.package_identification:_identify(src/my_twopy_pkg) by extensions ['colcon_pkg']
[0.299s] Level 1:colcon.colcon_core.package_identification:_identify(src/my_twopy_pkg) by extension 'colcon_pkg'
[0.299s] Level 1:colcon.colcon_core.package_identification:_identify(src/my_twopy_pkg) by extensions ['colcon_meta']
[0.299s] Level 1:colcon.colcon_core.package_identification:_identify(src/my_twopy_pkg) by extension 'colcon_meta'
[0.299s] Level 1:colcon.colcon_core.package_identification:_identify(src/my_twopy_pkg) by extensions ['ros']
[0.299s] Level 1:colcon.colcon_core.package_identification:_identify(src/my_twopy_pkg) by extension 'ros'
[0.300s] DEBUG:colcon.colcon_core.package_identification:Package 'src/my_twopy_pkg' with type 'ros.ament_python' and name 'my_twopy_pkg'
[0.300s] Level 1:colcon.colcon_core.package_identification:_identify(src/turtlesim_catch_them_all) by extensions ['ignore', 'ignore_ament_install']
[0.300s] Level 1:colcon.colcon_core.package_identification:_identify(src/turtlesim_catch_them_all) by extension 'ignore'
[0.300s] Level 1:colcon.colcon_core.package_identification:_identify(src/turtlesim_catch_them_all) by extension 'ignore_ament_install'
[0.300s] Level 1:colcon.colcon_core.package_identification:_identify(src/turtlesim_catch_them_all) by extensions ['colcon_pkg']
[0.300s] Level 1:colcon.colcon_core.package_identification:_identify(src/turtlesim_catch_them_all) by extension 'colcon_pkg'
[0.300s] Level 1:colcon.colcon_core.package_identification:_identify(src/turtlesim_catch_them_all) by extensions ['colcon_meta']
[0.300s] Level 1:colcon.colcon_core.package_identification:_identify(src/turtlesim_catch_them_all) by extension 'colcon_meta'
[0.300s] Level 1:colcon.colcon_core.package_identification:_identify(src/turtlesim_catch_them_all) by extensions ['ros']
[0.300s] Level 1:colcon.colcon_core.package_identification:_identify(src/turtlesim_catch_them_all) by extension 'ros'
[0.301s] DEBUG:colcon.colcon_core.package_identification:Package 'src/turtlesim_catch_them_all' with type 'ros.ament_python' and name 'turtlesim_catch_them_all'
[0.301s] Level 1:colcon.colcon_core.package_discovery:discover_packages(recursive) using defaults
[0.301s] Level 1:colcon.colcon_core.package_discovery:discover_packages(ignore) discover
[0.301s] Level 1:colcon.colcon_core.package_discovery:discover_packages(ignore) using defaults
[0.301s] Level 1:colcon.colcon_core.package_discovery:discover_packages(path) discover
[0.301s] Level 1:colcon.colcon_core.package_discovery:discover_packages(path) using defaults
[0.319s] Level 1:colcon.colcon_core.package_discovery:discover_packages(prefix_path) check parameters
[0.319s] Level 1:colcon.colcon_core.package_discovery:discover_packages(prefix_path) discover
[0.322s] DEBUG:colcon.colcon_installed_package_information.package_discovery:Found 6 installed packages in /home/anan/ros2_ws/install
[0.322s] DEBUG:colcon.colcon_installed_package_information.package_discovery:Found 270 installed packages in /opt/ros/humble
[0.323s] Level 1:colcon.colcon_core.package_discovery:discover_packages(prefix_path) using defaults
[0.359s] Level 5:colcon.colcon_core.verb:set package 'my_cpp_pkg' build argument 'cmake_args' from command line to 'None'
[0.359s] Level 5:colcon.colcon_core.verb:set package 'my_cpp_pkg' build argument 'cmake_target' from command line to 'None'
[0.359s] Level 5:colcon.colcon_core.verb:set package 'my_cpp_pkg' build argument 'cmake_target_skip_unavailable' from command line to 'False'
[0.359s] Level 5:colcon.colcon_core.verb:set package 'my_cpp_pkg' build argument 'cmake_clean_cache' from command line to 'False'
[0.359s] Level 5:colcon.colcon_core.verb:set package 'my_cpp_pkg' build argument 'cmake_clean_first' from command line to 'False'
[0.359s] Level 5:colcon.colcon_core.verb:set package 'my_cpp_pkg' build argument 'cmake_force_configure' from command line to 'False'
[0.359s] Level 5:colcon.colcon_core.verb:set package 'my_cpp_pkg' build argument 'ament_cmake_args' from command line to 'None'
[0.359s] Level 5:colcon.colcon_core.verb:set package 'my_cpp_pkg' build argument 'catkin_cmake_args' from command line to 'None'
[0.359s] Level 5:colcon.colcon_core.verb:set package 'my_cpp_pkg' build argument 'catkin_skip_building_tests' from command line to 'False'
[0.359s] DEBUG:colcon.colcon_core.verb:Building package 'my_cpp_pkg' with the following arguments: {'ament_cmake_args': None, 'build_base': '/home/anan/ros2_ws/build/my_cpp_pkg', 'catkin_cmake_args': None, 'catkin_skip_building_tests': False, 'cmake_args': None, 'cmake_clean_cache': False, 'cmake_clean_first': False, 'cmake_force_configure': False, 'cmake_target': None, 'cmake_target_skip_unavailable': False, 'install_base': '/home/anan/ros2_ws/install/my_cpp_pkg', 'merge_install': False, 'path': '/home/anan/ros2_ws/src/my_cpp_pkg', 'symlink_install': False, 'test_result_base': None}
[0.359s] Level 5:colcon.colcon_core.verb:set package 'my_robot_interfaces' build argument 'cmake_args' from command line to 'None'
[0.359s] Level 5:colcon.colcon_core.verb:set package 'my_robot_interfaces' build argument 'cmake_target' from command line to 'None'
[0.359s] Level 5:colcon.colcon_core.verb:set package 'my_robot_interfaces' build argument 'cmake_target_skip_unavailable' from command line to 'False'
[0.359s] Level 5:colcon.colcon_core.verb:set package 'my_robot_interfaces' build argument 'cmake_clean_cache' from command line to 'False'
[0.359s] Level 5:colcon.colcon_core.verb:set package 'my_robot_interfaces' build argument 'cmake_clean_first' from command line to 'False'
[0.360s] Level 5:colcon.colcon_core.verb:set package 'my_robot_interfaces' build argument 'cmake_force_configure' from command line to 'False'
[0.360s] Level 5:colcon.colcon_core.verb:set package 'my_robot_interfaces' build argument 'ament_cmake_args' from command line to 'None'
[0.360s] Level 5:colcon.colcon_core.verb:set package 'my_robot_interfaces' build argument 'catkin_cmake_args' from command line to 'None'
[0.360s] Level 5:colcon.colcon_core.verb:set package 'my_robot_interfaces' build argument 'catkin_skip_building_tests' from command line to 'False'
[0.360s] DEBUG:colcon.colcon_core.verb:Building package 'my_robot_interfaces' with the following arguments: {'ament_cmake_args': None, 'build_base': '/home/anan/ros2_ws/build/my_robot_interfaces', 'catkin_cmake_args': None, 'catkin_skip_building_tests': False, 'cmake_args': None, 'cmake_clean_cache': False, 'cmake_clean_first': False, 'cmake_force_configure': False, 'cmake_target': None, 'cmake_target_skip_unavailable': False, 'install_base': '/home/anan/ros2_ws/install/my_robot_interfaces', 'merge_install': False, 'path': '/home/anan/ros2_ws/src/my_robot_interfaces', 'symlink_install': False, 'test_result_base': None}
[0.360s] Level 5:colcon.colcon_core.verb:set package 'my_twopy_pkg' build argument 'cmake_args' from command line to 'None'
[0.360s] Level 5:colcon.colcon_core.verb:set package 'my_twopy_pkg' build argument 'cmake_target' from command line to 'None'
[0.360s] Level 5:colcon.colcon_core.verb:set package 'my_twopy_pkg' build argument 'cmake_target_skip_unavailable' from command line to 'False'
[0.360s] Level 5:colcon.colcon_core.verb:set package 'my_twopy_pkg' build argument 'cmake_clean_cache' from command line to 'False'
[0.360s] Level 5:colcon.colcon_core.verb:set package 'my_twopy_pkg' build argument 'cmake_clean_first' from command line to 'False'
[0.360s] Level 5:colcon.colcon_core.verb:set package 'my_twopy_pkg' build argument 'cmake_force_configure' from command line to 'False'
[0.360s] Level 5:colcon.colcon_core.verb:set package 'my_twopy_pkg' build argument 'ament_cmake_args' from command line to 'None'
[0.360s] Level 5:colcon.colcon_core.verb:set package 'my_twopy_pkg' build argument 'catkin_cmake_args' from command line to 'None'
[0.360s] Level 5:colcon.colcon_core.verb:set package 'my_twopy_pkg' build argument 'catkin_skip_building_tests' from command line to 'False'
[0.360s] DEBUG:colcon.colcon_core.verb:Building package 'my_twopy_pkg' with the following arguments: {'ament_cmake_args': None, 'build_base': '/home/anan/ros2_ws/build/my_twopy_pkg', 'catkin_cmake_args': None, 'catkin_skip_building_tests': False, 'cmake_args': None, 'cmake_clean_cache': False, 'cmake_clean_first': False, 'cmake_force_configure': False, 'cmake_target': None, 'cmake_target_skip_unavailable': False, 'install_base': '/home/anan/ros2_ws/install/my_twopy_pkg', 'merge_install': False, 'path': '/home/anan/ros2_ws/src/my_twopy_pkg', 'symlink_install': False, 'test_result_base': None}
[0.360s] Level 5:colcon.colcon_core.verb:set package 'my_py_pkg' build argument 'cmake_args' from command line to 'None'
[0.360s] Level 5:colcon.colcon_core.verb:set package 'my_py_pkg' build argument 'cmake_target' from command line to 'None'
[0.360s] Level 5:colcon.colcon_core.verb:set package 'my_py_pkg' build argument 'cmake_target_skip_unavailable' from command line to 'False'
[0.360s] Level 5:colcon.colcon_core.verb:set package 'my_py_pkg' build argument 'cmake_clean_cache' from command line to 'False'
[0.360s] Level 5:colcon.colcon_core.verb:set package 'my_py_pkg' build argument 'cmake_clean_first' from command line to 'False'
[0.360s] Level 5:colcon.colcon_core.verb:set package 'my_py_pkg' build argument 'cmake_force_configure' from command line to 'False'
[0.360s] Level 5:colcon.colcon_core.verb:set package 'my_py_pkg' build argument 'ament_cmake_args' from command line to 'None'
[0.360s] Level 5:colcon.colcon_core.verb:set package 'my_py_pkg' build argument 'catkin_cmake_args' from command line to 'None'
[0.360s] Level 5:colcon.colcon_core.verb:set package 'my_py_pkg' build argument 'catkin_skip_building_tests' from command line to 'False'
[0.360s] DEBUG:colcon.colcon_core.verb:Building package 'my_py_pkg' with the following arguments: {'ament_cmake_args': None, 'build_base': '/home/anan/ros2_ws/build/my_py_pkg', 'catkin_cmake_args': None, 'catkin_skip_building_tests': False, 'cmake_args': None, 'cmake_clean_cache': False, 'cmake_clean_first': False, 'cmake_force_configure': False, 'cmake_target': None, 'cmake_target_skip_unavailable': False, 'install_base': '/home/anan/ros2_ws/install/my_py_pkg', 'merge_install': False, 'path': '/home/anan/ros2_ws/src/my_py_pkg', 'symlink_install': False, 'test_result_base': None}
[0.360s] Level 5:colcon.colcon_core.verb:set package 'turtlesim_catch_them_all' build argument 'cmake_args' from command line to 'None'
[0.360s] Level 5:colcon.colcon_core.verb:set package 'turtlesim_catch_them_all' build argument 'cmake_target' from command line to 'None'
[0.361s] Level 5:colcon.colcon_core.verb:set package 'turtlesim_catch_them_all' build argument 'cmake_target_skip_unavailable' from command line to 'False'
[0.361s] Level 5:colcon.colcon_core.verb:set package 'turtlesim_catch_them_all' build argument 'cmake_clean_cache' from command line to 'False'
[0.361s] Level 5:colcon.colcon_core.verb:set package 'turtlesim_catch_them_all' build argument 'cmake_clean_first' from command line to 'False'
[0.361s] Level 5:colcon.colcon_core.verb:set package 'turtlesim_catch_them_all' build argument 'cmake_force_configure' from command line to 'False'
[0.361s] Level 5:colcon.colcon_core.verb:set package 'turtlesim_catch_them_all' build argument 'ament_cmake_args' from command line to 'None'
[0.361s] Level 5:colcon.colcon_core.verb:set package 'turtlesim_catch_them_all' build argument 'catkin_cmake_args' from command line to 'None'
[0.361s] Level 5:colcon.colcon_core.verb:set package 'turtlesim_catch_them_all' build argument 'catkin_skip_building_tests' from command line to 'False'
[0.361s] DEBUG:colcon.colcon_core.verb:Building package 'turtlesim_catch_them_all' with the following arguments: {'ament_cmake_args': None, 'build_base': '/home/anan/ros2_ws/build/turtlesim_catch_them_all', 'catkin_cmake_args': None, 'catkin_skip_building_tests': False, 'cmake_args': None, 'cmake_clean_cache': False, 'cmake_clean_first': False, 'cmake_force_configure': False, 'cmake_target': None, 'cmake_target_skip_unavailable': False, 'install_base': '/home/anan/ros2_ws/install/turtlesim_catch_them_all', 'merge_install': False, 'path': '/home/anan/ros2_ws/src/turtlesim_catch_them_all', 'symlink_install': False, 'test_result_base': None}
[0.361s] Level 5:colcon.colcon_core.verb:set package 'my_robot_bringup' build argument 'cmake_args' from command line to 'None'
[0.361s] Level 5:colcon.colcon_core.verb:set package 'my_robot_bringup' build argument 'cmake_target' from command line to 'None'
[0.361s] Level 5:colcon.colcon_core.verb:set package 'my_robot_bringup' build argument 'cmake_target_skip_unavailable' from command line to 'False'
[0.361s] Level 5:colcon.colcon_core.verb:set package 'my_robot_bringup' build argument 'cmake_clean_cache' from command line to 'False'
[0.361s] Level 5:colcon.colcon_core.verb:set package 'my_robot_bringup' build argument 'cmake_clean_first' from command line to 'False'
[0.361s] Level 5:colcon.colcon_core.verb:set package 'my_robot_bringup' build argument 'cmake_force_configure' from command line to 'False'
[0.361s] Level 5:colcon.colcon_core.verb:set package 'my_robot_bringup' build argument 'ament_cmake_args' from command line to 'None'
[0.361s] Level 5:colcon.colcon_core.verb:set package 'my_robot_bringup' build argument 'catkin_cmake_args' from command line to 'None'
[0.361s] Level 5:colcon.colcon_core.verb:set package 'my_robot_bringup' build argument 'catkin_skip_building_tests' from command line to 'False'
[0.361s] DEBUG:colcon.colcon_core.verb:Building package 'my_robot_bringup' with the following arguments: {'ament_cmake_args': None, 'build_base': '/home/anan/ros2_ws/build/my_robot_bringup', 'catkin_cmake_args': None, 'catkin_skip_building_tests': False, 'cmake_args': None, 'cmake_clean_cache': False, 'cmake_clean_first': False, 'cmake_force_configure': False, 'cmake_target': None, 'cmake_target_skip_unavailable': False, 'install_base': '/home/anan/ros2_ws/install/my_robot_bringup', 'merge_install': False, 'path': '/home/anan/ros2_ws/src/my_robot_bringup', 'symlink_install': False, 'test_result_base': None}
[0.361s] INFO:colcon.colcon_core.executor:Executing jobs using 'parallel' executor
[0.362s] DEBUG:colcon.colcon_parallel_executor.executor.parallel:run_until_complete
[0.362s] INFO:colcon.colcon_ros.task.ament_cmake.build:Building ROS package in '/home/anan/ros2_ws/src/my_robot_interfaces' with build type 'ament_cmake'
[0.362s] INFO:colcon.colcon_cmake.task.cmake.build:Building CMake package in '/home/anan/ros2_ws/src/my_robot_interfaces'
[0.365s] INFO:colcon.colcon_core.plugin_system:Skipping extension 'colcon_core.shell.bat': Not used on non-Windows systems
[0.365s] INFO:colcon.colcon_core.shell:Skip shell extension 'powershell' for command environment: Not usable outside of PowerShell
[0.365s] DEBUG:colcon.colcon_core.shell:Skip shell extension 'dsv' for command environment
[0.368s] INFO:colcon.colcon_ros.task.ament_cmake.build:Building ROS package in '/home/anan/ros2_ws/src/my_cpp_pkg' with build type 'ament_cmake'
[0.368s] INFO:colcon.colcon_cmake.task.cmake.build:Building CMake package in '/home/anan/ros2_ws/src/my_cpp_pkg'
[0.368s] INFO:colcon.colcon_core.shell:Skip shell extension 'powershell' for command environment: Not usable outside of PowerShell
[0.368s] DEBUG:colcon.colcon_core.shell:Skip shell extension 'dsv' for command environment
[0.371s] INFO:colcon.colcon_ros.task.ament_python.build:Building ROS package in '/home/anan/ros2_ws/src/my_twopy_pkg' with build type 'ament_python'
[0.371s] Level 1:colcon.colcon_core.shell:create_environment_hook('my_twopy_pkg', 'ament_prefix_path')
[0.371s] INFO:colcon.colcon_core.shell:Creating environment hook '/home/anan/ros2_ws/install/my_twopy_pkg/share/my_twopy_pkg/hook/ament_prefix_path.ps1'
[0.372s] INFO:colcon.colcon_core.shell:Creating environment descriptor '/home/anan/ros2_ws/install/my_twopy_pkg/share/my_twopy_pkg/hook/ament_prefix_path.dsv'
[0.373s] INFO:colcon.colcon_core.shell:Creating environment hook '/home/anan/ros2_ws/install/my_twopy_pkg/share/my_twopy_pkg/hook/ament_prefix_path.sh'
[0.374s] INFO:colcon.colcon_core.shell:Skip shell extension 'powershell' for command environment: Not usable outside of PowerShell
[0.374s] DEBUG:colcon.colcon_core.shell:Skip shell extension 'dsv' for command environment
[0.380s] DEBUG:colcon.colcon_core.event_handler.log_command:Invoking command in '/home/anan/ros2_ws/build/my_robot_interfaces': CMAKE_PREFIX_PATH=${CMAKE_PREFIX_PATH}:/home/anan/ros2_ws/install/turtlesim_catch_them_all:/home/anan/ros2_ws/install/my_twopy_pkg:/home/anan/ros2_ws/install/my_py_pkg:/opt/ros/humble /usr/bin/cmake --build /home/anan/ros2_ws/build/my_robot_interfaces -- -j16 -l16
[0.386s] DEBUG:colcon.colcon_core.event_handler.log_command:Invoking command in '/home/anan/ros2_ws/build/my_cpp_pkg': CMAKE_PREFIX_PATH=${CMAKE_PREFIX_PATH}:/home/anan/ros2_ws/install/turtlesim_catch_them_all:/home/anan/ros2_ws/install/my_twopy_pkg:/home/anan/ros2_ws/install/my_py_pkg:/opt/ros/humble /usr/bin/cmake --build /home/anan/ros2_ws/build/my_cpp_pkg -- -j16 -l16
[0.578s] INFO:colcon.colcon_core.task.python.build:Building Python package in '/home/anan/ros2_ws/src/my_twopy_pkg'
[0.578s] INFO:colcon.colcon_core.shell:Skip shell extension 'powershell' for command environment: Not usable outside of PowerShell
[0.578s] DEBUG:colcon.colcon_core.shell:Skip shell extension 'dsv' for command environment
[0.583s] DEBUG:colcon.colcon_core.event_handler.log_command:Invoked command in '/home/anan/ros2_ws/build/my_cpp_pkg' returned '0': CMAKE_PREFIX_PATH=${CMAKE_PREFIX_PATH}:/home/anan/ros2_ws/install/turtlesim_catch_them_all:/home/anan/ros2_ws/install/my_twopy_pkg:/home/anan/ros2_ws/install/my_py_pkg:/opt/ros/humble /usr/bin/cmake --build /home/anan/ros2_ws/build/my_cpp_pkg -- -j16 -l16
[0.622s] DEBUG:colcon.colcon_core.event_handler.log_command:Invoking command in '/home/anan/ros2_ws/build/my_cpp_pkg': CMAKE_PREFIX_PATH=${CMAKE_PREFIX_PATH}:/home/anan/ros2_ws/install/turtlesim_catch_them_all:/home/anan/ros2_ws/install/my_twopy_pkg:/home/anan/ros2_ws/install/my_py_pkg:/opt/ros/humble /usr/bin/cmake --install /home/anan/ros2_ws/build/my_cpp_pkg
[0.633s] Level 1:colcon.colcon_core.environment:create_environment_scripts_only(my_cpp_pkg)
[0.634s] DEBUG:colcon.colcon_core.event_handler.log_command:Invoked command in '/home/anan/ros2_ws/build/my_cpp_pkg' returned '0': CMAKE_PREFIX_PATH=${CMAKE_PREFIX_PATH}:/home/anan/ros2_ws/install/turtlesim_catch_them_all:/home/anan/ros2_ws/install/my_twopy_pkg:/home/anan/ros2_ws/install/my_py_pkg:/opt/ros/humble /usr/bin/cmake --install /home/anan/ros2_ws/build/my_cpp_pkg
[0.638s] Level 1:colcon.colcon_core.environment:checking '/home/anan/ros2_ws/install/my_cpp_pkg' for CMake module files
[0.638s] Level 1:colcon.colcon_core.environment:checking '/home/anan/ros2_ws/install/my_cpp_pkg' for CMake config files
[0.639s] Level 1:colcon.colcon_core.shell:create_environment_hook('my_cpp_pkg', 'cmake_prefix_path')
[0.639s] INFO:colcon.colcon_core.shell:Creating environment hook '/home/anan/ros2_ws/install/my_cpp_pkg/share/my_cpp_pkg/hook/cmake_prefix_path.ps1'
[0.640s] INFO:colcon.colcon_core.shell:Creating environment descriptor '/home/anan/ros2_ws/install/my_cpp_pkg/share/my_cpp_pkg/hook/cmake_prefix_path.dsv'
[0.640s] INFO:colcon.colcon_core.shell:Creating environment hook '/home/anan/ros2_ws/install/my_cpp_pkg/share/my_cpp_pkg/hook/cmake_prefix_path.sh'
[0.641s] Level 1:colcon.colcon_core.environment:checking '/home/anan/ros2_ws/install/my_cpp_pkg/lib'
[0.641s] Level 1:colcon.colcon_core.environment:checking '/home/anan/ros2_ws/install/my_cpp_pkg/bin'
[0.641s] Level 1:colcon.colcon_core.environment:checking '/home/anan/ros2_ws/install/my_cpp_pkg/lib/pkgconfig/my_cpp_pkg.pc'
[0.641s] Level 1:colcon.colcon_core.environment:checking '/home/anan/ros2_ws/install/my_cpp_pkg/lib/python3.10/site-packages'
[0.641s] Level 1:colcon.colcon_core.environment:checking '/home/anan/ros2_ws/install/my_cpp_pkg/bin'
[0.641s] INFO:colcon.colcon_core.shell:Creating package script '/home/anan/ros2_ws/install/my_cpp_pkg/share/my_cpp_pkg/package.ps1'
[0.642s] INFO:colcon.colcon_core.shell:Creating package descriptor '/home/anan/ros2_ws/install/my_cpp_pkg/share/my_cpp_pkg/package.dsv'
[0.643s] INFO:colcon.colcon_core.shell:Creating package script '/home/anan/ros2_ws/install/my_cpp_pkg/share/my_cpp_pkg/package.sh'
[0.644s] INFO:colcon.colcon_core.shell:Creating package script '/home/anan/ros2_ws/install/my_cpp_pkg/share/my_cpp_pkg/package.bash'
[0.645s] INFO:colcon.colcon_core.shell:Creating package script '/home/anan/ros2_ws/install/my_cpp_pkg/share/my_cpp_pkg/package.zsh'
[0.645s] Level 1:colcon.colcon_core.environment:create_file_with_runtime_dependencies(/home/anan/ros2_ws/install/my_cpp_pkg/share/colcon-core/packages/my_cpp_pkg)
[0.676s] Level 1:colcon.colcon_core.environment:create_environment_scripts_only(my_cpp_pkg)
[0.676s] Level 1:colcon.colcon_core.environment:checking '/home/anan/ros2_ws/install/my_cpp_pkg' for CMake module files
[0.677s] Level 1:colcon.colcon_core.environment:checking '/home/anan/ros2_ws/install/my_cpp_pkg' for CMake config files
[0.677s] Level 1:colcon.colcon_core.shell:create_environment_hook('my_cpp_pkg', 'cmake_prefix_path')
[0.677s] INFO:colcon.colcon_core.shell:Creating environment hook '/home/anan/ros2_ws/install/my_cpp_pkg/share/my_cpp_pkg/hook/cmake_prefix_path.ps1'
[0.677s] INFO:colcon.colcon_core.shell:Creating environment descriptor '/home/anan/ros2_ws/install/my_cpp_pkg/share/my_cpp_pkg/hook/cmake_prefix_path.dsv'
[0.677s] INFO:colcon.colcon_core.shell:Creating environment hook '/home/anan/ros2_ws/install/my_cpp_pkg/share/my_cpp_pkg/hook/cmake_prefix_path.sh'
[0.678s] Level 1:colcon.colcon_core.environment:checking '/home/anan/ros2_ws/install/my_cpp_pkg/lib'
[0.678s] Level 1:colcon.colcon_core.environment:checking '/home/anan/ros2_ws/install/my_cpp_pkg/bin'
[0.678s] Level 1:colcon.colcon_core.environment:checking '/home/anan/ros2_ws/install/my_cpp_pkg/lib/pkgconfig/my_cpp_pkg.pc'
[0.678s] Level 1:colcon.colcon_core.environment:checking '/home/anan/ros2_ws/install/my_cpp_pkg/lib/python3.10/site-packages'
[0.678s] Level 1:colcon.colcon_core.environment:checking '/home/anan/ros2_ws/install/my_cpp_pkg/bin'
[0.679s] INFO:colcon.colcon_core.shell:Creating package script '/home/anan/ros2_ws/install/my_cpp_pkg/share/my_cpp_pkg/package.ps1'
[0.679s] INFO:colcon.colcon_core.shell:Creating package descriptor '/home/anan/ros2_ws/install/my_cpp_pkg/share/my_cpp_pkg/package.dsv'
[0.679s] INFO:colcon.colcon_core.shell:Creating package script '/home/anan/ros2_ws/install/my_cpp_pkg/share/my_cpp_pkg/package.sh'
[0.679s] INFO:colcon.colcon_core.shell:Creating package script '/home/anan/ros2_ws/install/my_cpp_pkg/share/my_cpp_pkg/package.bash'
[0.680s] INFO:colcon.colcon_core.shell:Creating package script '/home/anan/ros2_ws/install/my_cpp_pkg/share/my_cpp_pkg/package.zsh'
[0.680s] Level 1:colcon.colcon_core.environment:create_file_with_runtime_dependencies(/home/anan/ros2_ws/install/my_cpp_pkg/share/colcon-core/packages/my_cpp_pkg)
[0.682s] DEBUG:colcon.colcon_core.event_handler.log_command:Invoked command in '/home/anan/ros2_ws/build/my_robot_interfaces' returned '0': CMAKE_PREFIX_PATH=${CMAKE_PREFIX_PATH}:/home/anan/ros2_ws/install/turtlesim_catch_them_all:/home/anan/ros2_ws/install/my_twopy_pkg:/home/anan/ros2_ws/install/my_py_pkg:/opt/ros/humble /usr/bin/cmake --build /home/anan/ros2_ws/build/my_robot_interfaces -- -j16 -l16
[0.847s] DEBUG:colcon.colcon_core.event_handler.log_command:Invoking command in '/home/anan/ros2_ws/src/my_twopy_pkg': PYTHONPATH=/home/anan/ros2_ws/build/my_twopy_pkg/prefix_override:/usr/lib/python3/dist-packages/colcon_core/task/python/colcon_distutils_commands:/home/anan/ros2_ws/install/my_twopy_pkg/lib/python3.10/site-packages:${PYTHONPATH} /usr/bin/python3 -W ignore:setup.py install is deprecated setup.py egg_info --egg-base ../../build/my_twopy_pkg build --build-base /home/anan/ros2_ws/build/my_twopy_pkg/build install --record /home/anan/ros2_ws/build/my_twopy_pkg/install.log --single-version-externally-managed install_data
[0.894s] DEBUG:colcon.colcon_core.event_handler.log_command:Invoking command in '/home/anan/ros2_ws/build/my_robot_interfaces': CMAKE_PREFIX_PATH=${CMAKE_PREFIX_PATH}:/home/anan/ros2_ws/install/turtlesim_catch_them_all:/home/anan/ros2_ws/install/my_twopy_pkg:/home/anan/ros2_ws/install/my_py_pkg:/opt/ros/humble /usr/bin/cmake --install /home/anan/ros2_ws/build/my_robot_interfaces
[0.952s] Level 1:colcon.colcon_core.environment:create_environment_scripts_only(my_robot_interfaces)
[0.953s] Level 1:colcon.colcon_core.environment:checking '/home/anan/ros2_ws/install/my_robot_interfaces' for CMake module files
[0.953s] DEBUG:colcon.colcon_core.event_handler.log_command:Invoked command in '/home/anan/ros2_ws/build/my_robot_interfaces' returned '0': CMAKE_PREFIX_PATH=${CMAKE_PREFIX_PATH}:/home/anan/ros2_ws/install/turtlesim_catch_them_all:/home/anan/ros2_ws/install/my_twopy_pkg:/home/anan/ros2_ws/install/my_py_pkg:/opt/ros/humble /usr/bin/cmake --install /home/anan/ros2_ws/build/my_robot_interfaces
[0.954s] Level 1:colcon.colcon_core.environment:checking '/home/anan/ros2_ws/install/my_robot_interfaces' for CMake config files
[0.954s] Level 1:colcon.colcon_core.shell:create_environment_hook('my_robot_interfaces', 'cmake_prefix_path')
[0.954s] INFO:colcon.colcon_core.shell:Creating environment hook '/home/anan/ros2_ws/install/my_robot_interfaces/share/my_robot_interfaces/hook/cmake_prefix_path.ps1'
[0.954s] INFO:colcon.colcon_core.shell:Creating environment descriptor '/home/anan/ros2_ws/install/my_robot_interfaces/share/my_robot_interfaces/hook/cmake_prefix_path.dsv'
[0.955s] INFO:colcon.colcon_core.shell:Creating environment hook '/home/anan/ros2_ws/install/my_robot_interfaces/share/my_robot_interfaces/hook/cmake_prefix_path.sh'
[0.955s] Level 1:colcon.colcon_core.environment:checking '/home/anan/ros2_ws/install/my_robot_interfaces/lib'
[0.955s] Level 1:colcon.colcon_core.shell:create_environment_hook('my_robot_interfaces', 'ld_library_path_lib')
[0.955s] INFO:colcon.colcon_core.shell:Creating environment hook '/home/anan/ros2_ws/install/my_robot_interfaces/share/my_robot_interfaces/hook/ld_library_path_lib.ps1'
[0.956s] INFO:colcon.colcon_core.shell:Creating environment descriptor '/home/anan/ros2_ws/install/my_robot_interfaces/share/my_robot_interfaces/hook/ld_library_path_lib.dsv'
[0.956s] INFO:colcon.colcon_core.shell:Creating environment hook '/home/anan/ros2_ws/install/my_robot_interfaces/share/my_robot_interfaces/hook/ld_library_path_lib.sh'
[0.956s] Level 1:colcon.colcon_core.environment:checking '/home/anan/ros2_ws/install/my_robot_interfaces/bin'
[0.956s] Level 1:colcon.colcon_core.environment:checking '/home/anan/ros2_ws/install/my_robot_interfaces/lib/pkgconfig/my_robot_interfaces.pc'
[0.956s] Level 1:colcon.colcon_core.environment:checking '/home/anan/ros2_ws/install/my_robot_interfaces/lib/python3.10/site-packages'
[0.956s] Level 1:colcon.colcon_core.environment:checking '/home/anan/ros2_ws/install/my_robot_interfaces/bin'
[0.957s] INFO:colcon.colcon_core.shell:Creating package script '/home/anan/ros2_ws/install/my_robot_interfaces/share/my_robot_interfaces/package.ps1'
[0.957s] INFO:colcon.colcon_core.shell:Creating package descriptor '/home/anan/ros2_ws/install/my_robot_interfaces/share/my_robot_interfaces/package.dsv'
[0.957s] INFO:colcon.colcon_core.shell:Creating package script '/home/anan/ros2_ws/install/my_robot_interfaces/share/my_robot_interfaces/package.sh'
[0.957s] INFO:colcon.colcon_core.shell:Creating package script '/home/anan/ros2_ws/install/my_robot_interfaces/share/my_robot_interfaces/package.bash'
[0.958s] INFO:colcon.colcon_core.shell:Creating package script '/home/anan/ros2_ws/install/my_robot_interfaces/share/my_robot_interfaces/package.zsh'
[0.958s] Level 1:colcon.colcon_core.environment:create_file_with_runtime_dependencies(/home/anan/ros2_ws/install/my_robot_interfaces/share/colcon-core/packages/my_robot_interfaces)
[1.051s] Level 1:colcon.colcon_core.environment:checking '/home/anan/ros2_ws/install/my_twopy_pkg' for CMake module files
[1.052s] DEBUG:colcon.colcon_core.event_handler.log_command:Invoked command in '/home/anan/ros2_ws/src/my_twopy_pkg' returned '0': PYTHONPATH=/home/anan/ros2_ws/build/my_twopy_pkg/prefix_override:/usr/lib/python3/dist-packages/colcon_core/task/python/colcon_distutils_commands:/home/anan/ros2_ws/install/my_twopy_pkg/lib/python3.10/site-packages:${PYTHONPATH} /usr/bin/python3 -W ignore:setup.py install is deprecated setup.py egg_info --egg-base ../../build/my_twopy_pkg build --build-base /home/anan/ros2_ws/build/my_twopy_pkg/build install --record /home/anan/ros2_ws/build/my_twopy_pkg/install.log --single-version-externally-managed install_data
[1.052s] Level 1:colcon.colcon_core.environment:checking '/home/anan/ros2_ws/install/my_twopy_pkg' for CMake config files
[1.053s] Level 1:colcon.colcon_core.environment:checking '/home/anan/ros2_ws/install/my_twopy_pkg/lib'
[1.053s] Level 1:colcon.colcon_core.environment:checking '/home/anan/ros2_ws/install/my_twopy_pkg/bin'
[1.053s] Level 1:colcon.colcon_core.environment:checking '/home/anan/ros2_ws/install/my_twopy_pkg/lib/pkgconfig/my_twopy_pkg.pc'
[1.053s] Level 1:colcon.colcon_core.environment:checking '/home/anan/ros2_ws/install/my_twopy_pkg/lib/python3.10/site-packages'
[1.053s] Level 1:colcon.colcon_core.shell:create_environment_hook('my_twopy_pkg', 'pythonpath')
[1.053s] INFO:colcon.colcon_core.shell:Creating environment hook '/home/anan/ros2_ws/install/my_twopy_pkg/share/my_twopy_pkg/hook/pythonpath.ps1'
[1.054s] INFO:colcon.colcon_core.shell:Creating environment descriptor '/home/anan/ros2_ws/install/my_twopy_pkg/share/my_twopy_pkg/hook/pythonpath.dsv'
[1.054s] INFO:colcon.colcon_core.shell:Creating environment hook '/home/anan/ros2_ws/install/my_twopy_pkg/share/my_twopy_pkg/hook/pythonpath.sh'
[1.054s] Level 1:colcon.colcon_core.environment:checking '/home/anan/ros2_ws/install/my_twopy_pkg/bin'
[1.054s] Level 1:colcon.colcon_core.environment:create_environment_scripts_only(my_twopy_pkg)
[1.054s] INFO:colcon.colcon_core.shell:Creating package script '/home/anan/ros2_ws/install/my_twopy_pkg/share/my_twopy_pkg/package.ps1'
[1.055s] INFO:colcon.colcon_core.shell:Creating package descriptor '/home/anan/ros2_ws/install/my_twopy_pkg/share/my_twopy_pkg/package.dsv'
[1.055s] INFO:colcon.colcon_core.shell:Creating package script '/home/anan/ros2_ws/install/my_twopy_pkg/share/my_twopy_pkg/package.sh'
[1.055s] INFO:colcon.colcon_core.shell:Creating package script '/home/anan/ros2_ws/install/my_twopy_pkg/share/my_twopy_pkg/package.bash'
[1.056s] INFO:colcon.colcon_core.shell:Creating package script '/home/anan/ros2_ws/install/my_twopy_pkg/share/my_twopy_pkg/package.zsh'
[1.056s] Level 1:colcon.colcon_core.environment:create_file_with_runtime_dependencies(/home/anan/ros2_ws/install/my_twopy_pkg/share/colcon-core/packages/my_twopy_pkg)
[1.185s] Level 1:colcon.colcon_core.environment:create_environment_scripts_only(my_robot_interfaces)
[1.185s] Level 1:colcon.colcon_core.environment:checking '/home/anan/ros2_ws/install/my_robot_interfaces' for CMake module files
[1.186s] Level 1:colcon.colcon_core.environment:checking '/home/anan/ros2_ws/install/my_robot_interfaces' for CMake config files
[1.186s] Level 1:colcon.colcon_core.shell:create_environment_hook('my_robot_interfaces', 'cmake_prefix_path')
[1.186s] INFO:colcon.colcon_core.shell:Creating environment hook '/home/anan/ros2_ws/install/my_robot_interfaces/share/my_robot_interfaces/hook/cmake_prefix_path.ps1'
[1.187s] INFO:colcon.colcon_core.shell:Creating environment descriptor '/home/anan/ros2_ws/install/my_robot_interfaces/share/my_robot_interfaces/hook/cmake_prefix_path.dsv'
[1.187s] INFO:colcon.colcon_core.shell:Creating environment hook '/home/anan/ros2_ws/install/my_robot_interfaces/share/my_robot_interfaces/hook/cmake_prefix_path.sh'
[1.187s] Level 1:colcon.colcon_core.environment:checking '/home/anan/ros2_ws/install/my_robot_interfaces/lib'
[1.187s] Level 1:colcon.colcon_core.shell:create_environment_hook('my_robot_interfaces', 'ld_library_path_lib')
[1.187s] INFO:colcon.colcon_core.shell:Creating environment hook '/home/anan/ros2_ws/install/my_robot_interfaces/share/my_robot_interfaces/hook/ld_library_path_lib.ps1'
[1.188s] INFO:colcon.colcon_core.shell:Creating environment descriptor '/home/anan/ros2_ws/install/my_robot_interfaces/share/my_robot_interfaces/hook/ld_library_path_lib.dsv'
[1.188s] INFO:colcon.colcon_core.shell:Creating environment hook '/home/anan/ros2_ws/install/my_robot_interfaces/share/my_robot_interfaces/hook/ld_library_path_lib.sh'
[1.188s] Level 1:colcon.colcon_core.environment:checking '/home/anan/ros2_ws/install/my_robot_interfaces/bin'
[1.188s] Level 1:colcon.colcon_core.environment:checking '/home/anan/ros2_ws/install/my_robot_interfaces/lib/pkgconfig/my_robot_interfaces.pc'
[1.188s] Level 1:colcon.colcon_core.environment:checking '/home/anan/ros2_ws/install/my_robot_interfaces/lib/python3.10/site-packages'
[1.188s] Level 1:colcon.colcon_core.environment:checking '/home/anan/ros2_ws/install/my_robot_interfaces/bin'
[1.189s] INFO:colcon.colcon_core.shell:Creating package script '/home/anan/ros2_ws/install/my_robot_interfaces/share/my_robot_interfaces/package.ps1'
[1.189s] INFO:colcon.colcon_core.shell:Creating package descriptor '/home/anan/ros2_ws/install/my_robot_interfaces/share/my_robot_interfaces/package.dsv'
[1.189s] INFO:colcon.colcon_core.shell:Creating package script '/home/anan/ros2_ws/install/my_robot_interfaces/share/my_robot_interfaces/package.sh'
[1.190s] INFO:colcon.colcon_core.shell:Creating package script '/home/anan/ros2_ws/install/my_robot_interfaces/share/my_robot_interfaces/package.bash'
[1.190s] INFO:colcon.colcon_core.shell:Creating package script '/home/anan/ros2_ws/install/my_robot_interfaces/share/my_robot_interfaces/package.zsh'
[1.190s] Level 1:colcon.colcon_core.environment:create_file_with_runtime_dependencies(/home/anan/ros2_ws/install/my_robot_interfaces/share/colcon-core/packages/my_robot_interfaces)
[1.191s] INFO:colcon.colcon_ros.task.ament_python.build:Building ROS package in '/home/anan/ros2_ws/src/my_py_pkg' with build type 'ament_python'
[1.191s] Level 1:colcon.colcon_core.shell:create_environment_hook('my_py_pkg', 'ament_prefix_path')
[1.191s] INFO:colcon.colcon_core.shell:Creating environment hook '/home/anan/ros2_ws/install/my_py_pkg/share/my_py_pkg/hook/ament_prefix_path.ps1'
[1.192s] INFO:colcon.colcon_core.shell:Creating environment descriptor '/home/anan/ros2_ws/install/my_py_pkg/share/my_py_pkg/hook/ament_prefix_path.dsv'
[1.192s] INFO:colcon.colcon_core.shell:Creating environment hook '/home/anan/ros2_ws/install/my_py_pkg/share/my_py_pkg/hook/ament_prefix_path.sh'
[1.192s] INFO:colcon.colcon_core.shell:Skip shell extension 'powershell' for command environment: Not usable outside of PowerShell
[1.193s] DEBUG:colcon.colcon_core.shell:Skip shell extension 'dsv' for command environment
[1.195s] INFO:colcon.colcon_ros.task.ament_python.build:Building ROS package in '/home/anan/ros2_ws/src/turtlesim_catch_them_all' with build type 'ament_python'
[1.195s] Level 1:colcon.colcon_core.shell:create_environment_hook('turtlesim_catch_them_all', 'ament_prefix_path')
[1.195s] INFO:colcon.colcon_core.shell:Creating environment hook '/home/anan/ros2_ws/install/turtlesim_catch_them_all/share/turtlesim_catch_them_all/hook/ament_prefix_path.ps1'
[1.196s] INFO:colcon.colcon_core.shell:Creating environment descriptor '/home/anan/ros2_ws/install/turtlesim_catch_them_all/share/turtlesim_catch_them_all/hook/ament_prefix_path.dsv'
[1.196s] INFO:colcon.colcon_core.shell:Creating environment hook '/home/anan/ros2_ws/install/turtlesim_catch_them_all/share/turtlesim_catch_them_all/hook/ament_prefix_path.sh'
[1.197s] INFO:colcon.colcon_core.shell:Skip shell extension 'powershell' for command environment: Not usable outside of PowerShell
[1.197s] DEBUG:colcon.colcon_core.shell:Skip shell extension 'dsv' for command environment
[1.369s] INFO:colcon.colcon_core.task.python.build:Building Python package in '/home/anan/ros2_ws/src/my_py_pkg'
[1.369s] INFO:colcon.colcon_core.shell:Skip shell extension 'powershell' for command environment: Not usable outside of PowerShell
[1.369s] DEBUG:colcon.colcon_core.shell:Skip shell extension 'dsv' for command environment
[1.539s] INFO:colcon.colcon_core.task.python.build:Building Python package in '/home/anan/ros2_ws/src/turtlesim_catch_them_all'
[1.540s] INFO:colcon.colcon_core.shell:Skip shell extension 'powershell' for command environment: Not usable outside of PowerShell
[1.540s] DEBUG:colcon.colcon_core.shell:Skip shell extension 'dsv' for command environment
[1.772s] DEBUG:colcon.colcon_core.event_handler.log_command:Invoking command in '/home/anan/ros2_ws/src/my_py_pkg': CMAKE_PREFIX_PATH=/home/anan/ros2_ws/install/my_robot_interfaces:/home/anan/ros2_ws/install/my_robot_bringup:/home/anan/ros2_ws/install/my_cpp_pkg PYTHONPATH=/home/anan/ros2_ws/build/my_py_pkg/prefix_override:/usr/lib/python3/dist-packages/colcon_core/task/python/colcon_distutils_commands:/home/anan/ros2_ws/install/my_py_pkg/lib/python3.10/site-packages:${PYTHONPATH} /usr/bin/python3 -W ignore:setup.py install is deprecated setup.py egg_info --egg-base ../../build/my_py_pkg build --build-base /home/anan/ros2_ws/build/my_py_pkg/build install --record /home/anan/ros2_ws/build/my_py_pkg/install.log --single-version-externally-managed install_data
[1.795s] DEBUG:colcon.colcon_core.event_handler.log_command:Invoking command in '/home/anan/ros2_ws/src/turtlesim_catch_them_all': CMAKE_PREFIX_PATH=/home/anan/ros2_ws/install/my_robot_interfaces:/home/anan/ros2_ws/install/my_robot_bringup:/home/anan/ros2_ws/install/my_cpp_pkg PYTHONPATH=/home/anan/ros2_ws/build/turtlesim_catch_them_all/prefix_override:/usr/lib/python3/dist-packages/colcon_core/task/python/colcon_distutils_commands:/home/anan/ros2_ws/install/turtlesim_catch_them_all/lib/python3.10/site-packages:${PYTHONPATH} /usr/bin/python3 -W ignore:setup.py install is deprecated setup.py egg_info --egg-base ../../build/turtlesim_catch_them_all build --build-base /home/anan/ros2_ws/build/turtlesim_catch_them_all/build install --record /home/anan/ros2_ws/build/turtlesim_catch_them_all/install.log --single-version-externally-managed install_data
[1.975s] Level 1:colcon.colcon_core.environment:checking '/home/anan/ros2_ws/install/my_py_pkg' for CMake module files
[1.976s] DEBUG:colcon.colcon_core.event_handler.log_command:Invoked command in '/home/anan/ros2_ws/src/my_py_pkg' returned '0': CMAKE_PREFIX_PATH=/home/anan/ros2_ws/install/my_robot_interfaces:/home/anan/ros2_ws/install/my_robot_bringup:/home/anan/ros2_ws/install/my_cpp_pkg PYTHONPATH=/home/anan/ros2_ws/build/my_py_pkg/prefix_override:/usr/lib/python3/dist-packages/colcon_core/task/python/colcon_distutils_commands:/home/anan/ros2_ws/install/my_py_pkg/lib/python3.10/site-packages:${PYTHONPATH} /usr/bin/python3 -W ignore:setup.py install is deprecated setup.py egg_info --egg-base ../../build/my_py_pkg build --build-base /home/anan/ros2_ws/build/my_py_pkg/build install --record /home/anan/ros2_ws/build/my_py_pkg/install.log --single-version-externally-managed install_data
[1.976s] Level 1:colcon.colcon_core.environment:checking '/home/anan/ros2_ws/install/my_py_pkg' for CMake config files
[1.976s] Level 1:colcon.colcon_core.environment:checking '/home/anan/ros2_ws/install/my_py_pkg/lib'
[1.977s] Level 1:colcon.colcon_core.environment:checking '/home/anan/ros2_ws/install/my_py_pkg/bin'
[1.977s] Level 1:colcon.colcon_core.environment:checking '/home/anan/ros2_ws/install/my_py_pkg/lib/pkgconfig/my_py_pkg.pc'
[1.977s] Level 1:colcon.colcon_core.environment:checking '/home/anan/ros2_ws/install/my_py_pkg/lib/python3.10/site-packages'
[1.977s] Level 1:colcon.colcon_core.shell:create_environment_hook('my_py_pkg', 'pythonpath')
[1.977s] INFO:colcon.colcon_core.shell:Creating environment hook '/home/anan/ros2_ws/install/my_py_pkg/share/my_py_pkg/hook/pythonpath.ps1'
[1.977s] INFO:colcon.colcon_core.shell:Creating environment descriptor '/home/anan/ros2_ws/install/my_py_pkg/share/my_py_pkg/hook/pythonpath.dsv'
[1.978s] INFO:colcon.colcon_core.shell:Creating environment hook '/home/anan/ros2_ws/install/my_py_pkg/share/my_py_pkg/hook/pythonpath.sh'
[1.978s] Level 1:colcon.colcon_core.environment:checking '/home/anan/ros2_ws/install/my_py_pkg/bin'
[1.978s] Level 1:colcon.colcon_core.environment:create_environment_scripts_only(my_py_pkg)
[1.978s] INFO:colcon.colcon_core.shell:Creating package script '/home/anan/ros2_ws/install/my_py_pkg/share/my_py_pkg/package.ps1'
[1.979s] INFO:colcon.colcon_core.shell:Creating package descriptor '/home/anan/ros2_ws/install/my_py_pkg/share/my_py_pkg/package.dsv'
[1.979s] INFO:colcon.colcon_core.shell:Creating package script '/home/anan/ros2_ws/install/my_py_pkg/share/my_py_pkg/package.sh'
[1.979s] INFO:colcon.colcon_core.shell:Creating package script '/home/anan/ros2_ws/install/my_py_pkg/share/my_py_pkg/package.bash'
[1.980s] INFO:colcon.colcon_core.shell:Creating package script '/home/anan/ros2_ws/install/my_py_pkg/share/my_py_pkg/package.zsh'
[1.980s] Level 1:colcon.colcon_core.environment:create_file_with_runtime_dependencies(/home/anan/ros2_ws/install/my_py_pkg/share/colcon-core/packages/my_py_pkg)
[2.001s] Level 1:colcon.colcon_core.environment:checking '/home/anan/ros2_ws/install/turtlesim_catch_them_all' for CMake module files
[2.002s] DEBUG:colcon.colcon_core.event_handler.log_command:Invoked command in '/home/anan/ros2_ws/src/turtlesim_catch_them_all' returned '0': CMAKE_PREFIX_PATH=/home/anan/ros2_ws/install/my_robot_interfaces:/home/anan/ros2_ws/install/my_robot_bringup:/home/anan/ros2_ws/install/my_cpp_pkg PYTHONPATH=/home/anan/ros2_ws/build/turtlesim_catch_them_all/prefix_override:/usr/lib/python3/dist-packages/colcon_core/task/python/colcon_distutils_commands:/home/anan/ros2_ws/install/turtlesim_catch_them_all/lib/python3.10/site-packages:${PYTHONPATH} /usr/bin/python3 -W ignore:setup.py install is deprecated setup.py egg_info --egg-base ../../build/turtlesim_catch_them_all build --build-base /home/anan/ros2_ws/build/turtlesim_catch_them_all/build install --record /home/anan/ros2_ws/build/turtlesim_catch_them_all/install.log --single-version-externally-managed install_data
[2.002s] Level 1:colcon.colcon_core.environment:checking '/home/anan/ros2_ws/install/turtlesim_catch_them_all' for CMake config files
[2.003s] Level 1:colcon.colcon_core.environment:checking '/home/anan/ros2_ws/install/turtlesim_catch_them_all/lib'
[2.003s] Level 1:colcon.colcon_core.environment:checking '/home/anan/ros2_ws/install/turtlesim_catch_them_all/bin'
[2.003s] Level 1:colcon.colcon_core.environment:checking '/home/anan/ros2_ws/install/turtlesim_catch_them_all/lib/pkgconfig/turtlesim_catch_them_all.pc'
[2.003s] Level 1:colcon.colcon_core.environment:checking '/home/anan/ros2_ws/install/turtlesim_catch_them_all/lib/python3.10/site-packages'
[2.003s] Level 1:colcon.colcon_core.shell:create_environment_hook('turtlesim_catch_them_all', 'pythonpath')
[2.003s] INFO:colcon.colcon_core.shell:Creating environment hook '/home/anan/ros2_ws/install/turtlesim_catch_them_all/share/turtlesim_catch_them_all/hook/pythonpath.ps1'
[2.003s] INFO:colcon.colcon_core.shell:Creating environment descriptor '/home/anan/ros2_ws/install/turtlesim_catch_them_all/share/turtlesim_catch_them_all/hook/pythonpath.dsv'
[2.004s] INFO:colcon.colcon_core.shell:Creating environment hook '/home/anan/ros2_ws/install/turtlesim_catch_them_all/share/turtlesim_catch_them_all/hook/pythonpath.sh'
[2.004s] Level 1:colcon.colcon_core.environment:checking '/home/anan/ros2_ws/install/turtlesim_catch_them_all/bin'
[2.004s] Level 1:colcon.colcon_core.environment:create_environment_scripts_only(turtlesim_catch_them_all)
[2.004s] INFO:colcon.colcon_core.shell:Creating package script '/home/anan/ros2_ws/install/turtlesim_catch_them_all/share/turtlesim_catch_them_all/package.ps1'
[2.005s] INFO:colcon.colcon_core.shell:Creating package descriptor '/home/anan/ros2_ws/install/turtlesim_catch_them_all/share/turtlesim_catch_them_all/package.dsv'
[2.005s] INFO:colcon.colcon_core.shell:Creating package script '/home/anan/ros2_ws/install/turtlesim_catch_them_all/share/turtlesim_catch_them_all/package.sh'
[2.005s] INFO:colcon.colcon_core.shell:Creating package script '/home/anan/ros2_ws/install/turtlesim_catch_them_all/share/turtlesim_catch_them_all/package.bash'
[2.005s] INFO:colcon.colcon_core.shell:Creating package script '/home/anan/ros2_ws/install/turtlesim_catch_them_all/share/turtlesim_catch_them_all/package.zsh'
[2.006s] Level 1:colcon.colcon_core.environment:create_file_with_runtime_dependencies(/home/anan/ros2_ws/install/turtlesim_catch_them_all/share/colcon-core/packages/turtlesim_catch_them_all)
[2.006s] INFO:colcon.colcon_ros.task.ament_cmake.build:Building ROS package in '/home/anan/ros2_ws/src/my_robot_bringup' with build type 'ament_cmake'
[2.006s] INFO:colcon.colcon_cmake.task.cmake.build:Building CMake package in '/home/anan/ros2_ws/src/my_robot_bringup'
[2.006s] INFO:colcon.colcon_core.shell:Skip shell extension 'powershell' for command environment: Not usable outside of PowerShell
[2.006s] DEBUG:colcon.colcon_core.shell:Skip shell extension 'dsv' for command environment
[2.020s] DEBUG:colcon.colcon_core.event_handler.log_command:Invoking command in '/home/anan/ros2_ws/build/my_robot_bringup': AMENT_PREFIX_PATH=/home/anan/ros2_ws/install/turtlesim_catch_them_all:/home/anan/ros2_ws/install/my_py_pkg:/home/anan/ros2_ws/install/my_twopy_pkg:/home/anan/ros2_ws/install/my_robot_bringup:/home/anan/ros2_ws/install/my_robot_interfaces:/home/anan/ros2_ws/install/my_cpp_pkg:/opt/ros/humble CMAKE_PREFIX_PATH=/home/anan/ros2_ws/install/my_robot_interfaces:/home/anan/ros2_ws/install/my_robot_bringup:/home/anan/ros2_ws/install/my_cpp_pkg:/home/anan/ros2_ws/install/turtlesim_catch_them_all:/home/anan/ros2_ws/install/my_twopy_pkg:/home/anan/ros2_ws/install/my_py_pkg:/opt/ros/humble PYTHONPATH=/home/anan/ros2_ws/install/turtlesim_catch_them_all/lib/python3.10/site-packages:/home/anan/ros2_ws/install/my_py_pkg/lib/python3.10/site-packages:/home/anan/ros2_ws/install/my_twopy_pkg/lib/python3.10/site-packages:/home/anan/ros2_ws/install/my_robot_interfaces/local/lib/python3.10/dist-packages:/opt/ros/humble/lib/python3.10/site-packages:/opt/ros/humble/local/lib/python3.10/dist-packages /usr/bin/cmake --build /home/anan/ros2_ws/build/my_robot_bringup -- -j16 -l16
[2.229s] DEBUG:colcon.colcon_core.event_handler.log_command:Invoked command in '/home/anan/ros2_ws/build/my_robot_bringup' returned '0': AMENT_PREFIX_PATH=/home/anan/ros2_ws/install/turtlesim_catch_them_all:/home/anan/ros2_ws/install/my_py_pkg:/home/anan/ros2_ws/install/my_twopy_pkg:/home/anan/ros2_ws/install/my_robot_bringup:/home/anan/ros2_ws/install/my_robot_interfaces:/home/anan/ros2_ws/install/my_cpp_pkg:/opt/ros/humble CMAKE_PREFIX_PATH=/home/anan/ros2_ws/install/my_robot_interfaces:/home/anan/ros2_ws/install/my_robot_bringup:/home/anan/ros2_ws/install/my_cpp_pkg:/home/anan/ros2_ws/install/turtlesim_catch_them_all:/home/anan/ros2_ws/install/my_twopy_pkg:/home/anan/ros2_ws/install/my_py_pkg:/opt/ros/humble PYTHONPATH=/home/anan/ros2_ws/install/turtlesim_catch_them_all/lib/python3.10/site-packages:/home/anan/ros2_ws/install/my_py_pkg/lib/python3.10/site-packages:/home/anan/ros2_ws/install/my_twopy_pkg/lib/python3.10/site-packages:/home/anan/ros2_ws/install/my_robot_interfaces/local/lib/python3.10/dist-packages:/opt/ros/humble/lib/python3.10/site-packages:/opt/ros/humble/local/lib/python3.10/dist-packages /usr/bin/cmake --build /home/anan/ros2_ws/build/my_robot_bringup -- -j16 -l16
[2.256s] DEBUG:colcon.colcon_core.event_handler.log_command:Invoking command in '/home/anan/ros2_ws/build/my_robot_bringup': AMENT_PREFIX_PATH=/home/anan/ros2_ws/install/turtlesim_catch_them_all:/home/anan/ros2_ws/install/my_py_pkg:/home/anan/ros2_ws/install/my_twopy_pkg:/home/anan/ros2_ws/install/my_robot_bringup:/home/anan/ros2_ws/install/my_robot_interfaces:/home/anan/ros2_ws/install/my_cpp_pkg:/opt/ros/humble CMAKE_PREFIX_PATH=/home/anan/ros2_ws/install/my_robot_interfaces:/home/anan/ros2_ws/install/my_robot_bringup:/home/anan/ros2_ws/install/my_cpp_pkg:/home/anan/ros2_ws/install/turtlesim_catch_them_all:/home/anan/ros2_ws/install/my_twopy_pkg:/home/anan/ros2_ws/install/my_py_pkg:/opt/ros/humble PYTHONPATH=/home/anan/ros2_ws/install/turtlesim_catch_them_all/lib/python3.10/site-packages:/home/anan/ros2_ws/install/my_py_pkg/lib/python3.10/site-packages:/home/anan/ros2_ws/install/my_twopy_pkg/lib/python3.10/site-packages:/home/anan/ros2_ws/install/my_robot_interfaces/local/lib/python3.10/dist-packages:/opt/ros/humble/lib/python3.10/site-packages:/opt/ros/humble/local/lib/python3.10/dist-packages /usr/bin/cmake --install /home/anan/ros2_ws/build/my_robot_bringup
[2.266s] Level 1:colcon.colcon_core.environment:create_environment_scripts_only(my_robot_bringup)
[2.267s] Level 1:colcon.colcon_core.environment:checking '/home/anan/ros2_ws/install/my_robot_bringup' for CMake module files
[2.267s] DEBUG:colcon.colcon_core.event_handler.log_command:Invoked command in '/home/anan/ros2_ws/build/my_robot_bringup' returned '0': AMENT_PREFIX_PATH=/home/anan/ros2_ws/install/turtlesim_catch_them_all:/home/anan/ros2_ws/install/my_py_pkg:/home/anan/ros2_ws/install/my_twopy_pkg:/home/anan/ros2_ws/install/my_robot_bringup:/home/anan/ros2_ws/install/my_robot_interfaces:/home/anan/ros2_ws/install/my_cpp_pkg:/opt/ros/humble CMAKE_PREFIX_PATH=/home/anan/ros2_ws/install/my_robot_interfaces:/home/anan/ros2_ws/install/my_robot_bringup:/home/anan/ros2_ws/install/my_cpp_pkg:/home/anan/ros2_ws/install/turtlesim_catch_them_all:/home/anan/ros2_ws/install/my_twopy_pkg:/home/anan/ros2_ws/install/my_py_pkg:/opt/ros/humble PYTHONPATH=/home/anan/ros2_ws/install/turtlesim_catch_them_all/lib/python3.10/site-packages:/home/anan/ros2_ws/install/my_py_pkg/lib/python3.10/site-packages:/home/anan/ros2_ws/install/my_twopy_pkg/lib/python3.10/site-packages:/home/anan/ros2_ws/install/my_robot_interfaces/local/lib/python3.10/dist-packages:/opt/ros/humble/lib/python3.10/site-packages:/opt/ros/humble/local/lib/python3.10/dist-packages /usr/bin/cmake --install /home/anan/ros2_ws/build/my_robot_bringup
[2.268s] Level 1:colcon.colcon_core.environment:checking '/home/anan/ros2_ws/install/my_robot_bringup' for CMake config files
[2.268s] Level 1:colcon.colcon_core.shell:create_environment_hook('my_robot_bringup', 'cmake_prefix_path')
[2.268s] INFO:colcon.colcon_core.shell:Creating environment hook '/home/anan/ros2_ws/install/my_robot_bringup/share/my_robot_bringup/hook/cmake_prefix_path.ps1'
[2.269s] INFO:colcon.colcon_core.shell:Creating environment descriptor '/home/anan/ros2_ws/install/my_robot_bringup/share/my_robot_bringup/hook/cmake_prefix_path.dsv'
[2.269s] INFO:colcon.colcon_core.shell:Creating environment hook '/home/anan/ros2_ws/install/my_robot_bringup/share/my_robot_bringup/hook/cmake_prefix_path.sh'
[2.269s] Level 1:colcon.colcon_core.environment:checking '/home/anan/ros2_ws/install/my_robot_bringup/bin'
[2.269s] Level 1:colcon.colcon_core.environment:checking '/home/anan/ros2_ws/install/my_robot_bringup/lib/pkgconfig/my_robot_bringup.pc'
[2.269s] Level 1:colcon.colcon_core.environment:checking '/home/anan/ros2_ws/install/my_robot_bringup/lib/python3.10/site-packages'
[2.270s] Level 1:colcon.colcon_core.environment:checking '/home/anan/ros2_ws/install/my_robot_bringup/bin'
[2.270s] INFO:colcon.colcon_core.shell:Creating package script '/home/anan/ros2_ws/install/my_robot_bringup/share/my_robot_bringup/package.ps1'
[2.270s] INFO:colcon.colcon_core.shell:Creating package descriptor '/home/anan/ros2_ws/install/my_robot_bringup/share/my_robot_bringup/package.dsv'
[2.270s] INFO:colcon.colcon_core.shell:Creating package script '/home/anan/ros2_ws/install/my_robot_bringup/share/my_robot_bringup/package.sh'
[2.270s] INFO:colcon.colcon_core.shell:Creating package script '/home/anan/ros2_ws/install/my_robot_bringup/share/my_robot_bringup/package.bash'
[2.271s] INFO:colcon.colcon_core.shell:Creating package script '/home/anan/ros2_ws/install/my_robot_bringup/share/my_robot_bringup/package.zsh'
[2.271s] Level 1:colcon.colcon_core.environment:create_file_with_runtime_dependencies(/home/anan/ros2_ws/install/my_robot_bringup/share/colcon-core/packages/my_robot_bringup)
[2.297s] Level 1:colcon.colcon_core.environment:create_environment_scripts_only(my_robot_bringup)
[2.297s] Level 1:colcon.colcon_core.environment:checking '/home/anan/ros2_ws/install/my_robot_bringup' for CMake module files
[2.297s] Level 1:colcon.colcon_core.environment:checking '/home/anan/ros2_ws/install/my_robot_bringup' for CMake config files
[2.298s] Level 1:colcon.colcon_core.shell:create_environment_hook('my_robot_bringup', 'cmake_prefix_path')
[2.298s] INFO:colcon.colcon_core.shell:Creating environment hook '/home/anan/ros2_ws/install/my_robot_bringup/share/my_robot_bringup/hook/cmake_prefix_path.ps1'
[2.298s] INFO:colcon.colcon_core.shell:Creating environment descriptor '/home/anan/ros2_ws/install/my_robot_bringup/share/my_robot_bringup/hook/cmake_prefix_path.dsv'
[2.299s] INFO:colcon.colcon_core.shell:Creating environment hook '/home/anan/ros2_ws/install/my_robot_bringup/share/my_robot_bringup/hook/cmake_prefix_path.sh'
[2.299s] Level 1:colcon.colcon_core.environment:checking '/home/anan/ros2_ws/install/my_robot_bringup/bin'
[2.299s] Level 1:colcon.colcon_core.environment:checking '/home/anan/ros2_ws/install/my_robot_bringup/lib/pkgconfig/my_robot_bringup.pc'
[2.299s] Level 1:colcon.colcon_core.environment:checking '/home/anan/ros2_ws/install/my_robot_bringup/lib/python3.10/site-packages'
[2.299s] Level 1:colcon.colcon_core.environment:checking '/home/anan/ros2_ws/install/my_robot_bringup/bin'
[2.300s] INFO:colcon.colcon_core.shell:Creating package script '/home/anan/ros2_ws/install/my_robot_bringup/share/my_robot_bringup/package.ps1'
[2.300s] INFO:colcon.colcon_core.shell:Creating package descriptor '/home/anan/ros2_ws/install/my_robot_bringup/share/my_robot_bringup/package.dsv'
[2.300s] INFO:colcon.colcon_core.shell:Creating package script '/home/anan/ros2_ws/install/my_robot_bringup/share/my_robot_bringup/package.sh'
[2.301s] INFO:colcon.colcon_core.shell:Creating package script '/home/anan/ros2_ws/install/my_robot_bringup/share/my_robot_bringup/package.bash'
[2.301s] INFO:colcon.colcon_core.shell:Creating package script '/home/anan/ros2_ws/install/my_robot_bringup/share/my_robot_bringup/package.zsh'
[2.301s] Level 1:colcon.colcon_core.environment:create_file_with_runtime_dependencies(/home/anan/ros2_ws/install/my_robot_bringup/share/colcon-core/packages/my_robot_bringup)
[2.302s] DEBUG:colcon.colcon_parallel_executor.executor.parallel:closing loop
[2.302s] DEBUG:colcon.colcon_parallel_executor.executor.parallel:loop closed
[2.302s] DEBUG:colcon.colcon_parallel_executor.executor.parallel:run_until_complete finished with '0'
[2.302s] DEBUG:colcon.colcon_core.event_reactor:joining thread
[2.309s] INFO:colcon.colcon_core.plugin_system:Skipping extension 'colcon_notification.desktop_notification.terminal_notifier': Not used on non-Darwin systems
[2.309s] INFO:colcon.colcon_core.plugin_system:Skipping extension 'colcon_notification.desktop_notification.win32': Not used on non-Windows systems
[2.309s] INFO:colcon.colcon_notification.desktop_notification:Sending desktop notification using 'notify2'
[2.328s] DEBUG:colcon.colcon_core.event_reactor:joined thread
[2.329s] INFO:colcon.colcon_core.shell:Creating prefix script '/home/anan/ros2_ws/install/local_setup.ps1'
[2.330s] INFO:colcon.colcon_core.shell:Creating prefix util module '/home/anan/ros2_ws/install/_local_setup_util_ps1.py'
[2.332s] INFO:colcon.colcon_core.shell:Creating prefix chain script '/home/anan/ros2_ws/install/setup.ps1'
[2.333s] INFO:colcon.colcon_core.shell:Creating prefix script '/home/anan/ros2_ws/install/local_setup.sh'
[2.334s] INFO:colcon.colcon_core.shell:Creating prefix util module '/home/anan/ros2_ws/install/_local_setup_util_sh.py'
[2.334s] INFO:colcon.colcon_core.shell:Creating prefix chain script '/home/anan/ros2_ws/install/setup.sh'
[2.335s] INFO:colcon.colcon_core.shell:Creating prefix script '/home/anan/ros2_ws/install/local_setup.bash'
[2.336s] INFO:colcon.colcon_core.shell:Creating prefix chain script '/home/anan/ros2_ws/install/setup.bash'
[2.337s] INFO:colcon.colcon_core.shell:Creating prefix script '/home/anan/ros2_ws/install/local_setup.zsh'
[2.338s] INFO:colcon.colcon_core.shell:Creating prefix chain script '/home/anan/ros2_ws/install/setup.zsh'
