[0.712s] Invoking command in '/home/extra/ros2_ws/build/my_py_pkg': PYTHONPATH=/home/extra/ros2_ws/build/my_py_pkg/prefix_override:/usr/lib/python3/dist-packages/colcon_core/task/python/colcon_distutils_commands:/home/extra/ros2_ws/install/my_py_pkg/lib/python3.10/site-packages:${PYTHONPATH} /usr/bin/python3 -W ignore:setup.py install is deprecated setup.py develop --editable --build-directory /home/extra/ros2_ws/build/my_py_pkg/build --no-deps symlink_data --force
[1.005s] running develop
[1.005s] /usr/lib/python3/dist-packages/setuptools/command/easy_install.py:158: EasyInstallDeprecationWarning: easy_install command is deprecated. Use build and pip and other standards-based tools.
[1.006s]   warnings.warn(
[1.179s] running egg_info
[1.179s] writing my_py_pkg.egg-info/PKG-INFO
[1.179s] writing dependency_links to my_py_pkg.egg-info/dependency_links.txt
[1.180s] writing entry points to my_py_pkg.egg-info/entry_points.txt
[1.180s] writing requirements to my_py_pkg.egg-info/requires.txt
[1.180s] writing top-level names to my_py_pkg.egg-info/top_level.txt
[1.183s] reading manifest file 'my_py_pkg.egg-info/SOURCES.txt'
[1.184s] writing manifest file 'my_py_pkg.egg-info/SOURCES.txt'
[1.186s] running build_ext
[1.186s] Creating /home/extra/ros2_ws/install/my_py_pkg/lib/python3.10/site-packages/my-py-pkg.egg-link (link to .)
[1.187s] Installing py_node script to /home/extra/ros2_ws/install/my_py_pkg/lib/my_py_pkg
[1.188s] 
[1.188s] Installed /home/extra/ros2_ws/build/my_py_pkg
[1.188s] running symlink_data
[1.188s] symbolically linking /home/extra/ros2_ws/build/my_py_pkg/resource/my_py_pkg -> /home/extra/ros2_ws/install/my_py_pkg/share/ament_index/resource_index/packages
[1.188s] symbolically linking /home/extra/ros2_ws/build/my_py_pkg/package.xml -> /home/extra/ros2_ws/install/my_py_pkg/share/my_py_pkg
[1.220s] Invoked command in '/home/extra/ros2_ws/build/my_py_pkg' returned '0': PYTHONPATH=/home/extra/ros2_ws/build/my_py_pkg/prefix_override:/usr/lib/python3/dist-packages/colcon_core/task/python/colcon_distutils_commands:/home/extra/ros2_ws/install/my_py_pkg/lib/python3.10/site-packages:${PYTHONPATH} /usr/bin/python3 -W ignore:setup.py install is deprecated setup.py develop --editable --build-directory /home/extra/ros2_ws/build/my_py_pkg/build --no-deps symlink_data --force
