[0.375s] Invoking command in '/home/anan/ros2_ws/src/my_py_pkg': AMENT_PREFIX_PATH=/home/anan/ros2_ws/install/my_robot_interfaces:${AMENT_PREFIX_PATH} CMAKE_PREFIX_PATH=/home/anan/ros2_ws/install/my_robot_interfaces LD_LIBRARY_PATH=/home/anan/ros2_ws/install/my_robot_interfaces/lib:${LD_LIBRARY_PATH} PYTHONPATH=/home/anan/ros2_ws/build/my_py_pkg/prefix_override:/usr/lib/python3/dist-packages/colcon_core/task/python/colcon_distutils_commands:/home/anan/ros2_ws/install/my_py_pkg/lib/python3.10/site-packages:/home/anan/ros2_ws/install/my_robot_interfaces/local/lib/python3.10/dist-packages:${PYTHONPATH} /usr/bin/python3 -W ignore:setup.py install is deprecated setup.py egg_info --egg-base ../../build/my_py_pkg build --build-base /home/anan/ros2_ws/build/my_py_pkg/build install --record /home/anan/ros2_ws/build/my_py_pkg/install.log --single-version-externally-managed install_data
[0.518s] running egg_info
[0.518s] creating ../../build/my_py_pkg/my_py_pkg.egg-info
[0.518s] writing ../../build/my_py_pkg/my_py_pkg.egg-info/PKG-INFO
[0.518s] writing dependency_links to ../../build/my_py_pkg/my_py_pkg.egg-info/dependency_links.txt
[0.519s] writing entry points to ../../build/my_py_pkg/my_py_pkg.egg-info/entry_points.txt
[0.519s] writing requirements to ../../build/my_py_pkg/my_py_pkg.egg-info/requires.txt
[0.519s] writing top-level names to ../../build/my_py_pkg/my_py_pkg.egg-info/top_level.txt
[0.519s] writing manifest file '../../build/my_py_pkg/my_py_pkg.egg-info/SOURCES.txt'
[0.520s] reading manifest file '../../build/my_py_pkg/my_py_pkg.egg-info/SOURCES.txt'
[0.520s] writing manifest file '../../build/my_py_pkg/my_py_pkg.egg-info/SOURCES.txt'
[0.520s] running build
[0.520s] running build_py
[0.520s] creating /home/anan/ros2_ws/build/my_py_pkg/build
[0.520s] creating /home/anan/ros2_ws/build/my_py_pkg/build/lib
[0.520s] creating /home/anan/ros2_ws/build/my_py_pkg/build/lib/my_py_pkg
[0.521s] copying my_py_pkg/my_first_node.py -> /home/anan/ros2_ws/build/my_py_pkg/build/lib/my_py_pkg
[0.521s] copying my_py_pkg/battery.py -> /home/anan/ros2_ws/build/my_py_pkg/build/lib/my_py_pkg
[0.521s] copying my_py_pkg/add_two_ints_client_oop.py -> /home/anan/ros2_ws/build/my_py_pkg/build/lib/my_py_pkg
[0.521s] copying my_py_pkg/__init__.py -> /home/anan/ros2_ws/build/my_py_pkg/build/lib/my_py_pkg
[0.521s] copying my_py_pkg/led_panel.py -> /home/anan/ros2_ws/build/my_py_pkg/build/lib/my_py_pkg
[0.521s] copying my_py_pkg/number_publisher.py -> /home/anan/ros2_ws/build/my_py_pkg/build/lib/my_py_pkg
[0.521s] copying my_py_pkg/add_two_ints_server.py -> /home/anan/ros2_ws/build/my_py_pkg/build/lib/my_py_pkg
[0.521s] copying my_py_pkg/smartphone.py -> /home/anan/ros2_ws/build/my_py_pkg/build/lib/my_py_pkg
[0.521s] copying my_py_pkg/hw_status_publisher.py -> /home/anan/ros2_ws/build/my_py_pkg/build/lib/my_py_pkg
[0.521s] copying my_py_pkg/number_counter.py -> /home/anan/ros2_ws/build/my_py_pkg/build/lib/my_py_pkg
[0.521s] copying my_py_pkg/robot_news_station.py -> /home/anan/ros2_ws/build/my_py_pkg/build/lib/my_py_pkg
[0.521s] copying my_py_pkg/temp.py -> /home/anan/ros2_ws/build/my_py_pkg/build/lib/my_py_pkg
[0.521s] running install
[0.522s] running install_lib
[0.522s] creating /home/anan/ros2_ws/install/my_py_pkg/lib/python3.10/site-packages/my_py_pkg
[0.522s] copying /home/anan/ros2_ws/build/my_py_pkg/build/lib/my_py_pkg/my_first_node.py -> /home/anan/ros2_ws/install/my_py_pkg/lib/python3.10/site-packages/my_py_pkg
[0.522s] copying /home/anan/ros2_ws/build/my_py_pkg/build/lib/my_py_pkg/battery.py -> /home/anan/ros2_ws/install/my_py_pkg/lib/python3.10/site-packages/my_py_pkg
[0.522s] copying /home/anan/ros2_ws/build/my_py_pkg/build/lib/my_py_pkg/add_two_ints_client_oop.py -> /home/anan/ros2_ws/install/my_py_pkg/lib/python3.10/site-packages/my_py_pkg
[0.522s] copying /home/anan/ros2_ws/build/my_py_pkg/build/lib/my_py_pkg/__init__.py -> /home/anan/ros2_ws/install/my_py_pkg/lib/python3.10/site-packages/my_py_pkg
[0.522s] copying /home/anan/ros2_ws/build/my_py_pkg/build/lib/my_py_pkg/led_panel.py -> /home/anan/ros2_ws/install/my_py_pkg/lib/python3.10/site-packages/my_py_pkg
[0.522s] copying /home/anan/ros2_ws/build/my_py_pkg/build/lib/my_py_pkg/number_publisher.py -> /home/anan/ros2_ws/install/my_py_pkg/lib/python3.10/site-packages/my_py_pkg
[0.522s] copying /home/anan/ros2_ws/build/my_py_pkg/build/lib/my_py_pkg/add_two_ints_server.py -> /home/anan/ros2_ws/install/my_py_pkg/lib/python3.10/site-packages/my_py_pkg
[0.523s] copying /home/anan/ros2_ws/build/my_py_pkg/build/lib/my_py_pkg/smartphone.py -> /home/anan/ros2_ws/install/my_py_pkg/lib/python3.10/site-packages/my_py_pkg
[0.523s] copying /home/anan/ros2_ws/build/my_py_pkg/build/lib/my_py_pkg/hw_status_publisher.py -> /home/anan/ros2_ws/install/my_py_pkg/lib/python3.10/site-packages/my_py_pkg
[0.523s] copying /home/anan/ros2_ws/build/my_py_pkg/build/lib/my_py_pkg/number_counter.py -> /home/anan/ros2_ws/install/my_py_pkg/lib/python3.10/site-packages/my_py_pkg
[0.523s] copying /home/anan/ros2_ws/build/my_py_pkg/build/lib/my_py_pkg/robot_news_station.py -> /home/anan/ros2_ws/install/my_py_pkg/lib/python3.10/site-packages/my_py_pkg
[0.523s] copying /home/anan/ros2_ws/build/my_py_pkg/build/lib/my_py_pkg/temp.py -> /home/anan/ros2_ws/install/my_py_pkg/lib/python3.10/site-packages/my_py_pkg
[0.523s] byte-compiling /home/anan/ros2_ws/install/my_py_pkg/lib/python3.10/site-packages/my_py_pkg/my_first_node.py to my_first_node.cpython-310.pyc
[0.523s] byte-compiling /home/anan/ros2_ws/install/my_py_pkg/lib/python3.10/site-packages/my_py_pkg/battery.py to battery.cpython-310.pyc
[0.524s] byte-compiling /home/anan/ros2_ws/install/my_py_pkg/lib/python3.10/site-packages/my_py_pkg/add_two_ints_client_oop.py to add_two_ints_client_oop.cpython-310.pyc
[0.524s] byte-compiling /home/anan/ros2_ws/install/my_py_pkg/lib/python3.10/site-packages/my_py_pkg/__init__.py to __init__.cpython-310.pyc
[0.524s] byte-compiling /home/anan/ros2_ws/install/my_py_pkg/lib/python3.10/site-packages/my_py_pkg/led_panel.py to led_panel.cpython-310.pyc
[0.525s] byte-compiling /home/anan/ros2_ws/install/my_py_pkg/lib/python3.10/site-packages/my_py_pkg/number_publisher.py to number_publisher.cpython-310.pyc
[0.525s] byte-compiling /home/anan/ros2_ws/install/my_py_pkg/lib/python3.10/site-packages/my_py_pkg/add_two_ints_server.py to add_two_ints_server.cpython-310.pyc
[0.525s] byte-compiling /home/anan/ros2_ws/install/my_py_pkg/lib/python3.10/site-packages/my_py_pkg/smartphone.py to smartphone.cpython-310.pyc
[0.525s] byte-compiling /home/anan/ros2_ws/install/my_py_pkg/lib/python3.10/site-packages/my_py_pkg/hw_status_publisher.py to hw_status_publisher.cpython-310.pyc
[0.525s] byte-compiling /home/anan/ros2_ws/install/my_py_pkg/lib/python3.10/site-packages/my_py_pkg/number_counter.py to number_counter.cpython-310.pyc
[0.526s] byte-compiling /home/anan/ros2_ws/install/my_py_pkg/lib/python3.10/site-packages/my_py_pkg/robot_news_station.py to robot_news_station.cpython-310.pyc
[0.526s] byte-compiling /home/anan/ros2_ws/install/my_py_pkg/lib/python3.10/site-packages/my_py_pkg/temp.py to temp.cpython-310.pyc
[0.526s] running install_data
[0.526s] creating /home/anan/ros2_ws/install/my_py_pkg/share/ament_index
[0.526s] creating /home/anan/ros2_ws/install/my_py_pkg/share/ament_index/resource_index
[0.526s] creating /home/anan/ros2_ws/install/my_py_pkg/share/ament_index/resource_index/packages
[0.526s] copying resource/my_py_pkg -> /home/anan/ros2_ws/install/my_py_pkg/share/ament_index/resource_index/packages
[0.526s] copying package.xml -> /home/anan/ros2_ws/install/my_py_pkg/share/my_py_pkg
[0.526s] running install_egg_info
[0.527s] Copying ../../build/my_py_pkg/my_py_pkg.egg-info to /home/anan/ros2_ws/install/my_py_pkg/lib/python3.10/site-packages/my_py_pkg-0.0.0-py3.10.egg-info
[0.528s] running install_scripts
[0.541s] Installing add_two_ints_client_oop script to /home/anan/ros2_ws/install/my_py_pkg/lib/my_py_pkg
[0.541s] Installing add_two_ints_server script to /home/anan/ros2_ws/install/my_py_pkg/lib/my_py_pkg
[0.541s] Installing battery script to /home/anan/ros2_ws/install/my_py_pkg/lib/my_py_pkg
[0.542s] Installing hw_status_publisher script to /home/anan/ros2_ws/install/my_py_pkg/lib/my_py_pkg
[0.542s] Installing led_panel script to /home/anan/ros2_ws/install/my_py_pkg/lib/my_py_pkg
[0.542s] Installing number_counter script to /home/anan/ros2_ws/install/my_py_pkg/lib/my_py_pkg
[0.542s] Installing number_publisher script to /home/anan/ros2_ws/install/my_py_pkg/lib/my_py_pkg
[0.542s] Installing py_node script to /home/anan/ros2_ws/install/my_py_pkg/lib/my_py_pkg
[0.542s] Installing robot_news_station script to /home/anan/ros2_ws/install/my_py_pkg/lib/my_py_pkg
[0.542s] Installing smartphone script to /home/anan/ros2_ws/install/my_py_pkg/lib/my_py_pkg
[0.542s] writing list of installed files to '/home/anan/ros2_ws/build/my_py_pkg/install.log'
[0.558s] Invoked command in '/home/anan/ros2_ws/src/my_py_pkg' returned '0': AMENT_PREFIX_PATH=/home/anan/ros2_ws/install/my_robot_interfaces:${AMENT_PREFIX_PATH} CMAKE_PREFIX_PATH=/home/anan/ros2_ws/install/my_robot_interfaces LD_LIBRARY_PATH=/home/anan/ros2_ws/install/my_robot_interfaces/lib:${LD_LIBRARY_PATH} PYTHONPATH=/home/anan/ros2_ws/build/my_py_pkg/prefix_override:/usr/lib/python3/dist-packages/colcon_core/task/python/colcon_distutils_commands:/home/anan/ros2_ws/install/my_py_pkg/lib/python3.10/site-packages:/home/anan/ros2_ws/install/my_robot_interfaces/local/lib/python3.10/dist-packages:${PYTHONPATH} /usr/bin/python3 -W ignore:setup.py install is deprecated setup.py egg_info --egg-base ../../build/my_py_pkg build --build-base /home/anan/ros2_ws/build/my_py_pkg/build install --record /home/anan/ros2_ws/build/my_py_pkg/install.log --single-version-externally-managed install_data
