[0.727s] Invoking command in '/home/extra/ros2_ws/src/my_py_pkg': PYTHONPATH=/home/extra/ros2_ws/build/my_py_pkg/prefix_override:/usr/lib/python3/dist-packages/colcon_core/task/python/colcon_distutils_commands:/home/extra/ros2_ws/install/my_py_pkg/lib/python3.10/site-packages:${PYTHONPATH} /usr/bin/python3 -W ignore:setup.py install is deprecated setup.py egg_info --egg-base ../../build/my_py_pkg build --build-base /home/extra/ros2_ws/build/my_py_pkg/build install --record /home/extra/ros2_ws/build/my_py_pkg/install.log --single-version-externally-managed install_data
[0.999s] running egg_info
[1.000s] writing ../../build/my_py_pkg/my_py_pkg.egg-info/PKG-INFO
[1.000s] writing dependency_links to ../../build/my_py_pkg/my_py_pkg.egg-info/dependency_links.txt
[1.001s] writing entry points to ../../build/my_py_pkg/my_py_pkg.egg-info/entry_points.txt
[1.001s] writing requirements to ../../build/my_py_pkg/my_py_pkg.egg-info/requires.txt
[1.001s] writing top-level names to ../../build/my_py_pkg/my_py_pkg.egg-info/top_level.txt
[1.004s] reading manifest file '../../build/my_py_pkg/my_py_pkg.egg-info/SOURCES.txt'
[1.005s] writing manifest file '../../build/my_py_pkg/my_py_pkg.egg-info/SOURCES.txt'
[1.006s] running build
[1.006s] running build_py
[1.006s] running install
[1.006s] running install_lib
[1.008s] running install_data
[1.008s] running install_egg_info
[1.011s] removing '/home/extra/ros2_ws/install/my_py_pkg/lib/python3.10/site-packages/my_py_pkg-0.0.0-py3.10.egg-info' (and everything under it)
[1.011s] Copying ../../build/my_py_pkg/my_py_pkg.egg-info to /home/extra/ros2_ws/install/my_py_pkg/lib/python3.10/site-packages/my_py_pkg-0.0.0-py3.10.egg-info
[1.012s] running install_scripts
[1.038s] writing list of installed files to '/home/extra/ros2_ws/build/my_py_pkg/install.log'
[1.066s] Invoked command in '/home/extra/ros2_ws/src/my_py_pkg' returned '0': PYTHONPATH=/home/extra/ros2_ws/build/my_py_pkg/prefix_override:/usr/lib/python3/dist-packages/colcon_core/task/python/colcon_distutils_commands:/home/extra/ros2_ws/install/my_py_pkg/lib/python3.10/site-packages:${PYTHONPATH} /usr/bin/python3 -W ignore:setup.py install is deprecated setup.py egg_info --egg-base ../../build/my_py_pkg build --build-base /home/extra/ros2_ws/build/my_py_pkg/build install --record /home/extra/ros2_ws/build/my_py_pkg/install.log --single-version-externally-managed install_data
