[0.599s] Invoking command in '/home/anan/ros2_ws/src/turtlesim_catch_them_all': CMAKE_PREFIX_PATH=/home/anan/ros2_ws/install/my_robot_interfaces:/home/anan/ros2_ws/install/my_robot_bringup:/home/anan/ros2_ws/install/my_cpp_pkg PYTHONPATH=/home/anan/ros2_ws/build/turtlesim_catch_them_all/prefix_override:/usr/lib/python3/dist-packages/colcon_core/task/python/colcon_distutils_commands:/home/anan/ros2_ws/install/turtlesim_catch_them_all/lib/python3.10/site-packages:${PYTHONPATH} /usr/bin/python3 -W ignore:setup.py install is deprecated setup.py egg_info --egg-base ../../build/turtlesim_catch_them_all build --build-base /home/anan/ros2_ws/build/turtlesim_catch_them_all/build install --record /home/anan/ros2_ws/build/turtlesim_catch_them_all/install.log --single-version-externally-managed install_data
[0.756s] running egg_info
[0.756s] writing ../../build/turtlesim_catch_them_all/turtlesim_catch_them_all.egg-info/PKG-INFO
[0.757s] writing dependency_links to ../../build/turtlesim_catch_them_all/turtlesim_catch_them_all.egg-info/dependency_links.txt
[0.757s] writing entry points to ../../build/turtlesim_catch_them_all/turtlesim_catch_them_all.egg-info/entry_points.txt
[0.757s] writing requirements to ../../build/turtlesim_catch_them_all/turtlesim_catch_them_all.egg-info/requires.txt
[0.757s] writing top-level names to ../../build/turtlesim_catch_them_all/turtlesim_catch_them_all.egg-info/top_level.txt
[0.758s] reading manifest file '../../build/turtlesim_catch_them_all/turtlesim_catch_them_all.egg-info/SOURCES.txt'
[0.760s] writing manifest file '../../build/turtlesim_catch_them_all/turtlesim_catch_them_all.egg-info/SOURCES.txt'
[0.760s] running build
[0.760s] running build_py
[0.761s] copying turtlesim_catch_them_all/turtle_spawner.py -> /home/anan/ros2_ws/build/turtlesim_catch_them_all/build/lib/turtlesim_catch_them_all
[0.761s] copying turtlesim_catch_them_all/turtle_controller.py -> /home/anan/ros2_ws/build/turtlesim_catch_them_all/build/lib/turtlesim_catch_them_all
[0.761s] running install
[0.761s] running install_lib
[0.762s] copying /home/anan/ros2_ws/build/turtlesim_catch_them_all/build/lib/turtlesim_catch_them_all/turtle_spawner.py -> /home/anan/ros2_ws/install/turtlesim_catch_them_all/lib/python3.10/site-packages/turtlesim_catch_them_all
[0.762s] copying /home/anan/ros2_ws/build/turtlesim_catch_them_all/build/lib/turtlesim_catch_them_all/turtle_controller.py -> /home/anan/ros2_ws/install/turtlesim_catch_them_all/lib/python3.10/site-packages/turtlesim_catch_them_all
[0.762s] byte-compiling /home/anan/ros2_ws/install/turtlesim_catch_them_all/lib/python3.10/site-packages/turtlesim_catch_them_all/turtle_spawner.py to turtle_spawner.cpython-310.pyc
[0.763s] byte-compiling /home/anan/ros2_ws/install/turtlesim_catch_them_all/lib/python3.10/site-packages/turtlesim_catch_them_all/turtle_controller.py to turtle_controller.cpython-310.pyc
[0.763s] running install_data
[0.764s] running install_egg_info
[0.765s] removing '/home/anan/ros2_ws/install/turtlesim_catch_them_all/lib/python3.10/site-packages/turtlesim_catch_them_all-0.0.0-py3.10.egg-info' (and everything under it)
[0.765s] Copying ../../build/turtlesim_catch_them_all/turtlesim_catch_them_all.egg-info to /home/anan/ros2_ws/install/turtlesim_catch_them_all/lib/python3.10/site-packages/turtlesim_catch_them_all-0.0.0-py3.10.egg-info
[0.767s] running install_scripts
[0.783s] Installing turtle_spawner script to /home/anan/ros2_ws/install/turtlesim_catch_them_all/lib/turtlesim_catch_them_all
[0.783s] Installing turtlesim_controller script to /home/anan/ros2_ws/install/turtlesim_catch_them_all/lib/turtlesim_catch_them_all
[0.783s] writing list of installed files to '/home/anan/ros2_ws/build/turtlesim_catch_them_all/install.log'
[0.806s] Invoked command in '/home/anan/ros2_ws/src/turtlesim_catch_them_all' returned '0': CMAKE_PREFIX_PATH=/home/anan/ros2_ws/install/my_robot_interfaces:/home/anan/ros2_ws/install/my_robot_bringup:/home/anan/ros2_ws/install/my_cpp_pkg PYTHONPATH=/home/anan/ros2_ws/build/turtlesim_catch_them_all/prefix_override:/usr/lib/python3/dist-packages/colcon_core/task/python/colcon_distutils_commands:/home/anan/ros2_ws/install/turtlesim_catch_them_all/lib/python3.10/site-packages:${PYTHONPATH} /usr/bin/python3 -W ignore:setup.py install is deprecated setup.py egg_info --egg-base ../../build/turtlesim_catch_them_all build --build-base /home/anan/ros2_ws/build/turtlesim_catch_them_all/build install --record /home/anan/ros2_ws/build/turtlesim_catch_them_all/install.log --single-version-externally-managed install_data
