[0.686s] Invoking command in '/home/extra/ros2_ws/build/my_py_pkg': PYTHONPATH=/home/extra/ros2_ws/build/my_py_pkg/prefix_override:/usr/lib/python3/dist-packages/colcon_core/task/python/colcon_distutils_commands:/home/extra/ros2_ws/install/my_py_pkg/lib/python3.10/site-packages:${PYTHONPATH} /usr/bin/python3 -W ignore:setup.py install is deprecated setup.py develop --editable --build-directory /home/extra/ros2_ws/build/my_py_pkg/build --no-deps symlink_data
[0.979s] running develop
[0.979s] /usr/lib/python3/dist-packages/setuptools/command/easy_install.py:158: EasyInstallDeprecationWarning: easy_install command is deprecated. Use build and pip and other standards-based tools.
[0.980s]   warnings.warn(
[1.155s] running egg_info
[1.155s] writing my_py_pkg.egg-info/PKG-INFO
[1.155s] writing dependency_links to my_py_pkg.egg-info/dependency_links.txt
[1.156s] writing entry points to my_py_pkg.egg-info/entry_points.txt
[1.156s] writing requirements to my_py_pkg.egg-info/requires.txt
[1.156s] writing top-level names to my_py_pkg.egg-info/top_level.txt
[1.159s] reading manifest file 'my_py_pkg.egg-info/SOURCES.txt'
[1.160s] writing manifest file 'my_py_pkg.egg-info/SOURCES.txt'
[1.162s] running build_ext
[1.162s] Creating /home/extra/ros2_ws/install/my_py_pkg/lib/python3.10/site-packages/my-py-pkg.egg-link (link to .)
[1.163s] Installing number_publisher script to /home/extra/ros2_ws/install/my_py_pkg/lib/my_py_pkg
[1.164s] Installing py_node script to /home/extra/ros2_ws/install/my_py_pkg/lib/my_py_pkg
[1.164s] Installing robot_news_station script to /home/extra/ros2_ws/install/my_py_pkg/lib/my_py_pkg
[1.164s] Installing smartphone script to /home/extra/ros2_ws/install/my_py_pkg/lib/my_py_pkg
[1.164s] 
[1.164s] Installed /home/extra/ros2_ws/build/my_py_pkg
[1.164s] running symlink_data
[1.197s] Invoked command in '/home/extra/ros2_ws/build/my_py_pkg' returned '0': PYTHONPATH=/home/extra/ros2_ws/build/my_py_pkg/prefix_override:/usr/lib/python3/dist-packages/colcon_core/task/python/colcon_distutils_commands:/home/extra/ros2_ws/install/my_py_pkg/lib/python3.10/site-packages:${PYTHONPATH} /usr/bin/python3 -W ignore:setup.py install is deprecated setup.py develop --editable --build-directory /home/extra/ros2_ws/build/my_py_pkg/build --no-deps symlink_data
