[0.067s] DEBUG:colcon:Command line arguments: ['/usr/bin/colcon', 'build']
[0.067s] DEBUG:colcon:Parsed command line arguments: Namespace(log_base=None, log_level=None, verb_name='build', build_base='build', install_base='install', merge_install=False, symlink_install=False, test_result_base=None, continue_on_error=False, executor='parallel', parallel_workers=16, event_handlers=None, ignore_user_meta=False, metas=['./colcon.meta'], base_paths=['.'], packages_ignore=None, packages_ignore_regex=None, paths=None, packages_up_to=None, packages_up_to_regex=None, packages_above=None, packages_above_and_dependencies=None, packages_above_depth=None, packages_select_by_dep=None, packages_skip_by_dep=None, packages_skip_up_to=None, packages_select_build_failed=False, packages_skip_build_finished=False, packages_select_test_failures=False, packages_skip_test_passed=False, packages_select=None, packages_skip=None, packages_select_regex=None, packages_skip_regex=None, packages_start=None, packages_end=None, allow_overriding=[], cmake_args=None, cmake_target=None, cmake_target_skip_unavailable=False, cmake_clean_cache=False, cmake_clean_first=False, cmake_force_configure=False, ament_cmake_args=None, catkin_cmake_args=None, catkin_skip_building_tests=False, verb_parser=<colcon_defaults.argument_parser.defaults.DefaultArgumentsDecorator object at 0x735acd7f40d0>, verb_extension=<colcon_core.verb.build.BuildVerb object at 0x735acd7c39d0>, main=<bound method BuildVerb.main of <colcon_core.verb.build.BuildVerb object at 0x735acd7c39d0>>)
[0.166s] Level 1:colcon.colcon_core.package_discovery:discover_packages(colcon_meta) check parameters
[0.166s] Level 1:colcon.colcon_core.package_discovery:discover_packages(recursive) check parameters
[0.166s] Level 1:colcon.colcon_core.package_discovery:discover_packages(ignore) check parameters
[0.166s] Level 1:colcon.colcon_core.package_discovery:discover_packages(path) check parameters
[0.166s] Level 1:colcon.colcon_core.package_discovery:discover_packages(colcon_meta) discover
[0.166s] Level 1:colcon.colcon_core.package_discovery:discover_packages(recursive) discover
[0.166s] INFO:colcon.colcon_core.package_discovery:Crawling recursively for packages in '/home/anan/ros2_ws'
[0.167s] Level 1:colcon.colcon_core.package_identification:_identify(.) by extensions ['ignore', 'ignore_ament_install']
[0.167s] Level 1:colcon.colcon_core.package_identification:_identify(.) by extension 'ignore'
[0.167s] Level 1:colcon.colcon_core.package_identification:_identify(.) by extension 'ignore_ament_install'
[0.167s] Level 1:colcon.colcon_core.package_identification:_identify(.) by extensions ['colcon_pkg']
[0.167s] Level 1:colcon.colcon_core.package_identification:_identify(.) by extension 'colcon_pkg'
[0.167s] Level 1:colcon.colcon_core.package_identification:_identify(.) by extensions ['colcon_meta']
[0.167s] Level 1:colcon.colcon_core.package_identification:_identify(.) by extension 'colcon_meta'
[0.167s] Level 1:colcon.colcon_core.package_identification:_identify(.) by extensions ['ros']
[0.167s] Level 1:colcon.colcon_core.package_identification:_identify(.) by extension 'ros'
[0.174s] Level 1:colcon.colcon_core.package_identification:_identify(.) by extensions ['cmake', 'python']
[0.174s] Level 1:colcon.colcon_core.package_identification:_identify(.) by extension 'cmake'
[0.174s] Level 1:colcon.colcon_core.package_identification:_identify(.) by extension 'python'
[0.174s] Level 1:colcon.colcon_core.package_identification:_identify(.) by extensions ['python_setup_py']
[0.174s] Level 1:colcon.colcon_core.package_identification:_identify(.) by extension 'python_setup_py'
[0.174s] Level 1:colcon.colcon_core.package_identification:_identify(build) by extensions ['ignore', 'ignore_ament_install']
[0.174s] Level 1:colcon.colcon_core.package_identification:_identify(build) by extension 'ignore'
[0.174s] Level 1:colcon.colcon_core.package_identification:_identify(build) ignored
[0.174s] Level 1:colcon.colcon_core.package_identification:_identify(install) by extensions ['ignore', 'ignore_ament_install']
[0.174s] Level 1:colcon.colcon_core.package_identification:_identify(install) by extension 'ignore'
[0.174s] Level 1:colcon.colcon_core.package_identification:_identify(install) ignored
[0.174s] Level 1:colcon.colcon_core.package_identification:_identify(log) by extensions ['ignore', 'ignore_ament_install']
[0.175s] Level 1:colcon.colcon_core.package_identification:_identify(log) by extension 'ignore'
[0.175s] Level 1:colcon.colcon_core.package_identification:_identify(log) ignored
[0.175s] Level 1:colcon.colcon_core.package_identification:_identify(src) by extensions ['ignore', 'ignore_ament_install']
[0.175s] Level 1:colcon.colcon_core.package_identification:_identify(src) by extension 'ignore'
[0.175s] Level 1:colcon.colcon_core.package_identification:_identify(src) by extension 'ignore_ament_install'
[0.175s] Level 1:colcon.colcon_core.package_identification:_identify(src) by extensions ['colcon_pkg']
[0.175s] Level 1:colcon.colcon_core.package_identification:_identify(src) by extension 'colcon_pkg'
[0.175s] Level 1:colcon.colcon_core.package_identification:_identify(src) by extensions ['colcon_meta']
[0.175s] Level 1:colcon.colcon_core.package_identification:_identify(src) by extension 'colcon_meta'
[0.175s] Level 1:colcon.colcon_core.package_identification:_identify(src) by extensions ['ros']
[0.175s] Level 1:colcon.colcon_core.package_identification:_identify(src) by extension 'ros'
[0.175s] Level 1:colcon.colcon_core.package_identification:_identify(src) by extensions ['cmake', 'python']
[0.175s] Level 1:colcon.colcon_core.package_identification:_identify(src) by extension 'cmake'
[0.175s] Level 1:colcon.colcon_core.package_identification:_identify(src) by extension 'python'
[0.175s] Level 1:colcon.colcon_core.package_identification:_identify(src) by extensions ['python_setup_py']
[0.175s] Level 1:colcon.colcon_core.package_identification:_identify(src) by extension 'python_setup_py'
[0.175s] Level 1:colcon.colcon_core.package_identification:_identify(src/my_cpp_pkg) by extensions ['ignore', 'ignore_ament_install']
[0.175s] Level 1:colcon.colcon_core.package_identification:_identify(src/my_cpp_pkg) by extension 'ignore'
[0.175s] Level 1:colcon.colcon_core.package_identification:_identify(src/my_cpp_pkg) by extension 'ignore_ament_install'
[0.175s] Level 1:colcon.colcon_core.package_identification:_identify(src/my_cpp_pkg) by extensions ['colcon_pkg']
[0.175s] Level 1:colcon.colcon_core.package_identification:_identify(src/my_cpp_pkg) by extension 'colcon_pkg'
[0.175s] Level 1:colcon.colcon_core.package_identification:_identify(src/my_cpp_pkg) by extensions ['colcon_meta']
[0.175s] Level 1:colcon.colcon_core.package_identification:_identify(src/my_cpp_pkg) by extension 'colcon_meta'
[0.175s] Level 1:colcon.colcon_core.package_identification:_identify(src/my_cpp_pkg) by extensions ['ros']
[0.175s] Level 1:colcon.colcon_core.package_identification:_identify(src/my_cpp_pkg) by extension 'ros'
[0.177s] DEBUG:colcon.colcon_core.package_identification:Package 'src/my_cpp_pkg' with type 'ros.ament_cmake' and name 'my_cpp_pkg'
[0.177s] Level 1:colcon.colcon_core.package_identification:_identify(src/my_py_pkg) by extensions ['ignore', 'ignore_ament_install']
[0.177s] Level 1:colcon.colcon_core.package_identification:_identify(src/my_py_pkg) by extension 'ignore'
[0.177s] Level 1:colcon.colcon_core.package_identification:_identify(src/my_py_pkg) by extension 'ignore_ament_install'
[0.177s] Level 1:colcon.colcon_core.package_identification:_identify(src/my_py_pkg) by extensions ['colcon_pkg']
[0.177s] Level 1:colcon.colcon_core.package_identification:_identify(src/my_py_pkg) by extension 'colcon_pkg'
[0.177s] Level 1:colcon.colcon_core.package_identification:_identify(src/my_py_pkg) by extensions ['colcon_meta']
[0.177s] Level 1:colcon.colcon_core.package_identification:_identify(src/my_py_pkg) by extension 'colcon_meta'
[0.177s] Level 1:colcon.colcon_core.package_identification:_identify(src/my_py_pkg) by extensions ['ros']
[0.177s] Level 1:colcon.colcon_core.package_identification:_identify(src/my_py_pkg) by extension 'ros'
[0.177s] DEBUG:colcon.colcon_core.package_identification:Package 'src/my_py_pkg' with type 'ros.ament_python' and name 'my_py_pkg'
[0.178s] Level 1:colcon.colcon_core.package_identification:_identify(src/my_robot_bringup) by extensions ['ignore', 'ignore_ament_install']
[0.178s] Level 1:colcon.colcon_core.package_identification:_identify(src/my_robot_bringup) by extension 'ignore'
[0.178s] Level 1:colcon.colcon_core.package_identification:_identify(src/my_robot_bringup) by extension 'ignore_ament_install'
[0.178s] Level 1:colcon.colcon_core.package_identification:_identify(src/my_robot_bringup) by extensions ['colcon_pkg']
[0.178s] Level 1:colcon.colcon_core.package_identification:_identify(src/my_robot_bringup) by extension 'colcon_pkg'
[0.178s] Level 1:colcon.colcon_core.package_identification:_identify(src/my_robot_bringup) by extensions ['colcon_meta']
[0.178s] Level 1:colcon.colcon_core.package_identification:_identify(src/my_robot_bringup) by extension 'colcon_meta'
[0.178s] Level 1:colcon.colcon_core.package_identification:_identify(src/my_robot_bringup) by extensions ['ros']
[0.178s] Level 1:colcon.colcon_core.package_identification:_identify(src/my_robot_bringup) by extension 'ros'
[0.178s] DEBUG:colcon.colcon_core.package_identification:Package 'src/my_robot_bringup' with type 'ros.ament_cmake' and name 'my_robot_bringup'
[0.178s] Level 1:colcon.colcon_core.package_identification:_identify(src/my_robot_interfaces) by extensions ['ignore', 'ignore_ament_install']
[0.178s] Level 1:colcon.colcon_core.package_identification:_identify(src/my_robot_interfaces) by extension 'ignore'
[0.178s] Level 1:colcon.colcon_core.package_identification:_identify(src/my_robot_interfaces) by extension 'ignore_ament_install'
[0.178s] Level 1:colcon.colcon_core.package_identification:_identify(src/my_robot_interfaces) by extensions ['colcon_pkg']
[0.178s] Level 1:colcon.colcon_core.package_identification:_identify(src/my_robot_interfaces) by extension 'colcon_pkg'
[0.178s] Level 1:colcon.colcon_core.package_identification:_identify(src/my_robot_interfaces) by extensions ['colcon_meta']
[0.178s] Level 1:colcon.colcon_core.package_identification:_identify(src/my_robot_interfaces) by extension 'colcon_meta'
[0.178s] Level 1:colcon.colcon_core.package_identification:_identify(src/my_robot_interfaces) by extensions ['ros']
[0.178s] Level 1:colcon.colcon_core.package_identification:_identify(src/my_robot_interfaces) by extension 'ros'
[0.179s] DEBUG:colcon.colcon_core.package_identification:Package 'src/my_robot_interfaces' with type 'ros.ament_cmake' and name 'my_robot_interfaces'
[0.179s] Level 1:colcon.colcon_core.package_identification:_identify(src/my_twopy_pkg) by extensions ['ignore', 'ignore_ament_install']
[0.179s] Level 1:colcon.colcon_core.package_identification:_identify(src/my_twopy_pkg) by extension 'ignore'
[0.179s] Level 1:colcon.colcon_core.package_identification:_identify(src/my_twopy_pkg) by extension 'ignore_ament_install'
[0.179s] Level 1:colcon.colcon_core.package_identification:_identify(src/my_twopy_pkg) by extensions ['colcon_pkg']
[0.179s] Level 1:colcon.colcon_core.package_identification:_identify(src/my_twopy_pkg) by extension 'colcon_pkg'
[0.179s] Level 1:colcon.colcon_core.package_identification:_identify(src/my_twopy_pkg) by extensions ['colcon_meta']
[0.179s] Level 1:colcon.colcon_core.package_identification:_identify(src/my_twopy_pkg) by extension 'colcon_meta'
[0.180s] Level 1:colcon.colcon_core.package_identification:_identify(src/my_twopy_pkg) by extensions ['ros']
[0.180s] Level 1:colcon.colcon_core.package_identification:_identify(src/my_twopy_pkg) by extension 'ros'
[0.180s] DEBUG:colcon.colcon_core.package_identification:Package 'src/my_twopy_pkg' with type 'ros.ament_python' and name 'my_twopy_pkg'
[0.180s] Level 1:colcon.colcon_core.package_identification:_identify(src/turtlesim_catch_them_all) by extensions ['ignore', 'ignore_ament_install']
[0.180s] Level 1:colcon.colcon_core.package_identification:_identify(src/turtlesim_catch_them_all) by extension 'ignore'
[0.180s] Level 1:colcon.colcon_core.package_identification:_identify(src/turtlesim_catch_them_all) by extension 'ignore_ament_install'
[0.180s] Level 1:colcon.colcon_core.package_identification:_identify(src/turtlesim_catch_them_all) by extensions ['colcon_pkg']
[0.180s] Level 1:colcon.colcon_core.package_identification:_identify(src/turtlesim_catch_them_all) by extension 'colcon_pkg'
[0.180s] Level 1:colcon.colcon_core.package_identification:_identify(src/turtlesim_catch_them_all) by extensions ['colcon_meta']
[0.180s] Level 1:colcon.colcon_core.package_identification:_identify(src/turtlesim_catch_them_all) by extension 'colcon_meta'
[0.180s] Level 1:colcon.colcon_core.package_identification:_identify(src/turtlesim_catch_them_all) by extensions ['ros']
[0.180s] Level 1:colcon.colcon_core.package_identification:_identify(src/turtlesim_catch_them_all) by extension 'ros'
[0.181s] DEBUG:colcon.colcon_core.package_identification:Package 'src/turtlesim_catch_them_all' with type 'ros.ament_python' and name 'turtlesim_catch_them_all'
[0.181s] Level 1:colcon.colcon_core.package_discovery:discover_packages(recursive) using defaults
[0.181s] Level 1:colcon.colcon_core.package_discovery:discover_packages(ignore) discover
[0.181s] Level 1:colcon.colcon_core.package_discovery:discover_packages(ignore) using defaults
[0.181s] Level 1:colcon.colcon_core.package_discovery:discover_packages(path) discover
[0.181s] Level 1:colcon.colcon_core.package_discovery:discover_packages(path) using defaults
[0.194s] Level 1:colcon.colcon_core.package_discovery:discover_packages(prefix_path) check parameters
[0.194s] Level 1:colcon.colcon_core.package_discovery:discover_packages(prefix_path) discover
[0.195s] DEBUG:colcon.colcon_installed_package_information.package_discovery:Found 6 installed packages in /home/anan/ros2_ws/install
[0.196s] DEBUG:colcon.colcon_installed_package_information.package_discovery:Found 270 installed packages in /opt/ros/humble
[0.197s] Level 1:colcon.colcon_core.package_discovery:discover_packages(prefix_path) using defaults
[0.230s] Level 5:colcon.colcon_core.verb:set package 'my_cpp_pkg' build argument 'cmake_args' from command line to 'None'
[0.231s] Level 5:colcon.colcon_core.verb:set package 'my_cpp_pkg' build argument 'cmake_target' from command line to 'None'
[0.231s] Level 5:colcon.colcon_core.verb:set package 'my_cpp_pkg' build argument 'cmake_target_skip_unavailable' from command line to 'False'
[0.231s] Level 5:colcon.colcon_core.verb:set package 'my_cpp_pkg' build argument 'cmake_clean_cache' from command line to 'False'
[0.231s] Level 5:colcon.colcon_core.verb:set package 'my_cpp_pkg' build argument 'cmake_clean_first' from command line to 'False'
[0.231s] Level 5:colcon.colcon_core.verb:set package 'my_cpp_pkg' build argument 'cmake_force_configure' from command line to 'False'
[0.231s] Level 5:colcon.colcon_core.verb:set package 'my_cpp_pkg' build argument 'ament_cmake_args' from command line to 'None'
[0.231s] Level 5:colcon.colcon_core.verb:set package 'my_cpp_pkg' build argument 'catkin_cmake_args' from command line to 'None'
[0.231s] Level 5:colcon.colcon_core.verb:set package 'my_cpp_pkg' build argument 'catkin_skip_building_tests' from command line to 'False'
[0.231s] DEBUG:colcon.colcon_core.verb:Building package 'my_cpp_pkg' with the following arguments: {'ament_cmake_args': None, 'build_base': '/home/anan/ros2_ws/build/my_cpp_pkg', 'catkin_cmake_args': None, 'catkin_skip_building_tests': False, 'cmake_args': None, 'cmake_clean_cache': False, 'cmake_clean_first': False, 'cmake_force_configure': False, 'cmake_target': None, 'cmake_target_skip_unavailable': False, 'install_base': '/home/anan/ros2_ws/install/my_cpp_pkg', 'merge_install': False, 'path': '/home/anan/ros2_ws/src/my_cpp_pkg', 'symlink_install': False, 'test_result_base': None}
[0.231s] Level 5:colcon.colcon_core.verb:set package 'my_robot_interfaces' build argument 'cmake_args' from command line to 'None'
[0.231s] Level 5:colcon.colcon_core.verb:set package 'my_robot_interfaces' build argument 'cmake_target' from command line to 'None'
[0.231s] Level 5:colcon.colcon_core.verb:set package 'my_robot_interfaces' build argument 'cmake_target_skip_unavailable' from command line to 'False'
[0.231s] Level 5:colcon.colcon_core.verb:set package 'my_robot_interfaces' build argument 'cmake_clean_cache' from command line to 'False'
[0.231s] Level 5:colcon.colcon_core.verb:set package 'my_robot_interfaces' build argument 'cmake_clean_first' from command line to 'False'
[0.231s] Level 5:colcon.colcon_core.verb:set package 'my_robot_interfaces' build argument 'cmake_force_configure' from command line to 'False'
[0.231s] Level 5:colcon.colcon_core.verb:set package 'my_robot_interfaces' build argument 'ament_cmake_args' from command line to 'None'
[0.231s] Level 5:colcon.colcon_core.verb:set package 'my_robot_interfaces' build argument 'catkin_cmake_args' from command line to 'None'
[0.231s] Level 5:colcon.colcon_core.verb:set package 'my_robot_interfaces' build argument 'catkin_skip_building_tests' from command line to 'False'
[0.231s] DEBUG:colcon.colcon_core.verb:Building package 'my_robot_interfaces' with the following arguments: {'ament_cmake_args': None, 'build_base': '/home/anan/ros2_ws/build/my_robot_interfaces', 'catkin_cmake_args': None, 'catkin_skip_building_tests': False, 'cmake_args': None, 'cmake_clean_cache': False, 'cmake_clean_first': False, 'cmake_force_configure': False, 'cmake_target': None, 'cmake_target_skip_unavailable': False, 'install_base': '/home/anan/ros2_ws/install/my_robot_interfaces', 'merge_install': False, 'path': '/home/anan/ros2_ws/src/my_robot_interfaces', 'symlink_install': False, 'test_result_base': None}
[0.231s] Level 5:colcon.colcon_core.verb:set package 'my_twopy_pkg' build argument 'cmake_args' from command line to 'None'
[0.231s] Level 5:colcon.colcon_core.verb:set package 'my_twopy_pkg' build argument 'cmake_target' from command line to 'None'
[0.231s] Level 5:colcon.colcon_core.verb:set package 'my_twopy_pkg' build argument 'cmake_target_skip_unavailable' from command line to 'False'
[0.231s] Level 5:colcon.colcon_core.verb:set package 'my_twopy_pkg' build argument 'cmake_clean_cache' from command line to 'False'
[0.231s] Level 5:colcon.colcon_core.verb:set package 'my_twopy_pkg' build argument 'cmake_clean_first' from command line to 'False'
[0.231s] Level 5:colcon.colcon_core.verb:set package 'my_twopy_pkg' build argument 'cmake_force_configure' from command line to 'False'
[0.231s] Level 5:colcon.colcon_core.verb:set package 'my_twopy_pkg' build argument 'ament_cmake_args' from command line to 'None'
[0.231s] Level 5:colcon.colcon_core.verb:set package 'my_twopy_pkg' build argument 'catkin_cmake_args' from command line to 'None'
[0.231s] Level 5:colcon.colcon_core.verb:set package 'my_twopy_pkg' build argument 'catkin_skip_building_tests' from command line to 'False'
[0.231s] DEBUG:colcon.colcon_core.verb:Building package 'my_twopy_pkg' with the following arguments: {'ament_cmake_args': None, 'build_base': '/home/anan/ros2_ws/build/my_twopy_pkg', 'catkin_cmake_args': None, 'catkin_skip_building_tests': False, 'cmake_args': None, 'cmake_clean_cache': False, 'cmake_clean_first': False, 'cmake_force_configure': False, 'cmake_target': None, 'cmake_target_skip_unavailable': False, 'install_base': '/home/anan/ros2_ws/install/my_twopy_pkg', 'merge_install': False, 'path': '/home/anan/ros2_ws/src/my_twopy_pkg', 'symlink_install': False, 'test_result_base': None}
[0.232s] Level 5:colcon.colcon_core.verb:set package 'my_py_pkg' build argument 'cmake_args' from command line to 'None'
[0.232s] Level 5:colcon.colcon_core.verb:set package 'my_py_pkg' build argument 'cmake_target' from command line to 'None'
[0.232s] Level 5:colcon.colcon_core.verb:set package 'my_py_pkg' build argument 'cmake_target_skip_unavailable' from command line to 'False'
[0.232s] Level 5:colcon.colcon_core.verb:set package 'my_py_pkg' build argument 'cmake_clean_cache' from command line to 'False'
[0.232s] Level 5:colcon.colcon_core.verb:set package 'my_py_pkg' build argument 'cmake_clean_first' from command line to 'False'
[0.232s] Level 5:colcon.colcon_core.verb:set package 'my_py_pkg' build argument 'cmake_force_configure' from command line to 'False'
[0.232s] Level 5:colcon.colcon_core.verb:set package 'my_py_pkg' build argument 'ament_cmake_args' from command line to 'None'
[0.232s] Level 5:colcon.colcon_core.verb:set package 'my_py_pkg' build argument 'catkin_cmake_args' from command line to 'None'
[0.232s] Level 5:colcon.colcon_core.verb:set package 'my_py_pkg' build argument 'catkin_skip_building_tests' from command line to 'False'
[0.232s] DEBUG:colcon.colcon_core.verb:Building package 'my_py_pkg' with the following arguments: {'ament_cmake_args': None, 'build_base': '/home/anan/ros2_ws/build/my_py_pkg', 'catkin_cmake_args': None, 'catkin_skip_building_tests': False, 'cmake_args': None, 'cmake_clean_cache': False, 'cmake_clean_first': False, 'cmake_force_configure': False, 'cmake_target': None, 'cmake_target_skip_unavailable': False, 'install_base': '/home/anan/ros2_ws/install/my_py_pkg', 'merge_install': False, 'path': '/home/anan/ros2_ws/src/my_py_pkg', 'symlink_install': False, 'test_result_base': None}
[0.232s] Level 5:colcon.colcon_core.verb:set package 'turtlesim_catch_them_all' build argument 'cmake_args' from command line to 'None'
[0.232s] Level 5:colcon.colcon_core.verb:set package 'turtlesim_catch_them_all' build argument 'cmake_target' from command line to 'None'
[0.232s] Level 5:colcon.colcon_core.verb:set package 'turtlesim_catch_them_all' build argument 'cmake_target_skip_unavailable' from command line to 'False'
[0.232s] Level 5:colcon.colcon_core.verb:set package 'turtlesim_catch_them_all' build argument 'cmake_clean_cache' from command line to 'False'
[0.232s] Level 5:colcon.colcon_core.verb:set package 'turtlesim_catch_them_all' build argument 'cmake_clean_first' from command line to 'False'
[0.232s] Level 5:colcon.colcon_core.verb:set package 'turtlesim_catch_them_all' build argument 'cmake_force_configure' from command line to 'False'
[0.232s] Level 5:colcon.colcon_core.verb:set package 'turtlesim_catch_them_all' build argument 'ament_cmake_args' from command line to 'None'
[0.232s] Level 5:colcon.colcon_core.verb:set package 'turtlesim_catch_them_all' build argument 'catkin_cmake_args' from command line to 'None'
[0.232s] Level 5:colcon.colcon_core.verb:set package 'turtlesim_catch_them_all' build argument 'catkin_skip_building_tests' from command line to 'False'
[0.232s] DEBUG:colcon.colcon_core.verb:Building package 'turtlesim_catch_them_all' with the following arguments: {'ament_cmake_args': None, 'build_base': '/home/anan/ros2_ws/build/turtlesim_catch_them_all', 'catkin_cmake_args': None, 'catkin_skip_building_tests': False, 'cmake_args': None, 'cmake_clean_cache': False, 'cmake_clean_first': False, 'cmake_force_configure': False, 'cmake_target': None, 'cmake_target_skip_unavailable': False, 'install_base': '/home/anan/ros2_ws/install/turtlesim_catch_them_all', 'merge_install': False, 'path': '/home/anan/ros2_ws/src/turtlesim_catch_them_all', 'symlink_install': False, 'test_result_base': None}
[0.232s] Level 5:colcon.colcon_core.verb:set package 'my_robot_bringup' build argument 'cmake_args' from command line to 'None'
[0.232s] Level 5:colcon.colcon_core.verb:set package 'my_robot_bringup' build argument 'cmake_target' from command line to 'None'
[0.232s] Level 5:colcon.colcon_core.verb:set package 'my_robot_bringup' build argument 'cmake_target_skip_unavailable' from command line to 'False'
[0.232s] Level 5:colcon.colcon_core.verb:set package 'my_robot_bringup' build argument 'cmake_clean_cache' from command line to 'False'
[0.232s] Level 5:colcon.colcon_core.verb:set package 'my_robot_bringup' build argument 'cmake_clean_first' from command line to 'False'
[0.232s] Level 5:colcon.colcon_core.verb:set package 'my_robot_bringup' build argument 'cmake_force_configure' from command line to 'False'
[0.233s] Level 5:colcon.colcon_core.verb:set package 'my_robot_bringup' build argument 'ament_cmake_args' from command line to 'None'
[0.233s] Level 5:colcon.colcon_core.verb:set package 'my_robot_bringup' build argument 'catkin_cmake_args' from command line to 'None'
[0.233s] Level 5:colcon.colcon_core.verb:set package 'my_robot_bringup' build argument 'catkin_skip_building_tests' from command line to 'False'
[0.233s] DEBUG:colcon.colcon_core.verb:Building package 'my_robot_bringup' with the following arguments: {'ament_cmake_args': None, 'build_base': '/home/anan/ros2_ws/build/my_robot_bringup', 'catkin_cmake_args': None, 'catkin_skip_building_tests': False, 'cmake_args': None, 'cmake_clean_cache': False, 'cmake_clean_first': False, 'cmake_force_configure': False, 'cmake_target': None, 'cmake_target_skip_unavailable': False, 'install_base': '/home/anan/ros2_ws/install/my_robot_bringup', 'merge_install': False, 'path': '/home/anan/ros2_ws/src/my_robot_bringup', 'symlink_install': False, 'test_result_base': None}
[0.233s] INFO:colcon.colcon_core.executor:Executing jobs using 'parallel' executor
[0.233s] DEBUG:colcon.colcon_parallel_executor.executor.parallel:run_until_complete
[0.234s] INFO:colcon.colcon_ros.task.ament_cmake.build:Building ROS package in '/home/anan/ros2_ws/src/my_robot_interfaces' with build type 'ament_cmake'
[0.234s] INFO:colcon.colcon_cmake.task.cmake.build:Building CMake package in '/home/anan/ros2_ws/src/my_robot_interfaces'
[0.235s] INFO:colcon.colcon_core.plugin_system:Skipping extension 'colcon_core.shell.bat': Not used on non-Windows systems
[0.235s] INFO:colcon.colcon_core.shell:Skip shell extension 'powershell' for command environment: Not usable outside of PowerShell
[0.236s] DEBUG:colcon.colcon_core.shell:Skip shell extension 'dsv' for command environment
[0.238s] INFO:colcon.colcon_ros.task.ament_cmake.build:Building ROS package in '/home/anan/ros2_ws/src/my_cpp_pkg' with build type 'ament_cmake'
[0.238s] INFO:colcon.colcon_cmake.task.cmake.build:Building CMake package in '/home/anan/ros2_ws/src/my_cpp_pkg'
[0.238s] INFO:colcon.colcon_core.shell:Skip shell extension 'powershell' for command environment: Not usable outside of PowerShell
[0.238s] DEBUG:colcon.colcon_core.shell:Skip shell extension 'dsv' for command environment
[0.241s] INFO:colcon.colcon_ros.task.ament_python.build:Building ROS package in '/home/anan/ros2_ws/src/my_twopy_pkg' with build type 'ament_python'
[0.241s] Level 1:colcon.colcon_core.shell:create_environment_hook('my_twopy_pkg', 'ament_prefix_path')
[0.241s] INFO:colcon.colcon_core.shell:Creating environment hook '/home/anan/ros2_ws/install/my_twopy_pkg/share/my_twopy_pkg/hook/ament_prefix_path.ps1'
[0.242s] INFO:colcon.colcon_core.shell:Creating environment descriptor '/home/anan/ros2_ws/install/my_twopy_pkg/share/my_twopy_pkg/hook/ament_prefix_path.dsv'
[0.242s] INFO:colcon.colcon_core.shell:Creating environment hook '/home/anan/ros2_ws/install/my_twopy_pkg/share/my_twopy_pkg/hook/ament_prefix_path.sh'
[0.242s] INFO:colcon.colcon_core.shell:Skip shell extension 'powershell' for command environment: Not usable outside of PowerShell
[0.242s] DEBUG:colcon.colcon_core.shell:Skip shell extension 'dsv' for command environment
[0.249s] DEBUG:colcon.colcon_core.event_handler.log_command:Invoking command in '/home/anan/ros2_ws/build/my_robot_interfaces': CMAKE_PREFIX_PATH=${CMAKE_PREFIX_PATH}:/home/anan/ros2_ws/install/turtlesim_catch_them_all:/home/anan/ros2_ws/install/my_twopy_pkg:/home/anan/ros2_ws/install/my_py_pkg:/opt/ros/humble /usr/bin/cmake --build /home/anan/ros2_ws/build/my_robot_interfaces -- -j16 -l16
[0.251s] DEBUG:colcon.colcon_core.event_handler.log_command:Invoking command in '/home/anan/ros2_ws/build/my_cpp_pkg': CMAKE_PREFIX_PATH=${CMAKE_PREFIX_PATH}:/home/anan/ros2_ws/install/turtlesim_catch_them_all:/home/anan/ros2_ws/install/my_twopy_pkg:/home/anan/ros2_ws/install/my_py_pkg:/opt/ros/humble /usr/bin/cmake --build /home/anan/ros2_ws/build/my_cpp_pkg -- -j16 -l16
[0.438s] INFO:colcon.colcon_core.task.python.build:Building Python package in '/home/anan/ros2_ws/src/my_twopy_pkg'
[0.438s] INFO:colcon.colcon_core.shell:Skip shell extension 'powershell' for command environment: Not usable outside of PowerShell
[0.438s] DEBUG:colcon.colcon_core.shell:Skip shell extension 'dsv' for command environment
[0.443s] DEBUG:colcon.colcon_core.event_handler.log_command:Invoked command in '/home/anan/ros2_ws/build/my_cpp_pkg' returned '0': CMAKE_PREFIX_PATH=${CMAKE_PREFIX_PATH}:/home/anan/ros2_ws/install/turtlesim_catch_them_all:/home/anan/ros2_ws/install/my_twopy_pkg:/home/anan/ros2_ws/install/my_py_pkg:/opt/ros/humble /usr/bin/cmake --build /home/anan/ros2_ws/build/my_cpp_pkg -- -j16 -l16
[0.484s] DEBUG:colcon.colcon_core.event_handler.log_command:Invoking command in '/home/anan/ros2_ws/build/my_cpp_pkg': CMAKE_PREFIX_PATH=${CMAKE_PREFIX_PATH}:/home/anan/ros2_ws/install/turtlesim_catch_them_all:/home/anan/ros2_ws/install/my_twopy_pkg:/home/anan/ros2_ws/install/my_py_pkg:/opt/ros/humble /usr/bin/cmake --install /home/anan/ros2_ws/build/my_cpp_pkg
[0.493s] Level 1:colcon.colcon_core.environment:create_environment_scripts_only(my_cpp_pkg)
[0.494s] DEBUG:colcon.colcon_core.event_handler.log_command:Invoked command in '/home/anan/ros2_ws/build/my_cpp_pkg' returned '0': CMAKE_PREFIX_PATH=${CMAKE_PREFIX_PATH}:/home/anan/ros2_ws/install/turtlesim_catch_them_all:/home/anan/ros2_ws/install/my_twopy_pkg:/home/anan/ros2_ws/install/my_py_pkg:/opt/ros/humble /usr/bin/cmake --install /home/anan/ros2_ws/build/my_cpp_pkg
[0.496s] Level 1:colcon.colcon_core.environment:checking '/home/anan/ros2_ws/install/my_cpp_pkg' for CMake module files
[0.496s] Level 1:colcon.colcon_core.environment:checking '/home/anan/ros2_ws/install/my_cpp_pkg' for CMake config files
[0.497s] Level 1:colcon.colcon_core.shell:create_environment_hook('my_cpp_pkg', 'cmake_prefix_path')
[0.497s] INFO:colcon.colcon_core.shell:Creating environment hook '/home/anan/ros2_ws/install/my_cpp_pkg/share/my_cpp_pkg/hook/cmake_prefix_path.ps1'
[0.498s] INFO:colcon.colcon_core.shell:Creating environment descriptor '/home/anan/ros2_ws/install/my_cpp_pkg/share/my_cpp_pkg/hook/cmake_prefix_path.dsv'
[0.498s] INFO:colcon.colcon_core.shell:Creating environment hook '/home/anan/ros2_ws/install/my_cpp_pkg/share/my_cpp_pkg/hook/cmake_prefix_path.sh'
[0.499s] Level 1:colcon.colcon_core.environment:checking '/home/anan/ros2_ws/install/my_cpp_pkg/lib'
[0.499s] Level 1:colcon.colcon_core.environment:checking '/home/anan/ros2_ws/install/my_cpp_pkg/bin'
[0.499s] Level 1:colcon.colcon_core.environment:checking '/home/anan/ros2_ws/install/my_cpp_pkg/lib/pkgconfig/my_cpp_pkg.pc'
[0.499s] Level 1:colcon.colcon_core.environment:checking '/home/anan/ros2_ws/install/my_cpp_pkg/lib/python3.10/site-packages'
[0.499s] Level 1:colcon.colcon_core.environment:checking '/home/anan/ros2_ws/install/my_cpp_pkg/bin'
[0.500s] INFO:colcon.colcon_core.shell:Creating package script '/home/anan/ros2_ws/install/my_cpp_pkg/share/my_cpp_pkg/package.ps1'
[0.500s] INFO:colcon.colcon_core.shell:Creating package descriptor '/home/anan/ros2_ws/install/my_cpp_pkg/share/my_cpp_pkg/package.dsv'
[0.501s] INFO:colcon.colcon_core.shell:Creating package script '/home/anan/ros2_ws/install/my_cpp_pkg/share/my_cpp_pkg/package.sh'
[0.502s] INFO:colcon.colcon_core.shell:Creating package script '/home/anan/ros2_ws/install/my_cpp_pkg/share/my_cpp_pkg/package.bash'
[0.502s] INFO:colcon.colcon_core.shell:Creating package script '/home/anan/ros2_ws/install/my_cpp_pkg/share/my_cpp_pkg/package.zsh'
[0.503s] Level 1:colcon.colcon_core.environment:create_file_with_runtime_dependencies(/home/anan/ros2_ws/install/my_cpp_pkg/share/colcon-core/packages/my_cpp_pkg)
[0.534s] DEBUG:colcon.colcon_core.event_handler.log_command:Invoked command in '/home/anan/ros2_ws/build/my_robot_interfaces' returned '0': CMAKE_PREFIX_PATH=${CMAKE_PREFIX_PATH}:/home/anan/ros2_ws/install/turtlesim_catch_them_all:/home/anan/ros2_ws/install/my_twopy_pkg:/home/anan/ros2_ws/install/my_py_pkg:/opt/ros/humble /usr/bin/cmake --build /home/anan/ros2_ws/build/my_robot_interfaces -- -j16 -l16
[0.536s] Level 1:colcon.colcon_core.environment:create_environment_scripts_only(my_cpp_pkg)
[0.536s] Level 1:colcon.colcon_core.environment:checking '/home/anan/ros2_ws/install/my_cpp_pkg' for CMake module files
[0.537s] Level 1:colcon.colcon_core.environment:checking '/home/anan/ros2_ws/install/my_cpp_pkg' for CMake config files
[0.537s] Level 1:colcon.colcon_core.shell:create_environment_hook('my_cpp_pkg', 'cmake_prefix_path')
[0.538s] INFO:colcon.colcon_core.shell:Creating environment hook '/home/anan/ros2_ws/install/my_cpp_pkg/share/my_cpp_pkg/hook/cmake_prefix_path.ps1'
[0.538s] INFO:colcon.colcon_core.shell:Creating environment descriptor '/home/anan/ros2_ws/install/my_cpp_pkg/share/my_cpp_pkg/hook/cmake_prefix_path.dsv'
[0.538s] INFO:colcon.colcon_core.shell:Creating environment hook '/home/anan/ros2_ws/install/my_cpp_pkg/share/my_cpp_pkg/hook/cmake_prefix_path.sh'
[0.539s] Level 1:colcon.colcon_core.environment:checking '/home/anan/ros2_ws/install/my_cpp_pkg/lib'
[0.539s] Level 1:colcon.colcon_core.environment:checking '/home/anan/ros2_ws/install/my_cpp_pkg/bin'
[0.539s] Level 1:colcon.colcon_core.environment:checking '/home/anan/ros2_ws/install/my_cpp_pkg/lib/pkgconfig/my_cpp_pkg.pc'
[0.539s] Level 1:colcon.colcon_core.environment:checking '/home/anan/ros2_ws/install/my_cpp_pkg/lib/python3.10/site-packages'
[0.540s] Level 1:colcon.colcon_core.environment:checking '/home/anan/ros2_ws/install/my_cpp_pkg/bin'
[0.540s] INFO:colcon.colcon_core.shell:Creating package script '/home/anan/ros2_ws/install/my_cpp_pkg/share/my_cpp_pkg/package.ps1'
[0.540s] INFO:colcon.colcon_core.shell:Creating package descriptor '/home/anan/ros2_ws/install/my_cpp_pkg/share/my_cpp_pkg/package.dsv'
[0.541s] INFO:colcon.colcon_core.shell:Creating package script '/home/anan/ros2_ws/install/my_cpp_pkg/share/my_cpp_pkg/package.sh'
[0.541s] INFO:colcon.colcon_core.shell:Creating package script '/home/anan/ros2_ws/install/my_cpp_pkg/share/my_cpp_pkg/package.bash'
[0.542s] INFO:colcon.colcon_core.shell:Creating package script '/home/anan/ros2_ws/install/my_cpp_pkg/share/my_cpp_pkg/package.zsh'
[0.542s] Level 1:colcon.colcon_core.environment:create_file_with_runtime_dependencies(/home/anan/ros2_ws/install/my_cpp_pkg/share/colcon-core/packages/my_cpp_pkg)
[0.713s] DEBUG:colcon.colcon_core.event_handler.log_command:Invoking command in '/home/anan/ros2_ws/src/my_twopy_pkg': PYTHONPATH=/home/anan/ros2_ws/build/my_twopy_pkg/prefix_override:/usr/lib/python3/dist-packages/colcon_core/task/python/colcon_distutils_commands:/home/anan/ros2_ws/install/my_twopy_pkg/lib/python3.10/site-packages:${PYTHONPATH} /usr/bin/python3 -W ignore:setup.py install is deprecated setup.py egg_info --egg-base ../../build/my_twopy_pkg build --build-base /home/anan/ros2_ws/build/my_twopy_pkg/build install --record /home/anan/ros2_ws/build/my_twopy_pkg/install.log --single-version-externally-managed install_data
[0.733s] DEBUG:colcon.colcon_core.event_handler.log_command:Invoking command in '/home/anan/ros2_ws/build/my_robot_interfaces': CMAKE_PREFIX_PATH=${CMAKE_PREFIX_PATH}:/home/anan/ros2_ws/install/turtlesim_catch_them_all:/home/anan/ros2_ws/install/my_twopy_pkg:/home/anan/ros2_ws/install/my_py_pkg:/opt/ros/humble /usr/bin/cmake --install /home/anan/ros2_ws/build/my_robot_interfaces
[0.780s] Level 1:colcon.colcon_core.environment:create_environment_scripts_only(my_robot_interfaces)
[0.781s] Level 1:colcon.colcon_core.environment:checking '/home/anan/ros2_ws/install/my_robot_interfaces' for CMake module files
[0.781s] DEBUG:colcon.colcon_core.event_handler.log_command:Invoked command in '/home/anan/ros2_ws/build/my_robot_interfaces' returned '0': CMAKE_PREFIX_PATH=${CMAKE_PREFIX_PATH}:/home/anan/ros2_ws/install/turtlesim_catch_them_all:/home/anan/ros2_ws/install/my_twopy_pkg:/home/anan/ros2_ws/install/my_py_pkg:/opt/ros/humble /usr/bin/cmake --install /home/anan/ros2_ws/build/my_robot_interfaces
[0.781s] Level 1:colcon.colcon_core.environment:checking '/home/anan/ros2_ws/install/my_robot_interfaces' for CMake config files
[0.782s] Level 1:colcon.colcon_core.shell:create_environment_hook('my_robot_interfaces', 'cmake_prefix_path')
[0.782s] INFO:colcon.colcon_core.shell:Creating environment hook '/home/anan/ros2_ws/install/my_robot_interfaces/share/my_robot_interfaces/hook/cmake_prefix_path.ps1'
[0.782s] INFO:colcon.colcon_core.shell:Creating environment descriptor '/home/anan/ros2_ws/install/my_robot_interfaces/share/my_robot_interfaces/hook/cmake_prefix_path.dsv'
[0.783s] INFO:colcon.colcon_core.shell:Creating environment hook '/home/anan/ros2_ws/install/my_robot_interfaces/share/my_robot_interfaces/hook/cmake_prefix_path.sh'
[0.783s] Level 1:colcon.colcon_core.environment:checking '/home/anan/ros2_ws/install/my_robot_interfaces/lib'
[0.783s] Level 1:colcon.colcon_core.shell:create_environment_hook('my_robot_interfaces', 'ld_library_path_lib')
[0.783s] INFO:colcon.colcon_core.shell:Creating environment hook '/home/anan/ros2_ws/install/my_robot_interfaces/share/my_robot_interfaces/hook/ld_library_path_lib.ps1'
[0.783s] INFO:colcon.colcon_core.shell:Creating environment descriptor '/home/anan/ros2_ws/install/my_robot_interfaces/share/my_robot_interfaces/hook/ld_library_path_lib.dsv'
[0.784s] INFO:colcon.colcon_core.shell:Creating environment hook '/home/anan/ros2_ws/install/my_robot_interfaces/share/my_robot_interfaces/hook/ld_library_path_lib.sh'
[0.784s] Level 1:colcon.colcon_core.environment:checking '/home/anan/ros2_ws/install/my_robot_interfaces/bin'
[0.784s] Level 1:colcon.colcon_core.environment:checking '/home/anan/ros2_ws/install/my_robot_interfaces/lib/pkgconfig/my_robot_interfaces.pc'
[0.784s] Level 1:colcon.colcon_core.environment:checking '/home/anan/ros2_ws/install/my_robot_interfaces/lib/python3.10/site-packages'
[0.784s] Level 1:colcon.colcon_core.environment:checking '/home/anan/ros2_ws/install/my_robot_interfaces/bin'
[0.784s] INFO:colcon.colcon_core.shell:Creating package script '/home/anan/ros2_ws/install/my_robot_interfaces/share/my_robot_interfaces/package.ps1'
[0.785s] INFO:colcon.colcon_core.shell:Creating package descriptor '/home/anan/ros2_ws/install/my_robot_interfaces/share/my_robot_interfaces/package.dsv'
[0.785s] INFO:colcon.colcon_core.shell:Creating package script '/home/anan/ros2_ws/install/my_robot_interfaces/share/my_robot_interfaces/package.sh'
[0.785s] INFO:colcon.colcon_core.shell:Creating package script '/home/anan/ros2_ws/install/my_robot_interfaces/share/my_robot_interfaces/package.bash'
[0.786s] INFO:colcon.colcon_core.shell:Creating package script '/home/anan/ros2_ws/install/my_robot_interfaces/share/my_robot_interfaces/package.zsh'
[0.786s] Level 1:colcon.colcon_core.environment:create_file_with_runtime_dependencies(/home/anan/ros2_ws/install/my_robot_interfaces/share/colcon-core/packages/my_robot_interfaces)
[0.926s] Level 1:colcon.colcon_core.environment:checking '/home/anan/ros2_ws/install/my_twopy_pkg' for CMake module files
[0.926s] DEBUG:colcon.colcon_core.event_handler.log_command:Invoked command in '/home/anan/ros2_ws/src/my_twopy_pkg' returned '0': PYTHONPATH=/home/anan/ros2_ws/build/my_twopy_pkg/prefix_override:/usr/lib/python3/dist-packages/colcon_core/task/python/colcon_distutils_commands:/home/anan/ros2_ws/install/my_twopy_pkg/lib/python3.10/site-packages:${PYTHONPATH} /usr/bin/python3 -W ignore:setup.py install is deprecated setup.py egg_info --egg-base ../../build/my_twopy_pkg build --build-base /home/anan/ros2_ws/build/my_twopy_pkg/build install --record /home/anan/ros2_ws/build/my_twopy_pkg/install.log --single-version-externally-managed install_data
[0.927s] Level 1:colcon.colcon_core.environment:checking '/home/anan/ros2_ws/install/my_twopy_pkg' for CMake config files
[0.927s] Level 1:colcon.colcon_core.environment:checking '/home/anan/ros2_ws/install/my_twopy_pkg/lib'
[0.927s] Level 1:colcon.colcon_core.environment:checking '/home/anan/ros2_ws/install/my_twopy_pkg/bin'
[0.927s] Level 1:colcon.colcon_core.environment:checking '/home/anan/ros2_ws/install/my_twopy_pkg/lib/pkgconfig/my_twopy_pkg.pc'
[0.928s] Level 1:colcon.colcon_core.environment:checking '/home/anan/ros2_ws/install/my_twopy_pkg/lib/python3.10/site-packages'
[0.928s] Level 1:colcon.colcon_core.shell:create_environment_hook('my_twopy_pkg', 'pythonpath')
[0.928s] INFO:colcon.colcon_core.shell:Creating environment hook '/home/anan/ros2_ws/install/my_twopy_pkg/share/my_twopy_pkg/hook/pythonpath.ps1'
[0.928s] INFO:colcon.colcon_core.shell:Creating environment descriptor '/home/anan/ros2_ws/install/my_twopy_pkg/share/my_twopy_pkg/hook/pythonpath.dsv'
[0.928s] INFO:colcon.colcon_core.shell:Creating environment hook '/home/anan/ros2_ws/install/my_twopy_pkg/share/my_twopy_pkg/hook/pythonpath.sh'
[0.929s] Level 1:colcon.colcon_core.environment:checking '/home/anan/ros2_ws/install/my_twopy_pkg/bin'
[0.929s] Level 1:colcon.colcon_core.environment:create_environment_scripts_only(my_twopy_pkg)
[0.929s] INFO:colcon.colcon_core.shell:Creating package script '/home/anan/ros2_ws/install/my_twopy_pkg/share/my_twopy_pkg/package.ps1'
[0.929s] INFO:colcon.colcon_core.shell:Creating package descriptor '/home/anan/ros2_ws/install/my_twopy_pkg/share/my_twopy_pkg/package.dsv'
[0.930s] INFO:colcon.colcon_core.shell:Creating package script '/home/anan/ros2_ws/install/my_twopy_pkg/share/my_twopy_pkg/package.sh'
[0.930s] INFO:colcon.colcon_core.shell:Creating package script '/home/anan/ros2_ws/install/my_twopy_pkg/share/my_twopy_pkg/package.bash'
[0.930s] INFO:colcon.colcon_core.shell:Creating package script '/home/anan/ros2_ws/install/my_twopy_pkg/share/my_twopy_pkg/package.zsh'
[0.930s] Level 1:colcon.colcon_core.environment:create_file_with_runtime_dependencies(/home/anan/ros2_ws/install/my_twopy_pkg/share/colcon-core/packages/my_twopy_pkg)
[0.978s] Level 1:colcon.colcon_core.environment:create_environment_scripts_only(my_robot_interfaces)
[0.978s] Level 1:colcon.colcon_core.environment:checking '/home/anan/ros2_ws/install/my_robot_interfaces' for CMake module files
[0.979s] Level 1:colcon.colcon_core.environment:checking '/home/anan/ros2_ws/install/my_robot_interfaces' for CMake config files
[0.979s] Level 1:colcon.colcon_core.shell:create_environment_hook('my_robot_interfaces', 'cmake_prefix_path')
[0.979s] INFO:colcon.colcon_core.shell:Creating environment hook '/home/anan/ros2_ws/install/my_robot_interfaces/share/my_robot_interfaces/hook/cmake_prefix_path.ps1'
[0.980s] INFO:colcon.colcon_core.shell:Creating environment descriptor '/home/anan/ros2_ws/install/my_robot_interfaces/share/my_robot_interfaces/hook/cmake_prefix_path.dsv'
[0.980s] INFO:colcon.colcon_core.shell:Creating environment hook '/home/anan/ros2_ws/install/my_robot_interfaces/share/my_robot_interfaces/hook/cmake_prefix_path.sh'
[0.980s] Level 1:colcon.colcon_core.environment:checking '/home/anan/ros2_ws/install/my_robot_interfaces/lib'
[0.980s] Level 1:colcon.colcon_core.shell:create_environment_hook('my_robot_interfaces', 'ld_library_path_lib')
[0.980s] INFO:colcon.colcon_core.shell:Creating environment hook '/home/anan/ros2_ws/install/my_robot_interfaces/share/my_robot_interfaces/hook/ld_library_path_lib.ps1'
[0.981s] INFO:colcon.colcon_core.shell:Creating environment descriptor '/home/anan/ros2_ws/install/my_robot_interfaces/share/my_robot_interfaces/hook/ld_library_path_lib.dsv'
[0.981s] INFO:colcon.colcon_core.shell:Creating environment hook '/home/anan/ros2_ws/install/my_robot_interfaces/share/my_robot_interfaces/hook/ld_library_path_lib.sh'
[0.981s] Level 1:colcon.colcon_core.environment:checking '/home/anan/ros2_ws/install/my_robot_interfaces/bin'
[0.981s] Level 1:colcon.colcon_core.environment:checking '/home/anan/ros2_ws/install/my_robot_interfaces/lib/pkgconfig/my_robot_interfaces.pc'
[0.981s] Level 1:colcon.colcon_core.environment:checking '/home/anan/ros2_ws/install/my_robot_interfaces/lib/python3.10/site-packages'
[0.981s] Level 1:colcon.colcon_core.environment:checking '/home/anan/ros2_ws/install/my_robot_interfaces/bin'
[0.982s] INFO:colcon.colcon_core.shell:Creating package script '/home/anan/ros2_ws/install/my_robot_interfaces/share/my_robot_interfaces/package.ps1'
[0.982s] INFO:colcon.colcon_core.shell:Creating package descriptor '/home/anan/ros2_ws/install/my_robot_interfaces/share/my_robot_interfaces/package.dsv'
[0.982s] INFO:colcon.colcon_core.shell:Creating package script '/home/anan/ros2_ws/install/my_robot_interfaces/share/my_robot_interfaces/package.sh'
[0.983s] INFO:colcon.colcon_core.shell:Creating package script '/home/anan/ros2_ws/install/my_robot_interfaces/share/my_robot_interfaces/package.bash'
[0.983s] INFO:colcon.colcon_core.shell:Creating package script '/home/anan/ros2_ws/install/my_robot_interfaces/share/my_robot_interfaces/package.zsh'
[0.983s] Level 1:colcon.colcon_core.environment:create_file_with_runtime_dependencies(/home/anan/ros2_ws/install/my_robot_interfaces/share/colcon-core/packages/my_robot_interfaces)
[0.983s] INFO:colcon.colcon_ros.task.ament_python.build:Building ROS package in '/home/anan/ros2_ws/src/my_py_pkg' with build type 'ament_python'
[0.983s] Level 1:colcon.colcon_core.shell:create_environment_hook('my_py_pkg', 'ament_prefix_path')
[0.984s] INFO:colcon.colcon_core.shell:Creating environment hook '/home/anan/ros2_ws/install/my_py_pkg/share/my_py_pkg/hook/ament_prefix_path.ps1'
[0.984s] INFO:colcon.colcon_core.shell:Creating environment descriptor '/home/anan/ros2_ws/install/my_py_pkg/share/my_py_pkg/hook/ament_prefix_path.dsv'
[0.984s] INFO:colcon.colcon_core.shell:Creating environment hook '/home/anan/ros2_ws/install/my_py_pkg/share/my_py_pkg/hook/ament_prefix_path.sh'
[0.985s] INFO:colcon.colcon_core.shell:Skip shell extension 'powershell' for command environment: Not usable outside of PowerShell
[0.985s] DEBUG:colcon.colcon_core.shell:Skip shell extension 'dsv' for command environment
[0.987s] INFO:colcon.colcon_ros.task.ament_python.build:Building ROS package in '/home/anan/ros2_ws/src/turtlesim_catch_them_all' with build type 'ament_python'
[0.987s] Level 1:colcon.colcon_core.shell:create_environment_hook('turtlesim_catch_them_all', 'ament_prefix_path')
[0.987s] INFO:colcon.colcon_core.shell:Creating environment hook '/home/anan/ros2_ws/install/turtlesim_catch_them_all/share/turtlesim_catch_them_all/hook/ament_prefix_path.ps1'
[0.988s] INFO:colcon.colcon_core.shell:Creating environment descriptor '/home/anan/ros2_ws/install/turtlesim_catch_them_all/share/turtlesim_catch_them_all/hook/ament_prefix_path.dsv'
[0.988s] INFO:colcon.colcon_core.shell:Creating environment hook '/home/anan/ros2_ws/install/turtlesim_catch_them_all/share/turtlesim_catch_them_all/hook/ament_prefix_path.sh'
[0.988s] INFO:colcon.colcon_core.shell:Skip shell extension 'powershell' for command environment: Not usable outside of PowerShell
[0.988s] DEBUG:colcon.colcon_core.shell:Skip shell extension 'dsv' for command environment
[1.158s] INFO:colcon.colcon_core.task.python.build:Building Python package in '/home/anan/ros2_ws/src/my_py_pkg'
[1.158s] INFO:colcon.colcon_core.shell:Skip shell extension 'powershell' for command environment: Not usable outside of PowerShell
[1.158s] DEBUG:colcon.colcon_core.shell:Skip shell extension 'dsv' for command environment
[1.351s] INFO:colcon.colcon_core.task.python.build:Building Python package in '/home/anan/ros2_ws/src/turtlesim_catch_them_all'
[1.351s] INFO:colcon.colcon_core.shell:Skip shell extension 'powershell' for command environment: Not usable outside of PowerShell
[1.351s] DEBUG:colcon.colcon_core.shell:Skip shell extension 'dsv' for command environment
[1.629s] DEBUG:colcon.colcon_core.event_handler.log_command:Invoking command in '/home/anan/ros2_ws/src/turtlesim_catch_them_all': CMAKE_PREFIX_PATH=/home/anan/ros2_ws/install/my_robot_interfaces:/home/anan/ros2_ws/install/my_robot_bringup:/home/anan/ros2_ws/install/my_cpp_pkg PYTHONPATH=/home/anan/ros2_ws/build/turtlesim_catch_them_all/prefix_override:/usr/lib/python3/dist-packages/colcon_core/task/python/colcon_distutils_commands:/home/anan/ros2_ws/install/turtlesim_catch_them_all/lib/python3.10/site-packages:${PYTHONPATH} /usr/bin/python3 -W ignore:setup.py install is deprecated setup.py egg_info --egg-base ../../build/turtlesim_catch_them_all build --build-base /home/anan/ros2_ws/build/turtlesim_catch_them_all/build install --record /home/anan/ros2_ws/build/turtlesim_catch_them_all/install.log --single-version-externally-managed install_data
[1.630s] DEBUG:colcon.colcon_core.event_handler.log_command:Invoking command in '/home/anan/ros2_ws/src/my_py_pkg': CMAKE_PREFIX_PATH=/home/anan/ros2_ws/install/my_robot_interfaces:/home/anan/ros2_ws/install/my_robot_bringup:/home/anan/ros2_ws/install/my_cpp_pkg PYTHONPATH=/home/anan/ros2_ws/build/my_py_pkg/prefix_override:/usr/lib/python3/dist-packages/colcon_core/task/python/colcon_distutils_commands:/home/anan/ros2_ws/install/my_py_pkg/lib/python3.10/site-packages:${PYTHONPATH} /usr/bin/python3 -W ignore:setup.py install is deprecated setup.py egg_info --egg-base ../../build/my_py_pkg build --build-base /home/anan/ros2_ws/build/my_py_pkg/build install --record /home/anan/ros2_ws/build/my_py_pkg/install.log --single-version-externally-managed install_data
[1.855s] Level 1:colcon.colcon_core.environment:checking '/home/anan/ros2_ws/install/my_py_pkg' for CMake module files
[1.856s] DEBUG:colcon.colcon_core.event_handler.log_command:Invoked command in '/home/anan/ros2_ws/src/my_py_pkg' returned '0': CMAKE_PREFIX_PATH=/home/anan/ros2_ws/install/my_robot_interfaces:/home/anan/ros2_ws/install/my_robot_bringup:/home/anan/ros2_ws/install/my_cpp_pkg PYTHONPATH=/home/anan/ros2_ws/build/my_py_pkg/prefix_override:/usr/lib/python3/dist-packages/colcon_core/task/python/colcon_distutils_commands:/home/anan/ros2_ws/install/my_py_pkg/lib/python3.10/site-packages:${PYTHONPATH} /usr/bin/python3 -W ignore:setup.py install is deprecated setup.py egg_info --egg-base ../../build/my_py_pkg build --build-base /home/anan/ros2_ws/build/my_py_pkg/build install --record /home/anan/ros2_ws/build/my_py_pkg/install.log --single-version-externally-managed install_data
[1.856s] Level 1:colcon.colcon_core.environment:checking '/home/anan/ros2_ws/install/my_py_pkg' for CMake config files
[1.857s] Level 1:colcon.colcon_core.environment:checking '/home/anan/ros2_ws/install/my_py_pkg/lib'
[1.857s] Level 1:colcon.colcon_core.environment:checking '/home/anan/ros2_ws/install/my_py_pkg/bin'
[1.857s] Level 1:colcon.colcon_core.environment:checking '/home/anan/ros2_ws/install/my_py_pkg/lib/pkgconfig/my_py_pkg.pc'
[1.857s] Level 1:colcon.colcon_core.environment:checking '/home/anan/ros2_ws/install/my_py_pkg/lib/python3.10/site-packages'
[1.857s] Level 1:colcon.colcon_core.shell:create_environment_hook('my_py_pkg', 'pythonpath')
[1.857s] INFO:colcon.colcon_core.shell:Creating environment hook '/home/anan/ros2_ws/install/my_py_pkg/share/my_py_pkg/hook/pythonpath.ps1'
[1.857s] INFO:colcon.colcon_core.shell:Creating environment descriptor '/home/anan/ros2_ws/install/my_py_pkg/share/my_py_pkg/hook/pythonpath.dsv'
[1.858s] INFO:colcon.colcon_core.shell:Creating environment hook '/home/anan/ros2_ws/install/my_py_pkg/share/my_py_pkg/hook/pythonpath.sh'
[1.858s] Level 1:colcon.colcon_core.environment:checking '/home/anan/ros2_ws/install/my_py_pkg/bin'
[1.858s] Level 1:colcon.colcon_core.environment:create_environment_scripts_only(my_py_pkg)
[1.858s] INFO:colcon.colcon_core.shell:Creating package script '/home/anan/ros2_ws/install/my_py_pkg/share/my_py_pkg/package.ps1'
[1.858s] INFO:colcon.colcon_core.shell:Creating package descriptor '/home/anan/ros2_ws/install/my_py_pkg/share/my_py_pkg/package.dsv'
[1.859s] INFO:colcon.colcon_core.shell:Creating package script '/home/anan/ros2_ws/install/my_py_pkg/share/my_py_pkg/package.sh'
[1.859s] INFO:colcon.colcon_core.shell:Creating package script '/home/anan/ros2_ws/install/my_py_pkg/share/my_py_pkg/package.bash'
[1.859s] INFO:colcon.colcon_core.shell:Creating package script '/home/anan/ros2_ws/install/my_py_pkg/share/my_py_pkg/package.zsh'
[1.859s] Level 1:colcon.colcon_core.environment:create_file_with_runtime_dependencies(/home/anan/ros2_ws/install/my_py_pkg/share/colcon-core/packages/my_py_pkg)
[1.860s] INFO:colcon.colcon_ros.task.ament_cmake.build:Building ROS package in '/home/anan/ros2_ws/src/my_robot_bringup' with build type 'ament_cmake'
[1.860s] INFO:colcon.colcon_cmake.task.cmake.build:Building CMake package in '/home/anan/ros2_ws/src/my_robot_bringup'
[1.860s] INFO:colcon.colcon_core.shell:Skip shell extension 'powershell' for command environment: Not usable outside of PowerShell
[1.860s] DEBUG:colcon.colcon_core.shell:Skip shell extension 'dsv' for command environment
[1.863s] Level 1:colcon.colcon_core.environment:checking '/home/anan/ros2_ws/install/turtlesim_catch_them_all' for CMake module files
[1.864s] DEBUG:colcon.colcon_core.event_handler.log_command:Invoked command in '/home/anan/ros2_ws/src/turtlesim_catch_them_all' returned '0': CMAKE_PREFIX_PATH=/home/anan/ros2_ws/install/my_robot_interfaces:/home/anan/ros2_ws/install/my_robot_bringup:/home/anan/ros2_ws/install/my_cpp_pkg PYTHONPATH=/home/anan/ros2_ws/build/turtlesim_catch_them_all/prefix_override:/usr/lib/python3/dist-packages/colcon_core/task/python/colcon_distutils_commands:/home/anan/ros2_ws/install/turtlesim_catch_them_all/lib/python3.10/site-packages:${PYTHONPATH} /usr/bin/python3 -W ignore:setup.py install is deprecated setup.py egg_info --egg-base ../../build/turtlesim_catch_them_all build --build-base /home/anan/ros2_ws/build/turtlesim_catch_them_all/build install --record /home/anan/ros2_ws/build/turtlesim_catch_them_all/install.log --single-version-externally-managed install_data
[1.864s] Level 1:colcon.colcon_core.environment:checking '/home/anan/ros2_ws/install/turtlesim_catch_them_all' for CMake config files
[1.864s] Level 1:colcon.colcon_core.environment:checking '/home/anan/ros2_ws/install/turtlesim_catch_them_all/lib'
[1.864s] Level 1:colcon.colcon_core.environment:checking '/home/anan/ros2_ws/install/turtlesim_catch_them_all/bin'
[1.864s] Level 1:colcon.colcon_core.environment:checking '/home/anan/ros2_ws/install/turtlesim_catch_them_all/lib/pkgconfig/turtlesim_catch_them_all.pc'
[1.864s] Level 1:colcon.colcon_core.environment:checking '/home/anan/ros2_ws/install/turtlesim_catch_them_all/lib/python3.10/site-packages'
[1.865s] Level 1:colcon.colcon_core.shell:create_environment_hook('turtlesim_catch_them_all', 'pythonpath')
[1.865s] INFO:colcon.colcon_core.shell:Creating environment hook '/home/anan/ros2_ws/install/turtlesim_catch_them_all/share/turtlesim_catch_them_all/hook/pythonpath.ps1'
[1.865s] INFO:colcon.colcon_core.shell:Creating environment descriptor '/home/anan/ros2_ws/install/turtlesim_catch_them_all/share/turtlesim_catch_them_all/hook/pythonpath.dsv'
[1.865s] INFO:colcon.colcon_core.shell:Creating environment hook '/home/anan/ros2_ws/install/turtlesim_catch_them_all/share/turtlesim_catch_them_all/hook/pythonpath.sh'
[1.866s] Level 1:colcon.colcon_core.environment:checking '/home/anan/ros2_ws/install/turtlesim_catch_them_all/bin'
[1.866s] Level 1:colcon.colcon_core.environment:create_environment_scripts_only(turtlesim_catch_them_all)
[1.866s] INFO:colcon.colcon_core.shell:Creating package script '/home/anan/ros2_ws/install/turtlesim_catch_them_all/share/turtlesim_catch_them_all/package.ps1'
[1.866s] INFO:colcon.colcon_core.shell:Creating package descriptor '/home/anan/ros2_ws/install/turtlesim_catch_them_all/share/turtlesim_catch_them_all/package.dsv'
[1.866s] INFO:colcon.colcon_core.shell:Creating package script '/home/anan/ros2_ws/install/turtlesim_catch_them_all/share/turtlesim_catch_them_all/package.sh'
[1.867s] INFO:colcon.colcon_core.shell:Creating package script '/home/anan/ros2_ws/install/turtlesim_catch_them_all/share/turtlesim_catch_them_all/package.bash'
[1.867s] INFO:colcon.colcon_core.shell:Creating package script '/home/anan/ros2_ws/install/turtlesim_catch_them_all/share/turtlesim_catch_them_all/package.zsh'
[1.867s] Level 1:colcon.colcon_core.environment:create_file_with_runtime_dependencies(/home/anan/ros2_ws/install/turtlesim_catch_them_all/share/colcon-core/packages/turtlesim_catch_them_all)
[1.870s] DEBUG:colcon.colcon_core.event_handler.log_command:Invoking command in '/home/anan/ros2_ws/build/my_robot_bringup': AMENT_PREFIX_PATH=/home/anan/ros2_ws/install/my_py_pkg:/home/anan/ros2_ws/install/turtlesim_catch_them_all:/home/anan/ros2_ws/install/my_twopy_pkg:/home/anan/ros2_ws/install/my_robot_bringup:/home/anan/ros2_ws/install/my_robot_interfaces:/home/anan/ros2_ws/install/my_cpp_pkg:/opt/ros/humble CMAKE_PREFIX_PATH=/home/anan/ros2_ws/install/my_robot_interfaces:/home/anan/ros2_ws/install/my_robot_bringup:/home/anan/ros2_ws/install/my_cpp_pkg:/home/anan/ros2_ws/install/turtlesim_catch_them_all:/home/anan/ros2_ws/install/my_twopy_pkg:/home/anan/ros2_ws/install/my_py_pkg:/opt/ros/humble PYTHONPATH=/home/anan/ros2_ws/install/my_py_pkg/lib/python3.10/site-packages:/home/anan/ros2_ws/install/turtlesim_catch_them_all/lib/python3.10/site-packages:/home/anan/ros2_ws/install/my_twopy_pkg/lib/python3.10/site-packages:/home/anan/ros2_ws/install/my_robot_interfaces/local/lib/python3.10/dist-packages:/opt/ros/humble/lib/python3.10/site-packages:/opt/ros/humble/local/lib/python3.10/dist-packages /usr/bin/cmake --build /home/anan/ros2_ws/build/my_robot_bringup -- -j16 -l16
[1.906s] DEBUG:colcon.colcon_core.event_handler.log_command:Invoked command in '/home/anan/ros2_ws/build/my_robot_bringup' returned '0': AMENT_PREFIX_PATH=/home/anan/ros2_ws/install/my_py_pkg:/home/anan/ros2_ws/install/turtlesim_catch_them_all:/home/anan/ros2_ws/install/my_twopy_pkg:/home/anan/ros2_ws/install/my_robot_bringup:/home/anan/ros2_ws/install/my_robot_interfaces:/home/anan/ros2_ws/install/my_cpp_pkg:/opt/ros/humble CMAKE_PREFIX_PATH=/home/anan/ros2_ws/install/my_robot_interfaces:/home/anan/ros2_ws/install/my_robot_bringup:/home/anan/ros2_ws/install/my_cpp_pkg:/home/anan/ros2_ws/install/turtlesim_catch_them_all:/home/anan/ros2_ws/install/my_twopy_pkg:/home/anan/ros2_ws/install/my_py_pkg:/opt/ros/humble PYTHONPATH=/home/anan/ros2_ws/install/my_py_pkg/lib/python3.10/site-packages:/home/anan/ros2_ws/install/turtlesim_catch_them_all/lib/python3.10/site-packages:/home/anan/ros2_ws/install/my_twopy_pkg/lib/python3.10/site-packages:/home/anan/ros2_ws/install/my_robot_interfaces/local/lib/python3.10/dist-packages:/opt/ros/humble/lib/python3.10/site-packages:/opt/ros/humble/local/lib/python3.10/dist-packages /usr/bin/cmake --build /home/anan/ros2_ws/build/my_robot_bringup -- -j16 -l16
[1.933s] DEBUG:colcon.colcon_core.event_handler.log_command:Invoking command in '/home/anan/ros2_ws/build/my_robot_bringup': AMENT_PREFIX_PATH=/home/anan/ros2_ws/install/my_py_pkg:/home/anan/ros2_ws/install/turtlesim_catch_them_all:/home/anan/ros2_ws/install/my_twopy_pkg:/home/anan/ros2_ws/install/my_robot_bringup:/home/anan/ros2_ws/install/my_robot_interfaces:/home/anan/ros2_ws/install/my_cpp_pkg:/opt/ros/humble CMAKE_PREFIX_PATH=/home/anan/ros2_ws/install/my_robot_interfaces:/home/anan/ros2_ws/install/my_robot_bringup:/home/anan/ros2_ws/install/my_cpp_pkg:/home/anan/ros2_ws/install/turtlesim_catch_them_all:/home/anan/ros2_ws/install/my_twopy_pkg:/home/anan/ros2_ws/install/my_py_pkg:/opt/ros/humble PYTHONPATH=/home/anan/ros2_ws/install/my_py_pkg/lib/python3.10/site-packages:/home/anan/ros2_ws/install/turtlesim_catch_them_all/lib/python3.10/site-packages:/home/anan/ros2_ws/install/my_twopy_pkg/lib/python3.10/site-packages:/home/anan/ros2_ws/install/my_robot_interfaces/local/lib/python3.10/dist-packages:/opt/ros/humble/lib/python3.10/site-packages:/opt/ros/humble/local/lib/python3.10/dist-packages /usr/bin/cmake --install /home/anan/ros2_ws/build/my_robot_bringup
[1.940s] Level 1:colcon.colcon_core.environment:create_environment_scripts_only(my_robot_bringup)
[1.941s] Level 1:colcon.colcon_core.environment:checking '/home/anan/ros2_ws/install/my_robot_bringup' for CMake module files
[1.941s] DEBUG:colcon.colcon_core.event_handler.log_command:Invoked command in '/home/anan/ros2_ws/build/my_robot_bringup' returned '0': AMENT_PREFIX_PATH=/home/anan/ros2_ws/install/my_py_pkg:/home/anan/ros2_ws/install/turtlesim_catch_them_all:/home/anan/ros2_ws/install/my_twopy_pkg:/home/anan/ros2_ws/install/my_robot_bringup:/home/anan/ros2_ws/install/my_robot_interfaces:/home/anan/ros2_ws/install/my_cpp_pkg:/opt/ros/humble CMAKE_PREFIX_PATH=/home/anan/ros2_ws/install/my_robot_interfaces:/home/anan/ros2_ws/install/my_robot_bringup:/home/anan/ros2_ws/install/my_cpp_pkg:/home/anan/ros2_ws/install/turtlesim_catch_them_all:/home/anan/ros2_ws/install/my_twopy_pkg:/home/anan/ros2_ws/install/my_py_pkg:/opt/ros/humble PYTHONPATH=/home/anan/ros2_ws/install/my_py_pkg/lib/python3.10/site-packages:/home/anan/ros2_ws/install/turtlesim_catch_them_all/lib/python3.10/site-packages:/home/anan/ros2_ws/install/my_twopy_pkg/lib/python3.10/site-packages:/home/anan/ros2_ws/install/my_robot_interfaces/local/lib/python3.10/dist-packages:/opt/ros/humble/lib/python3.10/site-packages:/opt/ros/humble/local/lib/python3.10/dist-packages /usr/bin/cmake --install /home/anan/ros2_ws/build/my_robot_bringup
[1.941s] Level 1:colcon.colcon_core.environment:checking '/home/anan/ros2_ws/install/my_robot_bringup' for CMake config files
[1.942s] Level 1:colcon.colcon_core.shell:create_environment_hook('my_robot_bringup', 'cmake_prefix_path')
[1.942s] INFO:colcon.colcon_core.shell:Creating environment hook '/home/anan/ros2_ws/install/my_robot_bringup/share/my_robot_bringup/hook/cmake_prefix_path.ps1'
[1.942s] INFO:colcon.colcon_core.shell:Creating environment descriptor '/home/anan/ros2_ws/install/my_robot_bringup/share/my_robot_bringup/hook/cmake_prefix_path.dsv'
[1.943s] INFO:colcon.colcon_core.shell:Creating environment hook '/home/anan/ros2_ws/install/my_robot_bringup/share/my_robot_bringup/hook/cmake_prefix_path.sh'
[1.943s] Level 1:colcon.colcon_core.environment:checking '/home/anan/ros2_ws/install/my_robot_bringup/bin'
[1.943s] Level 1:colcon.colcon_core.environment:checking '/home/anan/ros2_ws/install/my_robot_bringup/lib/pkgconfig/my_robot_bringup.pc'
[1.943s] Level 1:colcon.colcon_core.environment:checking '/home/anan/ros2_ws/install/my_robot_bringup/lib/python3.10/site-packages'
[1.943s] Level 1:colcon.colcon_core.environment:checking '/home/anan/ros2_ws/install/my_robot_bringup/bin'
[1.944s] INFO:colcon.colcon_core.shell:Creating package script '/home/anan/ros2_ws/install/my_robot_bringup/share/my_robot_bringup/package.ps1'
[1.944s] INFO:colcon.colcon_core.shell:Creating package descriptor '/home/anan/ros2_ws/install/my_robot_bringup/share/my_robot_bringup/package.dsv'
[1.944s] INFO:colcon.colcon_core.shell:Creating package script '/home/anan/ros2_ws/install/my_robot_bringup/share/my_robot_bringup/package.sh'
[1.944s] INFO:colcon.colcon_core.shell:Creating package script '/home/anan/ros2_ws/install/my_robot_bringup/share/my_robot_bringup/package.bash'
[1.945s] INFO:colcon.colcon_core.shell:Creating package script '/home/anan/ros2_ws/install/my_robot_bringup/share/my_robot_bringup/package.zsh'
[1.945s] Level 1:colcon.colcon_core.environment:create_file_with_runtime_dependencies(/home/anan/ros2_ws/install/my_robot_bringup/share/colcon-core/packages/my_robot_bringup)
[1.972s] Level 1:colcon.colcon_core.environment:create_environment_scripts_only(my_robot_bringup)
[1.973s] Level 1:colcon.colcon_core.environment:checking '/home/anan/ros2_ws/install/my_robot_bringup' for CMake module files
[1.973s] Level 1:colcon.colcon_core.environment:checking '/home/anan/ros2_ws/install/my_robot_bringup' for CMake config files
[1.973s] Level 1:colcon.colcon_core.shell:create_environment_hook('my_robot_bringup', 'cmake_prefix_path')
[1.974s] INFO:colcon.colcon_core.shell:Creating environment hook '/home/anan/ros2_ws/install/my_robot_bringup/share/my_robot_bringup/hook/cmake_prefix_path.ps1'
[1.974s] INFO:colcon.colcon_core.shell:Creating environment descriptor '/home/anan/ros2_ws/install/my_robot_bringup/share/my_robot_bringup/hook/cmake_prefix_path.dsv'
[1.974s] INFO:colcon.colcon_core.shell:Creating environment hook '/home/anan/ros2_ws/install/my_robot_bringup/share/my_robot_bringup/hook/cmake_prefix_path.sh'
[1.974s] Level 1:colcon.colcon_core.environment:checking '/home/anan/ros2_ws/install/my_robot_bringup/bin'
[1.975s] Level 1:colcon.colcon_core.environment:checking '/home/anan/ros2_ws/install/my_robot_bringup/lib/pkgconfig/my_robot_bringup.pc'
[1.975s] Level 1:colcon.colcon_core.environment:checking '/home/anan/ros2_ws/install/my_robot_bringup/lib/python3.10/site-packages'
[1.975s] Level 1:colcon.colcon_core.environment:checking '/home/anan/ros2_ws/install/my_robot_bringup/bin'
[1.975s] INFO:colcon.colcon_core.shell:Creating package script '/home/anan/ros2_ws/install/my_robot_bringup/share/my_robot_bringup/package.ps1'
[1.975s] INFO:colcon.colcon_core.shell:Creating package descriptor '/home/anan/ros2_ws/install/my_robot_bringup/share/my_robot_bringup/package.dsv'
[1.976s] INFO:colcon.colcon_core.shell:Creating package script '/home/anan/ros2_ws/install/my_robot_bringup/share/my_robot_bringup/package.sh'
[1.976s] INFO:colcon.colcon_core.shell:Creating package script '/home/anan/ros2_ws/install/my_robot_bringup/share/my_robot_bringup/package.bash'
[1.976s] INFO:colcon.colcon_core.shell:Creating package script '/home/anan/ros2_ws/install/my_robot_bringup/share/my_robot_bringup/package.zsh'
[1.976s] Level 1:colcon.colcon_core.environment:create_file_with_runtime_dependencies(/home/anan/ros2_ws/install/my_robot_bringup/share/colcon-core/packages/my_robot_bringup)
[1.977s] DEBUG:colcon.colcon_parallel_executor.executor.parallel:closing loop
[1.977s] DEBUG:colcon.colcon_parallel_executor.executor.parallel:loop closed
[1.977s] DEBUG:colcon.colcon_parallel_executor.executor.parallel:run_until_complete finished with '0'
[1.977s] DEBUG:colcon.colcon_core.event_reactor:joining thread
[1.981s] INFO:colcon.colcon_core.plugin_system:Skipping extension 'colcon_notification.desktop_notification.terminal_notifier': Not used on non-Darwin systems
[1.981s] INFO:colcon.colcon_core.plugin_system:Skipping extension 'colcon_notification.desktop_notification.win32': Not used on non-Windows systems
[1.981s] INFO:colcon.colcon_notification.desktop_notification:Sending desktop notification using 'notify2'
[1.991s] DEBUG:colcon.colcon_core.event_reactor:joined thread
[1.991s] INFO:colcon.colcon_core.shell:Creating prefix script '/home/anan/ros2_ws/install/local_setup.ps1'
[1.992s] INFO:colcon.colcon_core.shell:Creating prefix util module '/home/anan/ros2_ws/install/_local_setup_util_ps1.py'
[1.993s] INFO:colcon.colcon_core.shell:Creating prefix chain script '/home/anan/ros2_ws/install/setup.ps1'
[1.994s] INFO:colcon.colcon_core.shell:Creating prefix script '/home/anan/ros2_ws/install/local_setup.sh'
[1.994s] INFO:colcon.colcon_core.shell:Creating prefix util module '/home/anan/ros2_ws/install/_local_setup_util_sh.py'
[1.994s] INFO:colcon.colcon_core.shell:Creating prefix chain script '/home/anan/ros2_ws/install/setup.sh'
[1.995s] INFO:colcon.colcon_core.shell:Creating prefix script '/home/anan/ros2_ws/install/local_setup.bash'
[1.995s] INFO:colcon.colcon_core.shell:Creating prefix chain script '/home/anan/ros2_ws/install/setup.bash'
[1.996s] INFO:colcon.colcon_core.shell:Creating prefix script '/home/anan/ros2_ws/install/local_setup.zsh'
[1.997s] INFO:colcon.colcon_core.shell:Creating prefix chain script '/home/anan/ros2_ws/install/setup.zsh'
