[0.109s] DEBUG:colcon:Command line arguments: ['/usr/bin/colcon', 'build']
[0.109s] DEBUG:colcon:Parsed command line arguments: Namespace(log_base=None, log_level=None, verb_name='build', build_base='build', install_base='install', merge_install=False, symlink_install=False, test_result_base=None, continue_on_error=False, executor='parallel', parallel_workers=16, event_handlers=None, ignore_user_meta=False, metas=['./colcon.meta'], base_paths=['.'], packages_ignore=None, packages_ignore_regex=None, paths=None, packages_up_to=None, packages_up_to_regex=None, packages_above=None, packages_above_and_dependencies=None, packages_above_depth=None, packages_select_by_dep=None, packages_skip_by_dep=None, packages_skip_up_to=None, packages_select_build_failed=False, packages_skip_build_finished=False, packages_select_test_failures=False, packages_skip_test_passed=False, packages_select=None, packages_skip=None, packages_select_regex=None, packages_skip_regex=None, packages_start=None, packages_end=None, allow_overriding=[], cmake_args=None, cmake_target=None, cmake_target_skip_unavailable=False, cmake_clean_cache=False, cmake_clean_first=False, cmake_force_configure=False, ament_cmake_args=None, catkin_cmake_args=None, catkin_skip_building_tests=False, verb_parser=<colcon_defaults.argument_parser.defaults.DefaultArgumentsDecorator object at 0x7454118400a0>, verb_extension=<colcon_core.verb.build.BuildVerb object at 0x74541180b9a0>, main=<bound method BuildVerb.main of <colcon_core.verb.build.BuildVerb object at 0x74541180b9a0>>)
[0.276s] Level 1:colcon.colcon_core.package_discovery:discover_packages(colcon_meta) check parameters
[0.276s] Level 1:colcon.colcon_core.package_discovery:discover_packages(recursive) check parameters
[0.276s] Level 1:colcon.colcon_core.package_discovery:discover_packages(ignore) check parameters
[0.276s] Level 1:colcon.colcon_core.package_discovery:discover_packages(path) check parameters
[0.276s] Level 1:colcon.colcon_core.package_discovery:discover_packages(colcon_meta) discover
[0.276s] Level 1:colcon.colcon_core.package_discovery:discover_packages(recursive) discover
[0.276s] INFO:colcon.colcon_core.package_discovery:Crawling recursively for packages in '/home/anan/ros2_ws'
[0.276s] Level 1:colcon.colcon_core.package_identification:_identify(.) by extensions ['ignore', 'ignore_ament_install']
[0.277s] Level 1:colcon.colcon_core.package_identification:_identify(.) by extension 'ignore'
[0.277s] Level 1:colcon.colcon_core.package_identification:_identify(.) by extension 'ignore_ament_install'
[0.277s] Level 1:colcon.colcon_core.package_identification:_identify(.) by extensions ['colcon_pkg']
[0.277s] Level 1:colcon.colcon_core.package_identification:_identify(.) by extension 'colcon_pkg'
[0.277s] Level 1:colcon.colcon_core.package_identification:_identify(.) by extensions ['colcon_meta']
[0.277s] Level 1:colcon.colcon_core.package_identification:_identify(.) by extension 'colcon_meta'
[0.277s] Level 1:colcon.colcon_core.package_identification:_identify(.) by extensions ['ros']
[0.277s] Level 1:colcon.colcon_core.package_identification:_identify(.) by extension 'ros'
[0.285s] Level 1:colcon.colcon_core.package_identification:_identify(.) by extensions ['cmake', 'python']
[0.285s] Level 1:colcon.colcon_core.package_identification:_identify(.) by extension 'cmake'
[0.285s] Level 1:colcon.colcon_core.package_identification:_identify(.) by extension 'python'
[0.285s] Level 1:colcon.colcon_core.package_identification:_identify(.) by extensions ['python_setup_py']
[0.285s] Level 1:colcon.colcon_core.package_identification:_identify(.) by extension 'python_setup_py'
[0.285s] Level 1:colcon.colcon_core.package_identification:_identify(build) by extensions ['ignore', 'ignore_ament_install']
[0.285s] Level 1:colcon.colcon_core.package_identification:_identify(build) by extension 'ignore'
[0.285s] Level 1:colcon.colcon_core.package_identification:_identify(build) ignored
[0.285s] Level 1:colcon.colcon_core.package_identification:_identify(install) by extensions ['ignore', 'ignore_ament_install']
[0.286s] Level 1:colcon.colcon_core.package_identification:_identify(install) by extension 'ignore'
[0.286s] Level 1:colcon.colcon_core.package_identification:_identify(install) ignored
[0.286s] Level 1:colcon.colcon_core.package_identification:_identify(log) by extensions ['ignore', 'ignore_ament_install']
[0.286s] Level 1:colcon.colcon_core.package_identification:_identify(log) by extension 'ignore'
[0.286s] Level 1:colcon.colcon_core.package_identification:_identify(log) ignored
[0.286s] Level 1:colcon.colcon_core.package_identification:_identify(src) by extensions ['ignore', 'ignore_ament_install']
[0.286s] Level 1:colcon.colcon_core.package_identification:_identify(src) by extension 'ignore'
[0.286s] Level 1:colcon.colcon_core.package_identification:_identify(src) by extension 'ignore_ament_install'
[0.286s] Level 1:colcon.colcon_core.package_identification:_identify(src) by extensions ['colcon_pkg']
[0.286s] Level 1:colcon.colcon_core.package_identification:_identify(src) by extension 'colcon_pkg'
[0.286s] Level 1:colcon.colcon_core.package_identification:_identify(src) by extensions ['colcon_meta']
[0.286s] Level 1:colcon.colcon_core.package_identification:_identify(src) by extension 'colcon_meta'
[0.286s] Level 1:colcon.colcon_core.package_identification:_identify(src) by extensions ['ros']
[0.286s] Level 1:colcon.colcon_core.package_identification:_identify(src) by extension 'ros'
[0.286s] Level 1:colcon.colcon_core.package_identification:_identify(src) by extensions ['cmake', 'python']
[0.286s] Level 1:colcon.colcon_core.package_identification:_identify(src) by extension 'cmake'
[0.286s] Level 1:colcon.colcon_core.package_identification:_identify(src) by extension 'python'
[0.286s] Level 1:colcon.colcon_core.package_identification:_identify(src) by extensions ['python_setup_py']
[0.286s] Level 1:colcon.colcon_core.package_identification:_identify(src) by extension 'python_setup_py'
[0.286s] Level 1:colcon.colcon_core.package_identification:_identify(src/my_cpp_pkg) by extensions ['ignore', 'ignore_ament_install']
[0.286s] Level 1:colcon.colcon_core.package_identification:_identify(src/my_cpp_pkg) by extension 'ignore'
[0.286s] Level 1:colcon.colcon_core.package_identification:_identify(src/my_cpp_pkg) by extension 'ignore_ament_install'
[0.286s] Level 1:colcon.colcon_core.package_identification:_identify(src/my_cpp_pkg) by extensions ['colcon_pkg']
[0.286s] Level 1:colcon.colcon_core.package_identification:_identify(src/my_cpp_pkg) by extension 'colcon_pkg'
[0.286s] Level 1:colcon.colcon_core.package_identification:_identify(src/my_cpp_pkg) by extensions ['colcon_meta']
[0.286s] Level 1:colcon.colcon_core.package_identification:_identify(src/my_cpp_pkg) by extension 'colcon_meta'
[0.287s] Level 1:colcon.colcon_core.package_identification:_identify(src/my_cpp_pkg) by extensions ['ros']
[0.287s] Level 1:colcon.colcon_core.package_identification:_identify(src/my_cpp_pkg) by extension 'ros'
[0.289s] DEBUG:colcon.colcon_core.package_identification:Package 'src/my_cpp_pkg' with type 'ros.ament_cmake' and name 'my_cpp_pkg'
[0.289s] Level 1:colcon.colcon_core.package_identification:_identify(src/my_py_pkg) by extensions ['ignore', 'ignore_ament_install']
[0.289s] Level 1:colcon.colcon_core.package_identification:_identify(src/my_py_pkg) by extension 'ignore'
[0.289s] Level 1:colcon.colcon_core.package_identification:_identify(src/my_py_pkg) by extension 'ignore_ament_install'
[0.289s] Level 1:colcon.colcon_core.package_identification:_identify(src/my_py_pkg) by extensions ['colcon_pkg']
[0.289s] Level 1:colcon.colcon_core.package_identification:_identify(src/my_py_pkg) by extension 'colcon_pkg'
[0.289s] Level 1:colcon.colcon_core.package_identification:_identify(src/my_py_pkg) by extensions ['colcon_meta']
[0.289s] Level 1:colcon.colcon_core.package_identification:_identify(src/my_py_pkg) by extension 'colcon_meta'
[0.289s] Level 1:colcon.colcon_core.package_identification:_identify(src/my_py_pkg) by extensions ['ros']
[0.289s] Level 1:colcon.colcon_core.package_identification:_identify(src/my_py_pkg) by extension 'ros'
[0.290s] DEBUG:colcon.colcon_core.package_identification:Package 'src/my_py_pkg' with type 'ros.ament_python' and name 'my_py_pkg'
[0.290s] Level 1:colcon.colcon_core.package_identification:_identify(src/my_robot_bringup) by extensions ['ignore', 'ignore_ament_install']
[0.290s] Level 1:colcon.colcon_core.package_identification:_identify(src/my_robot_bringup) by extension 'ignore'
[0.290s] Level 1:colcon.colcon_core.package_identification:_identify(src/my_robot_bringup) by extension 'ignore_ament_install'
[0.290s] Level 1:colcon.colcon_core.package_identification:_identify(src/my_robot_bringup) by extensions ['colcon_pkg']
[0.290s] Level 1:colcon.colcon_core.package_identification:_identify(src/my_robot_bringup) by extension 'colcon_pkg'
[0.290s] Level 1:colcon.colcon_core.package_identification:_identify(src/my_robot_bringup) by extensions ['colcon_meta']
[0.290s] Level 1:colcon.colcon_core.package_identification:_identify(src/my_robot_bringup) by extension 'colcon_meta'
[0.290s] Level 1:colcon.colcon_core.package_identification:_identify(src/my_robot_bringup) by extensions ['ros']
[0.290s] Level 1:colcon.colcon_core.package_identification:_identify(src/my_robot_bringup) by extension 'ros'
[0.291s] DEBUG:colcon.colcon_core.package_identification:Package 'src/my_robot_bringup' with type 'ros.ament_cmake' and name 'my_robot_bringup'
[0.291s] Level 1:colcon.colcon_core.package_identification:_identify(src/my_robot_interfaces) by extensions ['ignore', 'ignore_ament_install']
[0.291s] Level 1:colcon.colcon_core.package_identification:_identify(src/my_robot_interfaces) by extension 'ignore'
[0.291s] Level 1:colcon.colcon_core.package_identification:_identify(src/my_robot_interfaces) by extension 'ignore_ament_install'
[0.291s] Level 1:colcon.colcon_core.package_identification:_identify(src/my_robot_interfaces) by extensions ['colcon_pkg']
[0.291s] Level 1:colcon.colcon_core.package_identification:_identify(src/my_robot_interfaces) by extension 'colcon_pkg'
[0.291s] Level 1:colcon.colcon_core.package_identification:_identify(src/my_robot_interfaces) by extensions ['colcon_meta']
[0.291s] Level 1:colcon.colcon_core.package_identification:_identify(src/my_robot_interfaces) by extension 'colcon_meta'
[0.291s] Level 1:colcon.colcon_core.package_identification:_identify(src/my_robot_interfaces) by extensions ['ros']
[0.291s] Level 1:colcon.colcon_core.package_identification:_identify(src/my_robot_interfaces) by extension 'ros'
[0.292s] DEBUG:colcon.colcon_core.package_identification:Package 'src/my_robot_interfaces' with type 'ros.ament_cmake' and name 'my_robot_interfaces'
[0.292s] Level 1:colcon.colcon_core.package_identification:_identify(src/my_twopy_pkg) by extensions ['ignore', 'ignore_ament_install']
[0.292s] Level 1:colcon.colcon_core.package_identification:_identify(src/my_twopy_pkg) by extension 'ignore'
[0.292s] Level 1:colcon.colcon_core.package_identification:_identify(src/my_twopy_pkg) by extension 'ignore_ament_install'
[0.292s] Level 1:colcon.colcon_core.package_identification:_identify(src/my_twopy_pkg) by extensions ['colcon_pkg']
[0.292s] Level 1:colcon.colcon_core.package_identification:_identify(src/my_twopy_pkg) by extension 'colcon_pkg'
[0.292s] Level 1:colcon.colcon_core.package_identification:_identify(src/my_twopy_pkg) by extensions ['colcon_meta']
[0.292s] Level 1:colcon.colcon_core.package_identification:_identify(src/my_twopy_pkg) by extension 'colcon_meta'
[0.292s] Level 1:colcon.colcon_core.package_identification:_identify(src/my_twopy_pkg) by extensions ['ros']
[0.292s] Level 1:colcon.colcon_core.package_identification:_identify(src/my_twopy_pkg) by extension 'ros'
[0.293s] DEBUG:colcon.colcon_core.package_identification:Package 'src/my_twopy_pkg' with type 'ros.ament_python' and name 'my_twopy_pkg'
[0.293s] Level 1:colcon.colcon_core.package_identification:_identify(src/turtlesim_catch_them_all) by extensions ['ignore', 'ignore_ament_install']
[0.293s] Level 1:colcon.colcon_core.package_identification:_identify(src/turtlesim_catch_them_all) by extension 'ignore'
[0.293s] Level 1:colcon.colcon_core.package_identification:_identify(src/turtlesim_catch_them_all) by extension 'ignore_ament_install'
[0.293s] Level 1:colcon.colcon_core.package_identification:_identify(src/turtlesim_catch_them_all) by extensions ['colcon_pkg']
[0.293s] Level 1:colcon.colcon_core.package_identification:_identify(src/turtlesim_catch_them_all) by extension 'colcon_pkg'
[0.293s] Level 1:colcon.colcon_core.package_identification:_identify(src/turtlesim_catch_them_all) by extensions ['colcon_meta']
[0.293s] Level 1:colcon.colcon_core.package_identification:_identify(src/turtlesim_catch_them_all) by extension 'colcon_meta'
[0.293s] Level 1:colcon.colcon_core.package_identification:_identify(src/turtlesim_catch_them_all) by extensions ['ros']
[0.293s] Level 1:colcon.colcon_core.package_identification:_identify(src/turtlesim_catch_them_all) by extension 'ros'
[0.294s] DEBUG:colcon.colcon_core.package_identification:Package 'src/turtlesim_catch_them_all' with type 'ros.ament_python' and name 'turtlesim_catch_them_all'
[0.294s] Level 1:colcon.colcon_core.package_discovery:discover_packages(recursive) using defaults
[0.294s] Level 1:colcon.colcon_core.package_discovery:discover_packages(ignore) discover
[0.294s] Level 1:colcon.colcon_core.package_discovery:discover_packages(ignore) using defaults
[0.294s] Level 1:colcon.colcon_core.package_discovery:discover_packages(path) discover
[0.294s] Level 1:colcon.colcon_core.package_discovery:discover_packages(path) using defaults
[0.311s] Level 1:colcon.colcon_core.package_discovery:discover_packages(prefix_path) check parameters
[0.311s] Level 1:colcon.colcon_core.package_discovery:discover_packages(prefix_path) discover
[0.313s] DEBUG:colcon.colcon_installed_package_information.package_discovery:Found 6 installed packages in /home/anan/ros2_ws/install
[0.314s] DEBUG:colcon.colcon_installed_package_information.package_discovery:Found 270 installed packages in /opt/ros/humble
[0.315s] Level 1:colcon.colcon_core.package_discovery:discover_packages(prefix_path) using defaults
[0.351s] Level 5:colcon.colcon_core.verb:set package 'my_cpp_pkg' build argument 'cmake_args' from command line to 'None'
[0.351s] Level 5:colcon.colcon_core.verb:set package 'my_cpp_pkg' build argument 'cmake_target' from command line to 'None'
[0.351s] Level 5:colcon.colcon_core.verb:set package 'my_cpp_pkg' build argument 'cmake_target_skip_unavailable' from command line to 'False'
[0.351s] Level 5:colcon.colcon_core.verb:set package 'my_cpp_pkg' build argument 'cmake_clean_cache' from command line to 'False'
[0.351s] Level 5:colcon.colcon_core.verb:set package 'my_cpp_pkg' build argument 'cmake_clean_first' from command line to 'False'
[0.351s] Level 5:colcon.colcon_core.verb:set package 'my_cpp_pkg' build argument 'cmake_force_configure' from command line to 'False'
[0.351s] Level 5:colcon.colcon_core.verb:set package 'my_cpp_pkg' build argument 'ament_cmake_args' from command line to 'None'
[0.351s] Level 5:colcon.colcon_core.verb:set package 'my_cpp_pkg' build argument 'catkin_cmake_args' from command line to 'None'
[0.351s] Level 5:colcon.colcon_core.verb:set package 'my_cpp_pkg' build argument 'catkin_skip_building_tests' from command line to 'False'
[0.351s] DEBUG:colcon.colcon_core.verb:Building package 'my_cpp_pkg' with the following arguments: {'ament_cmake_args': None, 'build_base': '/home/anan/ros2_ws/build/my_cpp_pkg', 'catkin_cmake_args': None, 'catkin_skip_building_tests': False, 'cmake_args': None, 'cmake_clean_cache': False, 'cmake_clean_first': False, 'cmake_force_configure': False, 'cmake_target': None, 'cmake_target_skip_unavailable': False, 'install_base': '/home/anan/ros2_ws/install/my_cpp_pkg', 'merge_install': False, 'path': '/home/anan/ros2_ws/src/my_cpp_pkg', 'symlink_install': False, 'test_result_base': None}
[0.352s] Level 5:colcon.colcon_core.verb:set package 'my_robot_interfaces' build argument 'cmake_args' from command line to 'None'
[0.352s] Level 5:colcon.colcon_core.verb:set package 'my_robot_interfaces' build argument 'cmake_target' from command line to 'None'
[0.352s] Level 5:colcon.colcon_core.verb:set package 'my_robot_interfaces' build argument 'cmake_target_skip_unavailable' from command line to 'False'
[0.352s] Level 5:colcon.colcon_core.verb:set package 'my_robot_interfaces' build argument 'cmake_clean_cache' from command line to 'False'
[0.352s] Level 5:colcon.colcon_core.verb:set package 'my_robot_interfaces' build argument 'cmake_clean_first' from command line to 'False'
[0.352s] Level 5:colcon.colcon_core.verb:set package 'my_robot_interfaces' build argument 'cmake_force_configure' from command line to 'False'
[0.352s] Level 5:colcon.colcon_core.verb:set package 'my_robot_interfaces' build argument 'ament_cmake_args' from command line to 'None'
[0.352s] Level 5:colcon.colcon_core.verb:set package 'my_robot_interfaces' build argument 'catkin_cmake_args' from command line to 'None'
[0.352s] Level 5:colcon.colcon_core.verb:set package 'my_robot_interfaces' build argument 'catkin_skip_building_tests' from command line to 'False'
[0.352s] DEBUG:colcon.colcon_core.verb:Building package 'my_robot_interfaces' with the following arguments: {'ament_cmake_args': None, 'build_base': '/home/anan/ros2_ws/build/my_robot_interfaces', 'catkin_cmake_args': None, 'catkin_skip_building_tests': False, 'cmake_args': None, 'cmake_clean_cache': False, 'cmake_clean_first': False, 'cmake_force_configure': False, 'cmake_target': None, 'cmake_target_skip_unavailable': False, 'install_base': '/home/anan/ros2_ws/install/my_robot_interfaces', 'merge_install': False, 'path': '/home/anan/ros2_ws/src/my_robot_interfaces', 'symlink_install': False, 'test_result_base': None}
[0.352s] Level 5:colcon.colcon_core.verb:set package 'my_twopy_pkg' build argument 'cmake_args' from command line to 'None'
[0.352s] Level 5:colcon.colcon_core.verb:set package 'my_twopy_pkg' build argument 'cmake_target' from command line to 'None'
[0.352s] Level 5:colcon.colcon_core.verb:set package 'my_twopy_pkg' build argument 'cmake_target_skip_unavailable' from command line to 'False'
[0.352s] Level 5:colcon.colcon_core.verb:set package 'my_twopy_pkg' build argument 'cmake_clean_cache' from command line to 'False'
[0.352s] Level 5:colcon.colcon_core.verb:set package 'my_twopy_pkg' build argument 'cmake_clean_first' from command line to 'False'
[0.352s] Level 5:colcon.colcon_core.verb:set package 'my_twopy_pkg' build argument 'cmake_force_configure' from command line to 'False'
[0.352s] Level 5:colcon.colcon_core.verb:set package 'my_twopy_pkg' build argument 'ament_cmake_args' from command line to 'None'
[0.352s] Level 5:colcon.colcon_core.verb:set package 'my_twopy_pkg' build argument 'catkin_cmake_args' from command line to 'None'
[0.352s] Level 5:colcon.colcon_core.verb:set package 'my_twopy_pkg' build argument 'catkin_skip_building_tests' from command line to 'False'
[0.352s] DEBUG:colcon.colcon_core.verb:Building package 'my_twopy_pkg' with the following arguments: {'ament_cmake_args': None, 'build_base': '/home/anan/ros2_ws/build/my_twopy_pkg', 'catkin_cmake_args': None, 'catkin_skip_building_tests': False, 'cmake_args': None, 'cmake_clean_cache': False, 'cmake_clean_first': False, 'cmake_force_configure': False, 'cmake_target': None, 'cmake_target_skip_unavailable': False, 'install_base': '/home/anan/ros2_ws/install/my_twopy_pkg', 'merge_install': False, 'path': '/home/anan/ros2_ws/src/my_twopy_pkg', 'symlink_install': False, 'test_result_base': None}
[0.352s] Level 5:colcon.colcon_core.verb:set package 'turtlesim_catch_them_all' build argument 'cmake_args' from command line to 'None'
[0.352s] Level 5:colcon.colcon_core.verb:set package 'turtlesim_catch_them_all' build argument 'cmake_target' from command line to 'None'
[0.352s] Level 5:colcon.colcon_core.verb:set package 'turtlesim_catch_them_all' build argument 'cmake_target_skip_unavailable' from command line to 'False'
[0.352s] Level 5:colcon.colcon_core.verb:set package 'turtlesim_catch_them_all' build argument 'cmake_clean_cache' from command line to 'False'
[0.352s] Level 5:colcon.colcon_core.verb:set package 'turtlesim_catch_them_all' build argument 'cmake_clean_first' from command line to 'False'
[0.352s] Level 5:colcon.colcon_core.verb:set package 'turtlesim_catch_them_all' build argument 'cmake_force_configure' from command line to 'False'
[0.352s] Level 5:colcon.colcon_core.verb:set package 'turtlesim_catch_them_all' build argument 'ament_cmake_args' from command line to 'None'
[0.352s] Level 5:colcon.colcon_core.verb:set package 'turtlesim_catch_them_all' build argument 'catkin_cmake_args' from command line to 'None'
[0.352s] Level 5:colcon.colcon_core.verb:set package 'turtlesim_catch_them_all' build argument 'catkin_skip_building_tests' from command line to 'False'
[0.352s] DEBUG:colcon.colcon_core.verb:Building package 'turtlesim_catch_them_all' with the following arguments: {'ament_cmake_args': None, 'build_base': '/home/anan/ros2_ws/build/turtlesim_catch_them_all', 'catkin_cmake_args': None, 'catkin_skip_building_tests': False, 'cmake_args': None, 'cmake_clean_cache': False, 'cmake_clean_first': False, 'cmake_force_configure': False, 'cmake_target': None, 'cmake_target_skip_unavailable': False, 'install_base': '/home/anan/ros2_ws/install/turtlesim_catch_them_all', 'merge_install': False, 'path': '/home/anan/ros2_ws/src/turtlesim_catch_them_all', 'symlink_install': False, 'test_result_base': None}
[0.353s] Level 5:colcon.colcon_core.verb:set package 'my_py_pkg' build argument 'cmake_args' from command line to 'None'
[0.353s] Level 5:colcon.colcon_core.verb:set package 'my_py_pkg' build argument 'cmake_target' from command line to 'None'
[0.353s] Level 5:colcon.colcon_core.verb:set package 'my_py_pkg' build argument 'cmake_target_skip_unavailable' from command line to 'False'
[0.353s] Level 5:colcon.colcon_core.verb:set package 'my_py_pkg' build argument 'cmake_clean_cache' from command line to 'False'
[0.353s] Level 5:colcon.colcon_core.verb:set package 'my_py_pkg' build argument 'cmake_clean_first' from command line to 'False'
[0.353s] Level 5:colcon.colcon_core.verb:set package 'my_py_pkg' build argument 'cmake_force_configure' from command line to 'False'
[0.353s] Level 5:colcon.colcon_core.verb:set package 'my_py_pkg' build argument 'ament_cmake_args' from command line to 'None'
[0.353s] Level 5:colcon.colcon_core.verb:set package 'my_py_pkg' build argument 'catkin_cmake_args' from command line to 'None'
[0.353s] Level 5:colcon.colcon_core.verb:set package 'my_py_pkg' build argument 'catkin_skip_building_tests' from command line to 'False'
[0.353s] DEBUG:colcon.colcon_core.verb:Building package 'my_py_pkg' with the following arguments: {'ament_cmake_args': None, 'build_base': '/home/anan/ros2_ws/build/my_py_pkg', 'catkin_cmake_args': None, 'catkin_skip_building_tests': False, 'cmake_args': None, 'cmake_clean_cache': False, 'cmake_clean_first': False, 'cmake_force_configure': False, 'cmake_target': None, 'cmake_target_skip_unavailable': False, 'install_base': '/home/anan/ros2_ws/install/my_py_pkg', 'merge_install': False, 'path': '/home/anan/ros2_ws/src/my_py_pkg', 'symlink_install': False, 'test_result_base': None}
[0.353s] Level 5:colcon.colcon_core.verb:set package 'my_robot_bringup' build argument 'cmake_args' from command line to 'None'
[0.353s] Level 5:colcon.colcon_core.verb:set package 'my_robot_bringup' build argument 'cmake_target' from command line to 'None'
[0.353s] Level 5:colcon.colcon_core.verb:set package 'my_robot_bringup' build argument 'cmake_target_skip_unavailable' from command line to 'False'
[0.353s] Level 5:colcon.colcon_core.verb:set package 'my_robot_bringup' build argument 'cmake_clean_cache' from command line to 'False'
[0.353s] Level 5:colcon.colcon_core.verb:set package 'my_robot_bringup' build argument 'cmake_clean_first' from command line to 'False'
[0.353s] Level 5:colcon.colcon_core.verb:set package 'my_robot_bringup' build argument 'cmake_force_configure' from command line to 'False'
[0.353s] Level 5:colcon.colcon_core.verb:set package 'my_robot_bringup' build argument 'ament_cmake_args' from command line to 'None'
[0.353s] Level 5:colcon.colcon_core.verb:set package 'my_robot_bringup' build argument 'catkin_cmake_args' from command line to 'None'
[0.353s] Level 5:colcon.colcon_core.verb:set package 'my_robot_bringup' build argument 'catkin_skip_building_tests' from command line to 'False'
[0.353s] DEBUG:colcon.colcon_core.verb:Building package 'my_robot_bringup' with the following arguments: {'ament_cmake_args': None, 'build_base': '/home/anan/ros2_ws/build/my_robot_bringup', 'catkin_cmake_args': None, 'catkin_skip_building_tests': False, 'cmake_args': None, 'cmake_clean_cache': False, 'cmake_clean_first': False, 'cmake_force_configure': False, 'cmake_target': None, 'cmake_target_skip_unavailable': False, 'install_base': '/home/anan/ros2_ws/install/my_robot_bringup', 'merge_install': False, 'path': '/home/anan/ros2_ws/src/my_robot_bringup', 'symlink_install': False, 'test_result_base': None}
[0.353s] INFO:colcon.colcon_core.executor:Executing jobs using 'parallel' executor
[0.354s] DEBUG:colcon.colcon_parallel_executor.executor.parallel:run_until_complete
[0.354s] INFO:colcon.colcon_ros.task.ament_cmake.build:Building ROS package in '/home/anan/ros2_ws/src/my_robot_interfaces' with build type 'ament_cmake'
[0.354s] INFO:colcon.colcon_cmake.task.cmake.build:Building CMake package in '/home/anan/ros2_ws/src/my_robot_interfaces'
[0.357s] INFO:colcon.colcon_core.plugin_system:Skipping extension 'colcon_core.shell.bat': Not used on non-Windows systems
[0.357s] INFO:colcon.colcon_core.shell:Skip shell extension 'powershell' for command environment: Not usable outside of PowerShell
[0.357s] DEBUG:colcon.colcon_core.shell:Skip shell extension 'dsv' for command environment
[0.360s] INFO:colcon.colcon_ros.task.ament_cmake.build:Building ROS package in '/home/anan/ros2_ws/src/my_cpp_pkg' with build type 'ament_cmake'
[0.360s] INFO:colcon.colcon_cmake.task.cmake.build:Building CMake package in '/home/anan/ros2_ws/src/my_cpp_pkg'
[0.360s] INFO:colcon.colcon_core.shell:Skip shell extension 'powershell' for command environment: Not usable outside of PowerShell
[0.360s] DEBUG:colcon.colcon_core.shell:Skip shell extension 'dsv' for command environment
[0.363s] INFO:colcon.colcon_ros.task.ament_python.build:Building ROS package in '/home/anan/ros2_ws/src/my_twopy_pkg' with build type 'ament_python'
[0.363s] Level 1:colcon.colcon_core.shell:create_environment_hook('my_twopy_pkg', 'ament_prefix_path')
[0.363s] INFO:colcon.colcon_core.shell:Creating environment hook '/home/anan/ros2_ws/install/my_twopy_pkg/share/my_twopy_pkg/hook/ament_prefix_path.ps1'
[0.364s] INFO:colcon.colcon_core.shell:Creating environment descriptor '/home/anan/ros2_ws/install/my_twopy_pkg/share/my_twopy_pkg/hook/ament_prefix_path.dsv'
[0.365s] INFO:colcon.colcon_core.shell:Creating environment hook '/home/anan/ros2_ws/install/my_twopy_pkg/share/my_twopy_pkg/hook/ament_prefix_path.sh'
[0.366s] INFO:colcon.colcon_core.shell:Skip shell extension 'powershell' for command environment: Not usable outside of PowerShell
[0.366s] DEBUG:colcon.colcon_core.shell:Skip shell extension 'dsv' for command environment
[0.368s] INFO:colcon.colcon_ros.task.ament_python.build:Building ROS package in '/home/anan/ros2_ws/src/turtlesim_catch_them_all' with build type 'ament_python'
[0.368s] Level 1:colcon.colcon_core.shell:create_environment_hook('turtlesim_catch_them_all', 'ament_prefix_path')
[0.368s] INFO:colcon.colcon_core.shell:Creating environment hook '/home/anan/ros2_ws/install/turtlesim_catch_them_all/share/turtlesim_catch_them_all/hook/ament_prefix_path.ps1'
[0.369s] INFO:colcon.colcon_core.shell:Creating environment descriptor '/home/anan/ros2_ws/install/turtlesim_catch_them_all/share/turtlesim_catch_them_all/hook/ament_prefix_path.dsv'
[0.369s] INFO:colcon.colcon_core.shell:Creating environment hook '/home/anan/ros2_ws/install/turtlesim_catch_them_all/share/turtlesim_catch_them_all/hook/ament_prefix_path.sh'
[0.369s] INFO:colcon.colcon_core.shell:Skip shell extension 'powershell' for command environment: Not usable outside of PowerShell
[0.369s] DEBUG:colcon.colcon_core.shell:Skip shell extension 'dsv' for command environment
[0.376s] DEBUG:colcon.colcon_core.event_handler.log_command:Invoking command in '/home/anan/ros2_ws/build/my_robot_interfaces': CMAKE_PREFIX_PATH=${CMAKE_PREFIX_PATH}:/home/anan/ros2_ws/install/turtlesim_catch_them_all:/home/anan/ros2_ws/install/my_twopy_pkg:/home/anan/ros2_ws/install/my_py_pkg:/opt/ros/humble /usr/bin/cmake --build /home/anan/ros2_ws/build/my_robot_interfaces -- -j16 -l16
[0.381s] DEBUG:colcon.colcon_core.event_handler.log_command:Invoking command in '/home/anan/ros2_ws/build/my_cpp_pkg': CMAKE_PREFIX_PATH=${CMAKE_PREFIX_PATH}:/home/anan/ros2_ws/install/turtlesim_catch_them_all:/home/anan/ros2_ws/install/my_twopy_pkg:/home/anan/ros2_ws/install/my_py_pkg:/opt/ros/humble /usr/bin/cmake --build /home/anan/ros2_ws/build/my_cpp_pkg -- -j16 -l16
[0.576s] INFO:colcon.colcon_core.task.python.build:Building Python package in '/home/anan/ros2_ws/src/my_twopy_pkg'
[0.576s] INFO:colcon.colcon_core.shell:Skip shell extension 'powershell' for command environment: Not usable outside of PowerShell
[0.576s] DEBUG:colcon.colcon_core.shell:Skip shell extension 'dsv' for command environment
[0.762s] INFO:colcon.colcon_core.task.python.build:Building Python package in '/home/anan/ros2_ws/src/turtlesim_catch_them_all'
[0.762s] INFO:colcon.colcon_core.shell:Skip shell extension 'powershell' for command environment: Not usable outside of PowerShell
[0.762s] DEBUG:colcon.colcon_core.shell:Skip shell extension 'dsv' for command environment
[0.766s] DEBUG:colcon.colcon_core.event_handler.log_command:Invoked command in '/home/anan/ros2_ws/build/my_cpp_pkg' returned '0': CMAKE_PREFIX_PATH=${CMAKE_PREFIX_PATH}:/home/anan/ros2_ws/install/turtlesim_catch_them_all:/home/anan/ros2_ws/install/my_twopy_pkg:/home/anan/ros2_ws/install/my_py_pkg:/opt/ros/humble /usr/bin/cmake --build /home/anan/ros2_ws/build/my_cpp_pkg -- -j16 -l16
[0.772s] DEBUG:colcon.colcon_core.event_handler.log_command:Invoked command in '/home/anan/ros2_ws/build/my_robot_interfaces' returned '0': CMAKE_PREFIX_PATH=${CMAKE_PREFIX_PATH}:/home/anan/ros2_ws/install/turtlesim_catch_them_all:/home/anan/ros2_ws/install/my_twopy_pkg:/home/anan/ros2_ws/install/my_py_pkg:/opt/ros/humble /usr/bin/cmake --build /home/anan/ros2_ws/build/my_robot_interfaces -- -j16 -l16
[0.802s] DEBUG:colcon.colcon_core.event_handler.log_command:Invoking command in '/home/anan/ros2_ws/build/my_cpp_pkg': CMAKE_PREFIX_PATH=${CMAKE_PREFIX_PATH}:/home/anan/ros2_ws/install/turtlesim_catch_them_all:/home/anan/ros2_ws/install/my_twopy_pkg:/home/anan/ros2_ws/install/my_py_pkg:/opt/ros/humble /usr/bin/cmake --install /home/anan/ros2_ws/build/my_cpp_pkg
[0.814s] Level 1:colcon.colcon_core.environment:create_environment_scripts_only(my_cpp_pkg)
[0.814s] DEBUG:colcon.colcon_core.event_handler.log_command:Invoked command in '/home/anan/ros2_ws/build/my_cpp_pkg' returned '0': CMAKE_PREFIX_PATH=${CMAKE_PREFIX_PATH}:/home/anan/ros2_ws/install/turtlesim_catch_them_all:/home/anan/ros2_ws/install/my_twopy_pkg:/home/anan/ros2_ws/install/my_py_pkg:/opt/ros/humble /usr/bin/cmake --install /home/anan/ros2_ws/build/my_cpp_pkg
[0.818s] Level 1:colcon.colcon_core.environment:checking '/home/anan/ros2_ws/install/my_cpp_pkg' for CMake module files
[0.818s] Level 1:colcon.colcon_core.environment:checking '/home/anan/ros2_ws/install/my_cpp_pkg' for CMake config files
[0.819s] Level 1:colcon.colcon_core.shell:create_environment_hook('my_cpp_pkg', 'cmake_prefix_path')
[0.819s] INFO:colcon.colcon_core.shell:Creating environment hook '/home/anan/ros2_ws/install/my_cpp_pkg/share/my_cpp_pkg/hook/cmake_prefix_path.ps1'
[0.819s] INFO:colcon.colcon_core.shell:Creating environment descriptor '/home/anan/ros2_ws/install/my_cpp_pkg/share/my_cpp_pkg/hook/cmake_prefix_path.dsv'
[0.820s] INFO:colcon.colcon_core.shell:Creating environment hook '/home/anan/ros2_ws/install/my_cpp_pkg/share/my_cpp_pkg/hook/cmake_prefix_path.sh'
[0.820s] Level 1:colcon.colcon_core.environment:checking '/home/anan/ros2_ws/install/my_cpp_pkg/lib'
[0.820s] Level 1:colcon.colcon_core.environment:checking '/home/anan/ros2_ws/install/my_cpp_pkg/bin'
[0.821s] Level 1:colcon.colcon_core.environment:checking '/home/anan/ros2_ws/install/my_cpp_pkg/lib/pkgconfig/my_cpp_pkg.pc'
[0.821s] Level 1:colcon.colcon_core.environment:checking '/home/anan/ros2_ws/install/my_cpp_pkg/lib/python3.10/site-packages'
[0.821s] Level 1:colcon.colcon_core.environment:checking '/home/anan/ros2_ws/install/my_cpp_pkg/bin'
[0.821s] INFO:colcon.colcon_core.shell:Creating package script '/home/anan/ros2_ws/install/my_cpp_pkg/share/my_cpp_pkg/package.ps1'
[0.822s] INFO:colcon.colcon_core.shell:Creating package descriptor '/home/anan/ros2_ws/install/my_cpp_pkg/share/my_cpp_pkg/package.dsv'
[0.823s] INFO:colcon.colcon_core.shell:Creating package script '/home/anan/ros2_ws/install/my_cpp_pkg/share/my_cpp_pkg/package.sh'
[0.824s] INFO:colcon.colcon_core.shell:Creating package script '/home/anan/ros2_ws/install/my_cpp_pkg/share/my_cpp_pkg/package.bash'
[0.824s] INFO:colcon.colcon_core.shell:Creating package script '/home/anan/ros2_ws/install/my_cpp_pkg/share/my_cpp_pkg/package.zsh'
[0.825s] Level 1:colcon.colcon_core.environment:create_file_with_runtime_dependencies(/home/anan/ros2_ws/install/my_cpp_pkg/share/colcon-core/packages/my_cpp_pkg)
[0.851s] Level 1:colcon.colcon_core.environment:create_environment_scripts_only(my_cpp_pkg)
[0.851s] Level 1:colcon.colcon_core.environment:checking '/home/anan/ros2_ws/install/my_cpp_pkg' for CMake module files
[0.852s] Level 1:colcon.colcon_core.environment:checking '/home/anan/ros2_ws/install/my_cpp_pkg' for CMake config files
[0.852s] Level 1:colcon.colcon_core.shell:create_environment_hook('my_cpp_pkg', 'cmake_prefix_path')
[0.853s] INFO:colcon.colcon_core.shell:Creating environment hook '/home/anan/ros2_ws/install/my_cpp_pkg/share/my_cpp_pkg/hook/cmake_prefix_path.ps1'
[0.853s] INFO:colcon.colcon_core.shell:Creating environment descriptor '/home/anan/ros2_ws/install/my_cpp_pkg/share/my_cpp_pkg/hook/cmake_prefix_path.dsv'
[0.853s] INFO:colcon.colcon_core.shell:Creating environment hook '/home/anan/ros2_ws/install/my_cpp_pkg/share/my_cpp_pkg/hook/cmake_prefix_path.sh'
[0.854s] Level 1:colcon.colcon_core.environment:checking '/home/anan/ros2_ws/install/my_cpp_pkg/lib'
[0.854s] Level 1:colcon.colcon_core.environment:checking '/home/anan/ros2_ws/install/my_cpp_pkg/bin'
[0.854s] Level 1:colcon.colcon_core.environment:checking '/home/anan/ros2_ws/install/my_cpp_pkg/lib/pkgconfig/my_cpp_pkg.pc'
[0.854s] Level 1:colcon.colcon_core.environment:checking '/home/anan/ros2_ws/install/my_cpp_pkg/lib/python3.10/site-packages'
[0.854s] Level 1:colcon.colcon_core.environment:checking '/home/anan/ros2_ws/install/my_cpp_pkg/bin'
[0.854s] INFO:colcon.colcon_core.shell:Creating package script '/home/anan/ros2_ws/install/my_cpp_pkg/share/my_cpp_pkg/package.ps1'
[0.855s] INFO:colcon.colcon_core.shell:Creating package descriptor '/home/anan/ros2_ws/install/my_cpp_pkg/share/my_cpp_pkg/package.dsv'
[0.855s] INFO:colcon.colcon_core.shell:Creating package script '/home/anan/ros2_ws/install/my_cpp_pkg/share/my_cpp_pkg/package.sh'
[0.855s] INFO:colcon.colcon_core.shell:Creating package script '/home/anan/ros2_ws/install/my_cpp_pkg/share/my_cpp_pkg/package.bash'
[0.856s] INFO:colcon.colcon_core.shell:Creating package script '/home/anan/ros2_ws/install/my_cpp_pkg/share/my_cpp_pkg/package.zsh'
[0.856s] Level 1:colcon.colcon_core.environment:create_file_with_runtime_dependencies(/home/anan/ros2_ws/install/my_cpp_pkg/share/colcon-core/packages/my_cpp_pkg)
[0.904s] DEBUG:colcon.colcon_core.event_handler.log_command:Invoking command in '/home/anan/ros2_ws/build/my_robot_interfaces': CMAKE_PREFIX_PATH=${CMAKE_PREFIX_PATH}:/home/anan/ros2_ws/install/turtlesim_catch_them_all:/home/anan/ros2_ws/install/my_twopy_pkg:/home/anan/ros2_ws/install/my_py_pkg:/opt/ros/humble /usr/bin/cmake --install /home/anan/ros2_ws/build/my_robot_interfaces
[0.961s] Level 1:colcon.colcon_core.environment:create_environment_scripts_only(my_robot_interfaces)
[0.961s] Level 1:colcon.colcon_core.environment:checking '/home/anan/ros2_ws/install/my_robot_interfaces' for CMake module files
[0.961s] DEBUG:colcon.colcon_core.event_handler.log_command:Invoked command in '/home/anan/ros2_ws/build/my_robot_interfaces' returned '0': CMAKE_PREFIX_PATH=${CMAKE_PREFIX_PATH}:/home/anan/ros2_ws/install/turtlesim_catch_them_all:/home/anan/ros2_ws/install/my_twopy_pkg:/home/anan/ros2_ws/install/my_py_pkg:/opt/ros/humble /usr/bin/cmake --install /home/anan/ros2_ws/build/my_robot_interfaces
[0.962s] Level 1:colcon.colcon_core.environment:checking '/home/anan/ros2_ws/install/my_robot_interfaces' for CMake config files
[0.962s] Level 1:colcon.colcon_core.shell:create_environment_hook('my_robot_interfaces', 'cmake_prefix_path')
[0.962s] INFO:colcon.colcon_core.shell:Creating environment hook '/home/anan/ros2_ws/install/my_robot_interfaces/share/my_robot_interfaces/hook/cmake_prefix_path.ps1'
[0.963s] INFO:colcon.colcon_core.shell:Creating environment descriptor '/home/anan/ros2_ws/install/my_robot_interfaces/share/my_robot_interfaces/hook/cmake_prefix_path.dsv'
[0.963s] INFO:colcon.colcon_core.shell:Creating environment hook '/home/anan/ros2_ws/install/my_robot_interfaces/share/my_robot_interfaces/hook/cmake_prefix_path.sh'
[0.963s] Level 1:colcon.colcon_core.environment:checking '/home/anan/ros2_ws/install/my_robot_interfaces/lib'
[0.963s] Level 1:colcon.colcon_core.shell:create_environment_hook('my_robot_interfaces', 'ld_library_path_lib')
[0.964s] INFO:colcon.colcon_core.shell:Creating environment hook '/home/anan/ros2_ws/install/my_robot_interfaces/share/my_robot_interfaces/hook/ld_library_path_lib.ps1'
[0.964s] INFO:colcon.colcon_core.shell:Creating environment descriptor '/home/anan/ros2_ws/install/my_robot_interfaces/share/my_robot_interfaces/hook/ld_library_path_lib.dsv'
[0.964s] INFO:colcon.colcon_core.shell:Creating environment hook '/home/anan/ros2_ws/install/my_robot_interfaces/share/my_robot_interfaces/hook/ld_library_path_lib.sh'
[0.964s] Level 1:colcon.colcon_core.environment:checking '/home/anan/ros2_ws/install/my_robot_interfaces/bin'
[0.964s] Level 1:colcon.colcon_core.environment:checking '/home/anan/ros2_ws/install/my_robot_interfaces/lib/pkgconfig/my_robot_interfaces.pc'
[0.965s] Level 1:colcon.colcon_core.environment:checking '/home/anan/ros2_ws/install/my_robot_interfaces/lib/python3.10/site-packages'
[0.965s] Level 1:colcon.colcon_core.environment:checking '/home/anan/ros2_ws/install/my_robot_interfaces/bin'
[0.965s] INFO:colcon.colcon_core.shell:Creating package script '/home/anan/ros2_ws/install/my_robot_interfaces/share/my_robot_interfaces/package.ps1'
[0.965s] INFO:colcon.colcon_core.shell:Creating package descriptor '/home/anan/ros2_ws/install/my_robot_interfaces/share/my_robot_interfaces/package.dsv'
[0.965s] INFO:colcon.colcon_core.shell:Creating package script '/home/anan/ros2_ws/install/my_robot_interfaces/share/my_robot_interfaces/package.sh'
[0.966s] INFO:colcon.colcon_core.shell:Creating package script '/home/anan/ros2_ws/install/my_robot_interfaces/share/my_robot_interfaces/package.bash'
[0.966s] INFO:colcon.colcon_core.shell:Creating package script '/home/anan/ros2_ws/install/my_robot_interfaces/share/my_robot_interfaces/package.zsh'
[0.966s] Level 1:colcon.colcon_core.environment:create_file_with_runtime_dependencies(/home/anan/ros2_ws/install/my_robot_interfaces/share/colcon-core/packages/my_robot_interfaces)
[1.049s] DEBUG:colcon.colcon_core.event_handler.log_command:Invoking command in '/home/anan/ros2_ws/src/my_twopy_pkg': PYTHONPATH=/home/anan/ros2_ws/build/my_twopy_pkg/prefix_override:/usr/lib/python3/dist-packages/colcon_core/task/python/colcon_distutils_commands:/home/anan/ros2_ws/install/my_twopy_pkg/lib/python3.10/site-packages:${PYTHONPATH} /usr/bin/python3 -W ignore:setup.py install is deprecated setup.py egg_info --egg-base ../../build/my_twopy_pkg build --build-base /home/anan/ros2_ws/build/my_twopy_pkg/build install --record /home/anan/ros2_ws/build/my_twopy_pkg/install.log --single-version-externally-managed install_data
[1.050s] DEBUG:colcon.colcon_core.event_handler.log_command:Invoking command in '/home/anan/ros2_ws/src/turtlesim_catch_them_all': PYTHONPATH=/home/anan/ros2_ws/build/turtlesim_catch_them_all/prefix_override:/usr/lib/python3/dist-packages/colcon_core/task/python/colcon_distutils_commands:/home/anan/ros2_ws/install/turtlesim_catch_them_all/lib/python3.10/site-packages:${PYTHONPATH} /usr/bin/python3 -W ignore:setup.py install is deprecated setup.py egg_info --egg-base ../../build/turtlesim_catch_them_all build --build-base /home/anan/ros2_ws/build/turtlesim_catch_them_all/build install --record /home/anan/ros2_ws/build/turtlesim_catch_them_all/install.log --single-version-externally-managed install_data
[1.111s] Level 1:colcon.colcon_core.environment:create_environment_scripts_only(my_robot_interfaces)
[1.111s] Level 1:colcon.colcon_core.environment:checking '/home/anan/ros2_ws/install/my_robot_interfaces' for CMake module files
[1.112s] Level 1:colcon.colcon_core.environment:checking '/home/anan/ros2_ws/install/my_robot_interfaces' for CMake config files
[1.112s] Level 1:colcon.colcon_core.shell:create_environment_hook('my_robot_interfaces', 'cmake_prefix_path')
[1.112s] INFO:colcon.colcon_core.shell:Creating environment hook '/home/anan/ros2_ws/install/my_robot_interfaces/share/my_robot_interfaces/hook/cmake_prefix_path.ps1'
[1.113s] INFO:colcon.colcon_core.shell:Creating environment descriptor '/home/anan/ros2_ws/install/my_robot_interfaces/share/my_robot_interfaces/hook/cmake_prefix_path.dsv'
[1.113s] INFO:colcon.colcon_core.shell:Creating environment hook '/home/anan/ros2_ws/install/my_robot_interfaces/share/my_robot_interfaces/hook/cmake_prefix_path.sh'
[1.113s] Level 1:colcon.colcon_core.environment:checking '/home/anan/ros2_ws/install/my_robot_interfaces/lib'
[1.113s] Level 1:colcon.colcon_core.shell:create_environment_hook('my_robot_interfaces', 'ld_library_path_lib')
[1.114s] INFO:colcon.colcon_core.shell:Creating environment hook '/home/anan/ros2_ws/install/my_robot_interfaces/share/my_robot_interfaces/hook/ld_library_path_lib.ps1'
[1.114s] INFO:colcon.colcon_core.shell:Creating environment descriptor '/home/anan/ros2_ws/install/my_robot_interfaces/share/my_robot_interfaces/hook/ld_library_path_lib.dsv'
[1.114s] INFO:colcon.colcon_core.shell:Creating environment hook '/home/anan/ros2_ws/install/my_robot_interfaces/share/my_robot_interfaces/hook/ld_library_path_lib.sh'
[1.114s] Level 1:colcon.colcon_core.environment:checking '/home/anan/ros2_ws/install/my_robot_interfaces/bin'
[1.114s] Level 1:colcon.colcon_core.environment:checking '/home/anan/ros2_ws/install/my_robot_interfaces/lib/pkgconfig/my_robot_interfaces.pc'
[1.114s] Level 1:colcon.colcon_core.environment:checking '/home/anan/ros2_ws/install/my_robot_interfaces/lib/python3.10/site-packages'
[1.115s] Level 1:colcon.colcon_core.environment:checking '/home/anan/ros2_ws/install/my_robot_interfaces/bin'
[1.115s] INFO:colcon.colcon_core.shell:Creating package script '/home/anan/ros2_ws/install/my_robot_interfaces/share/my_robot_interfaces/package.ps1'
[1.115s] INFO:colcon.colcon_core.shell:Creating package descriptor '/home/anan/ros2_ws/install/my_robot_interfaces/share/my_robot_interfaces/package.dsv'
[1.115s] INFO:colcon.colcon_core.shell:Creating package script '/home/anan/ros2_ws/install/my_robot_interfaces/share/my_robot_interfaces/package.sh'
[1.116s] INFO:colcon.colcon_core.shell:Creating package script '/home/anan/ros2_ws/install/my_robot_interfaces/share/my_robot_interfaces/package.bash'
[1.116s] INFO:colcon.colcon_core.shell:Creating package script '/home/anan/ros2_ws/install/my_robot_interfaces/share/my_robot_interfaces/package.zsh'
[1.116s] Level 1:colcon.colcon_core.environment:create_file_with_runtime_dependencies(/home/anan/ros2_ws/install/my_robot_interfaces/share/colcon-core/packages/my_robot_interfaces)
[1.117s] INFO:colcon.colcon_ros.task.ament_python.build:Building ROS package in '/home/anan/ros2_ws/src/my_py_pkg' with build type 'ament_python'
[1.117s] Level 1:colcon.colcon_core.shell:create_environment_hook('my_py_pkg', 'ament_prefix_path')
[1.117s] INFO:colcon.colcon_core.shell:Creating environment hook '/home/anan/ros2_ws/install/my_py_pkg/share/my_py_pkg/hook/ament_prefix_path.ps1'
[1.117s] INFO:colcon.colcon_core.shell:Creating environment descriptor '/home/anan/ros2_ws/install/my_py_pkg/share/my_py_pkg/hook/ament_prefix_path.dsv'
[1.118s] INFO:colcon.colcon_core.shell:Creating environment hook '/home/anan/ros2_ws/install/my_py_pkg/share/my_py_pkg/hook/ament_prefix_path.sh'
[1.118s] INFO:colcon.colcon_core.shell:Skip shell extension 'powershell' for command environment: Not usable outside of PowerShell
[1.118s] DEBUG:colcon.colcon_core.shell:Skip shell extension 'dsv' for command environment
[1.303s] INFO:colcon.colcon_core.task.python.build:Building Python package in '/home/anan/ros2_ws/src/my_py_pkg'
[1.304s] INFO:colcon.colcon_core.shell:Skip shell extension 'powershell' for command environment: Not usable outside of PowerShell
[1.304s] DEBUG:colcon.colcon_core.shell:Skip shell extension 'dsv' for command environment
[1.308s] Level 1:colcon.colcon_core.environment:checking '/home/anan/ros2_ws/install/my_twopy_pkg' for CMake module files
[1.309s] DEBUG:colcon.colcon_core.event_handler.log_command:Invoked command in '/home/anan/ros2_ws/src/my_twopy_pkg' returned '0': PYTHONPATH=/home/anan/ros2_ws/build/my_twopy_pkg/prefix_override:/usr/lib/python3/dist-packages/colcon_core/task/python/colcon_distutils_commands:/home/anan/ros2_ws/install/my_twopy_pkg/lib/python3.10/site-packages:${PYTHONPATH} /usr/bin/python3 -W ignore:setup.py install is deprecated setup.py egg_info --egg-base ../../build/my_twopy_pkg build --build-base /home/anan/ros2_ws/build/my_twopy_pkg/build install --record /home/anan/ros2_ws/build/my_twopy_pkg/install.log --single-version-externally-managed install_data
[1.309s] Level 1:colcon.colcon_core.environment:checking '/home/anan/ros2_ws/install/my_twopy_pkg' for CMake config files
[1.309s] Level 1:colcon.colcon_core.environment:checking '/home/anan/ros2_ws/install/my_twopy_pkg/lib'
[1.309s] Level 1:colcon.colcon_core.environment:checking '/home/anan/ros2_ws/install/my_twopy_pkg/bin'
[1.309s] Level 1:colcon.colcon_core.environment:checking '/home/anan/ros2_ws/install/my_twopy_pkg/lib/pkgconfig/my_twopy_pkg.pc'
[1.310s] Level 1:colcon.colcon_core.environment:checking '/home/anan/ros2_ws/install/my_twopy_pkg/lib/python3.10/site-packages'
[1.310s] Level 1:colcon.colcon_core.shell:create_environment_hook('my_twopy_pkg', 'pythonpath')
[1.310s] INFO:colcon.colcon_core.shell:Creating environment hook '/home/anan/ros2_ws/install/my_twopy_pkg/share/my_twopy_pkg/hook/pythonpath.ps1'
[1.310s] INFO:colcon.colcon_core.shell:Creating environment descriptor '/home/anan/ros2_ws/install/my_twopy_pkg/share/my_twopy_pkg/hook/pythonpath.dsv'
[1.310s] INFO:colcon.colcon_core.shell:Creating environment hook '/home/anan/ros2_ws/install/my_twopy_pkg/share/my_twopy_pkg/hook/pythonpath.sh'
[1.311s] Level 1:colcon.colcon_core.environment:checking '/home/anan/ros2_ws/install/my_twopy_pkg/bin'
[1.311s] Level 1:colcon.colcon_core.environment:create_environment_scripts_only(my_twopy_pkg)
[1.311s] INFO:colcon.colcon_core.shell:Creating package script '/home/anan/ros2_ws/install/my_twopy_pkg/share/my_twopy_pkg/package.ps1'
[1.311s] INFO:colcon.colcon_core.shell:Creating package descriptor '/home/anan/ros2_ws/install/my_twopy_pkg/share/my_twopy_pkg/package.dsv'
[1.312s] INFO:colcon.colcon_core.shell:Creating package script '/home/anan/ros2_ws/install/my_twopy_pkg/share/my_twopy_pkg/package.sh'
[1.312s] INFO:colcon.colcon_core.shell:Creating package script '/home/anan/ros2_ws/install/my_twopy_pkg/share/my_twopy_pkg/package.bash'
[1.312s] INFO:colcon.colcon_core.shell:Creating package script '/home/anan/ros2_ws/install/my_twopy_pkg/share/my_twopy_pkg/package.zsh'
[1.312s] Level 1:colcon.colcon_core.environment:create_file_with_runtime_dependencies(/home/anan/ros2_ws/install/my_twopy_pkg/share/colcon-core/packages/my_twopy_pkg)
[1.313s] Level 1:colcon.colcon_core.environment:checking '/home/anan/ros2_ws/install/turtlesim_catch_them_all' for CMake module files
[1.313s] DEBUG:colcon.colcon_core.event_handler.log_command:Invoked command in '/home/anan/ros2_ws/src/turtlesim_catch_them_all' returned '0': PYTHONPATH=/home/anan/ros2_ws/build/turtlesim_catch_them_all/prefix_override:/usr/lib/python3/dist-packages/colcon_core/task/python/colcon_distutils_commands:/home/anan/ros2_ws/install/turtlesim_catch_them_all/lib/python3.10/site-packages:${PYTHONPATH} /usr/bin/python3 -W ignore:setup.py install is deprecated setup.py egg_info --egg-base ../../build/turtlesim_catch_them_all build --build-base /home/anan/ros2_ws/build/turtlesim_catch_them_all/build install --record /home/anan/ros2_ws/build/turtlesim_catch_them_all/install.log --single-version-externally-managed install_data
[1.314s] Level 1:colcon.colcon_core.environment:checking '/home/anan/ros2_ws/install/turtlesim_catch_them_all' for CMake config files
[1.314s] Level 1:colcon.colcon_core.environment:checking '/home/anan/ros2_ws/install/turtlesim_catch_them_all/lib'
[1.314s] Level 1:colcon.colcon_core.environment:checking '/home/anan/ros2_ws/install/turtlesim_catch_them_all/bin'
[1.314s] Level 1:colcon.colcon_core.environment:checking '/home/anan/ros2_ws/install/turtlesim_catch_them_all/lib/pkgconfig/turtlesim_catch_them_all.pc'
[1.314s] Level 1:colcon.colcon_core.environment:checking '/home/anan/ros2_ws/install/turtlesim_catch_them_all/lib/python3.10/site-packages'
[1.314s] Level 1:colcon.colcon_core.shell:create_environment_hook('turtlesim_catch_them_all', 'pythonpath')
[1.314s] INFO:colcon.colcon_core.shell:Creating environment hook '/home/anan/ros2_ws/install/turtlesim_catch_them_all/share/turtlesim_catch_them_all/hook/pythonpath.ps1'
[1.315s] INFO:colcon.colcon_core.shell:Creating environment descriptor '/home/anan/ros2_ws/install/turtlesim_catch_them_all/share/turtlesim_catch_them_all/hook/pythonpath.dsv'
[1.315s] INFO:colcon.colcon_core.shell:Creating environment hook '/home/anan/ros2_ws/install/turtlesim_catch_them_all/share/turtlesim_catch_them_all/hook/pythonpath.sh'
[1.315s] Level 1:colcon.colcon_core.environment:checking '/home/anan/ros2_ws/install/turtlesim_catch_them_all/bin'
[1.315s] Level 1:colcon.colcon_core.environment:create_environment_scripts_only(turtlesim_catch_them_all)
[1.315s] INFO:colcon.colcon_core.shell:Creating package script '/home/anan/ros2_ws/install/turtlesim_catch_them_all/share/turtlesim_catch_them_all/package.ps1'
[1.316s] INFO:colcon.colcon_core.shell:Creating package descriptor '/home/anan/ros2_ws/install/turtlesim_catch_them_all/share/turtlesim_catch_them_all/package.dsv'
[1.316s] INFO:colcon.colcon_core.shell:Creating package script '/home/anan/ros2_ws/install/turtlesim_catch_them_all/share/turtlesim_catch_them_all/package.sh'
[1.316s] INFO:colcon.colcon_core.shell:Creating package script '/home/anan/ros2_ws/install/turtlesim_catch_them_all/share/turtlesim_catch_them_all/package.bash'
[1.316s] INFO:colcon.colcon_core.shell:Creating package script '/home/anan/ros2_ws/install/turtlesim_catch_them_all/share/turtlesim_catch_them_all/package.zsh'
[1.317s] Level 1:colcon.colcon_core.environment:create_file_with_runtime_dependencies(/home/anan/ros2_ws/install/turtlesim_catch_them_all/share/colcon-core/packages/turtlesim_catch_them_all)
[1.534s] DEBUG:colcon.colcon_core.event_handler.log_command:Invoking command in '/home/anan/ros2_ws/src/my_py_pkg': CMAKE_PREFIX_PATH=/home/anan/ros2_ws/install/my_robot_interfaces:/home/anan/ros2_ws/install/my_robot_bringup:/home/anan/ros2_ws/install/my_cpp_pkg PYTHONPATH=/home/anan/ros2_ws/build/my_py_pkg/prefix_override:/usr/lib/python3/dist-packages/colcon_core/task/python/colcon_distutils_commands:/home/anan/ros2_ws/install/my_py_pkg/lib/python3.10/site-packages:${PYTHONPATH} /usr/bin/python3 -W ignore:setup.py install is deprecated setup.py egg_info --egg-base ../../build/my_py_pkg build --build-base /home/anan/ros2_ws/build/my_py_pkg/build install --record /home/anan/ros2_ws/build/my_py_pkg/install.log --single-version-externally-managed install_data
[1.724s] Level 1:colcon.colcon_core.environment:checking '/home/anan/ros2_ws/install/my_py_pkg' for CMake module files
[1.725s] DEBUG:colcon.colcon_core.event_handler.log_command:Invoked command in '/home/anan/ros2_ws/src/my_py_pkg' returned '0': CMAKE_PREFIX_PATH=/home/anan/ros2_ws/install/my_robot_interfaces:/home/anan/ros2_ws/install/my_robot_bringup:/home/anan/ros2_ws/install/my_cpp_pkg PYTHONPATH=/home/anan/ros2_ws/build/my_py_pkg/prefix_override:/usr/lib/python3/dist-packages/colcon_core/task/python/colcon_distutils_commands:/home/anan/ros2_ws/install/my_py_pkg/lib/python3.10/site-packages:${PYTHONPATH} /usr/bin/python3 -W ignore:setup.py install is deprecated setup.py egg_info --egg-base ../../build/my_py_pkg build --build-base /home/anan/ros2_ws/build/my_py_pkg/build install --record /home/anan/ros2_ws/build/my_py_pkg/install.log --single-version-externally-managed install_data
[1.725s] Level 1:colcon.colcon_core.environment:checking '/home/anan/ros2_ws/install/my_py_pkg' for CMake config files
[1.726s] Level 1:colcon.colcon_core.environment:checking '/home/anan/ros2_ws/install/my_py_pkg/lib'
[1.726s] Level 1:colcon.colcon_core.environment:checking '/home/anan/ros2_ws/install/my_py_pkg/bin'
[1.726s] Level 1:colcon.colcon_core.environment:checking '/home/anan/ros2_ws/install/my_py_pkg/lib/pkgconfig/my_py_pkg.pc'
[1.726s] Level 1:colcon.colcon_core.environment:checking '/home/anan/ros2_ws/install/my_py_pkg/lib/python3.10/site-packages'
[1.726s] Level 1:colcon.colcon_core.shell:create_environment_hook('my_py_pkg', 'pythonpath')
[1.726s] INFO:colcon.colcon_core.shell:Creating environment hook '/home/anan/ros2_ws/install/my_py_pkg/share/my_py_pkg/hook/pythonpath.ps1'
[1.727s] INFO:colcon.colcon_core.shell:Creating environment descriptor '/home/anan/ros2_ws/install/my_py_pkg/share/my_py_pkg/hook/pythonpath.dsv'
[1.727s] INFO:colcon.colcon_core.shell:Creating environment hook '/home/anan/ros2_ws/install/my_py_pkg/share/my_py_pkg/hook/pythonpath.sh'
[1.727s] Level 1:colcon.colcon_core.environment:checking '/home/anan/ros2_ws/install/my_py_pkg/bin'
[1.727s] Level 1:colcon.colcon_core.environment:create_environment_scripts_only(my_py_pkg)
[1.728s] INFO:colcon.colcon_core.shell:Creating package script '/home/anan/ros2_ws/install/my_py_pkg/share/my_py_pkg/package.ps1'
[1.728s] INFO:colcon.colcon_core.shell:Creating package descriptor '/home/anan/ros2_ws/install/my_py_pkg/share/my_py_pkg/package.dsv'
[1.728s] INFO:colcon.colcon_core.shell:Creating package script '/home/anan/ros2_ws/install/my_py_pkg/share/my_py_pkg/package.sh'
[1.729s] INFO:colcon.colcon_core.shell:Creating package script '/home/anan/ros2_ws/install/my_py_pkg/share/my_py_pkg/package.bash'
[1.729s] INFO:colcon.colcon_core.shell:Creating package script '/home/anan/ros2_ws/install/my_py_pkg/share/my_py_pkg/package.zsh'
[1.729s] Level 1:colcon.colcon_core.environment:create_file_with_runtime_dependencies(/home/anan/ros2_ws/install/my_py_pkg/share/colcon-core/packages/my_py_pkg)
[1.729s] INFO:colcon.colcon_ros.task.ament_cmake.build:Building ROS package in '/home/anan/ros2_ws/src/my_robot_bringup' with build type 'ament_cmake'
[1.729s] INFO:colcon.colcon_cmake.task.cmake.build:Building CMake package in '/home/anan/ros2_ws/src/my_robot_bringup'
[1.729s] INFO:colcon.colcon_core.shell:Skip shell extension 'powershell' for command environment: Not usable outside of PowerShell
[1.729s] DEBUG:colcon.colcon_core.shell:Skip shell extension 'dsv' for command environment
[1.741s] DEBUG:colcon.colcon_core.event_handler.log_command:Invoking command in '/home/anan/ros2_ws/build/my_robot_bringup': AMENT_PREFIX_PATH=/home/anan/ros2_ws/install/my_py_pkg:/home/anan/ros2_ws/install/turtlesim_catch_them_all:/home/anan/ros2_ws/install/my_twopy_pkg:/home/anan/ros2_ws/install/my_robot_bringup:/home/anan/ros2_ws/install/my_robot_interfaces:/home/anan/ros2_ws/install/my_cpp_pkg:/opt/ros/humble CMAKE_PREFIX_PATH=/home/anan/ros2_ws/install/my_robot_interfaces:/home/anan/ros2_ws/install/my_robot_bringup:/home/anan/ros2_ws/install/my_cpp_pkg:/home/anan/ros2_ws/install/turtlesim_catch_them_all:/home/anan/ros2_ws/install/my_twopy_pkg:/home/anan/ros2_ws/install/my_py_pkg:/opt/ros/humble PYTHONPATH=/home/anan/ros2_ws/install/my_py_pkg/lib/python3.10/site-packages:/home/anan/ros2_ws/install/turtlesim_catch_them_all/lib/python3.10/site-packages:/home/anan/ros2_ws/install/my_twopy_pkg/lib/python3.10/site-packages:/home/anan/ros2_ws/install/my_robot_interfaces/local/lib/python3.10/dist-packages:/opt/ros/humble/lib/python3.10/site-packages:/opt/ros/humble/local/lib/python3.10/dist-packages /usr/bin/cmake --build /home/anan/ros2_ws/build/my_robot_bringup -- -j16 -l16
[1.778s] DEBUG:colcon.colcon_core.event_handler.log_command:Invoked command in '/home/anan/ros2_ws/build/my_robot_bringup' returned '0': AMENT_PREFIX_PATH=/home/anan/ros2_ws/install/my_py_pkg:/home/anan/ros2_ws/install/turtlesim_catch_them_all:/home/anan/ros2_ws/install/my_twopy_pkg:/home/anan/ros2_ws/install/my_robot_bringup:/home/anan/ros2_ws/install/my_robot_interfaces:/home/anan/ros2_ws/install/my_cpp_pkg:/opt/ros/humble CMAKE_PREFIX_PATH=/home/anan/ros2_ws/install/my_robot_interfaces:/home/anan/ros2_ws/install/my_robot_bringup:/home/anan/ros2_ws/install/my_cpp_pkg:/home/anan/ros2_ws/install/turtlesim_catch_them_all:/home/anan/ros2_ws/install/my_twopy_pkg:/home/anan/ros2_ws/install/my_py_pkg:/opt/ros/humble PYTHONPATH=/home/anan/ros2_ws/install/my_py_pkg/lib/python3.10/site-packages:/home/anan/ros2_ws/install/turtlesim_catch_them_all/lib/python3.10/site-packages:/home/anan/ros2_ws/install/my_twopy_pkg/lib/python3.10/site-packages:/home/anan/ros2_ws/install/my_robot_interfaces/local/lib/python3.10/dist-packages:/opt/ros/humble/lib/python3.10/site-packages:/opt/ros/humble/local/lib/python3.10/dist-packages /usr/bin/cmake --build /home/anan/ros2_ws/build/my_robot_bringup -- -j16 -l16
[1.804s] DEBUG:colcon.colcon_core.event_handler.log_command:Invoking command in '/home/anan/ros2_ws/build/my_robot_bringup': AMENT_PREFIX_PATH=/home/anan/ros2_ws/install/my_py_pkg:/home/anan/ros2_ws/install/turtlesim_catch_them_all:/home/anan/ros2_ws/install/my_twopy_pkg:/home/anan/ros2_ws/install/my_robot_bringup:/home/anan/ros2_ws/install/my_robot_interfaces:/home/anan/ros2_ws/install/my_cpp_pkg:/opt/ros/humble CMAKE_PREFIX_PATH=/home/anan/ros2_ws/install/my_robot_interfaces:/home/anan/ros2_ws/install/my_robot_bringup:/home/anan/ros2_ws/install/my_cpp_pkg:/home/anan/ros2_ws/install/turtlesim_catch_them_all:/home/anan/ros2_ws/install/my_twopy_pkg:/home/anan/ros2_ws/install/my_py_pkg:/opt/ros/humble PYTHONPATH=/home/anan/ros2_ws/install/my_py_pkg/lib/python3.10/site-packages:/home/anan/ros2_ws/install/turtlesim_catch_them_all/lib/python3.10/site-packages:/home/anan/ros2_ws/install/my_twopy_pkg/lib/python3.10/site-packages:/home/anan/ros2_ws/install/my_robot_interfaces/local/lib/python3.10/dist-packages:/opt/ros/humble/lib/python3.10/site-packages:/opt/ros/humble/local/lib/python3.10/dist-packages /usr/bin/cmake --install /home/anan/ros2_ws/build/my_robot_bringup
[1.812s] Level 1:colcon.colcon_core.environment:create_environment_scripts_only(my_robot_bringup)
[1.813s] DEBUG:colcon.colcon_core.event_handler.log_command:Invoked command in '/home/anan/ros2_ws/build/my_robot_bringup' returned '0': AMENT_PREFIX_PATH=/home/anan/ros2_ws/install/my_py_pkg:/home/anan/ros2_ws/install/turtlesim_catch_them_all:/home/anan/ros2_ws/install/my_twopy_pkg:/home/anan/ros2_ws/install/my_robot_bringup:/home/anan/ros2_ws/install/my_robot_interfaces:/home/anan/ros2_ws/install/my_cpp_pkg:/opt/ros/humble CMAKE_PREFIX_PATH=/home/anan/ros2_ws/install/my_robot_interfaces:/home/anan/ros2_ws/install/my_robot_bringup:/home/anan/ros2_ws/install/my_cpp_pkg:/home/anan/ros2_ws/install/turtlesim_catch_them_all:/home/anan/ros2_ws/install/my_twopy_pkg:/home/anan/ros2_ws/install/my_py_pkg:/opt/ros/humble PYTHONPATH=/home/anan/ros2_ws/install/my_py_pkg/lib/python3.10/site-packages:/home/anan/ros2_ws/install/turtlesim_catch_them_all/lib/python3.10/site-packages:/home/anan/ros2_ws/install/my_twopy_pkg/lib/python3.10/site-packages:/home/anan/ros2_ws/install/my_robot_interfaces/local/lib/python3.10/dist-packages:/opt/ros/humble/lib/python3.10/site-packages:/opt/ros/humble/local/lib/python3.10/dist-packages /usr/bin/cmake --install /home/anan/ros2_ws/build/my_robot_bringup
[1.813s] Level 1:colcon.colcon_core.environment:checking '/home/anan/ros2_ws/install/my_robot_bringup' for CMake module files
[1.814s] Level 1:colcon.colcon_core.environment:checking '/home/anan/ros2_ws/install/my_robot_bringup' for CMake config files
[1.814s] Level 1:colcon.colcon_core.shell:create_environment_hook('my_robot_bringup', 'cmake_prefix_path')
[1.814s] INFO:colcon.colcon_core.shell:Creating environment hook '/home/anan/ros2_ws/install/my_robot_bringup/share/my_robot_bringup/hook/cmake_prefix_path.ps1'
[1.814s] INFO:colcon.colcon_core.shell:Creating environment descriptor '/home/anan/ros2_ws/install/my_robot_bringup/share/my_robot_bringup/hook/cmake_prefix_path.dsv'
[1.815s] INFO:colcon.colcon_core.shell:Creating environment hook '/home/anan/ros2_ws/install/my_robot_bringup/share/my_robot_bringup/hook/cmake_prefix_path.sh'
[1.815s] Level 1:colcon.colcon_core.environment:checking '/home/anan/ros2_ws/install/my_robot_bringup/bin'
[1.815s] Level 1:colcon.colcon_core.environment:checking '/home/anan/ros2_ws/install/my_robot_bringup/lib/pkgconfig/my_robot_bringup.pc'
[1.815s] Level 1:colcon.colcon_core.environment:checking '/home/anan/ros2_ws/install/my_robot_bringup/lib/python3.10/site-packages'
[1.815s] Level 1:colcon.colcon_core.environment:checking '/home/anan/ros2_ws/install/my_robot_bringup/bin'
[1.815s] INFO:colcon.colcon_core.shell:Creating package script '/home/anan/ros2_ws/install/my_robot_bringup/share/my_robot_bringup/package.ps1'
[1.816s] INFO:colcon.colcon_core.shell:Creating package descriptor '/home/anan/ros2_ws/install/my_robot_bringup/share/my_robot_bringup/package.dsv'
[1.816s] INFO:colcon.colcon_core.shell:Creating package script '/home/anan/ros2_ws/install/my_robot_bringup/share/my_robot_bringup/package.sh'
[1.816s] INFO:colcon.colcon_core.shell:Creating package script '/home/anan/ros2_ws/install/my_robot_bringup/share/my_robot_bringup/package.bash'
[1.816s] INFO:colcon.colcon_core.shell:Creating package script '/home/anan/ros2_ws/install/my_robot_bringup/share/my_robot_bringup/package.zsh'
[1.817s] Level 1:colcon.colcon_core.environment:create_file_with_runtime_dependencies(/home/anan/ros2_ws/install/my_robot_bringup/share/colcon-core/packages/my_robot_bringup)
[1.844s] Level 1:colcon.colcon_core.environment:create_environment_scripts_only(my_robot_bringup)
[1.844s] Level 1:colcon.colcon_core.environment:checking '/home/anan/ros2_ws/install/my_robot_bringup' for CMake module files
[1.845s] Level 1:colcon.colcon_core.environment:checking '/home/anan/ros2_ws/install/my_robot_bringup' for CMake config files
[1.845s] Level 1:colcon.colcon_core.shell:create_environment_hook('my_robot_bringup', 'cmake_prefix_path')
[1.845s] INFO:colcon.colcon_core.shell:Creating environment hook '/home/anan/ros2_ws/install/my_robot_bringup/share/my_robot_bringup/hook/cmake_prefix_path.ps1'
[1.845s] INFO:colcon.colcon_core.shell:Creating environment descriptor '/home/anan/ros2_ws/install/my_robot_bringup/share/my_robot_bringup/hook/cmake_prefix_path.dsv'
[1.846s] INFO:colcon.colcon_core.shell:Creating environment hook '/home/anan/ros2_ws/install/my_robot_bringup/share/my_robot_bringup/hook/cmake_prefix_path.sh'
[1.846s] Level 1:colcon.colcon_core.environment:checking '/home/anan/ros2_ws/install/my_robot_bringup/bin'
[1.846s] Level 1:colcon.colcon_core.environment:checking '/home/anan/ros2_ws/install/my_robot_bringup/lib/pkgconfig/my_robot_bringup.pc'
[1.846s] Level 1:colcon.colcon_core.environment:checking '/home/anan/ros2_ws/install/my_robot_bringup/lib/python3.10/site-packages'
[1.846s] Level 1:colcon.colcon_core.environment:checking '/home/anan/ros2_ws/install/my_robot_bringup/bin'
[1.846s] INFO:colcon.colcon_core.shell:Creating package script '/home/anan/ros2_ws/install/my_robot_bringup/share/my_robot_bringup/package.ps1'
[1.847s] INFO:colcon.colcon_core.shell:Creating package descriptor '/home/anan/ros2_ws/install/my_robot_bringup/share/my_robot_bringup/package.dsv'
[1.847s] INFO:colcon.colcon_core.shell:Creating package script '/home/anan/ros2_ws/install/my_robot_bringup/share/my_robot_bringup/package.sh'
[1.847s] INFO:colcon.colcon_core.shell:Creating package script '/home/anan/ros2_ws/install/my_robot_bringup/share/my_robot_bringup/package.bash'
[1.848s] INFO:colcon.colcon_core.shell:Creating package script '/home/anan/ros2_ws/install/my_robot_bringup/share/my_robot_bringup/package.zsh'
[1.848s] Level 1:colcon.colcon_core.environment:create_file_with_runtime_dependencies(/home/anan/ros2_ws/install/my_robot_bringup/share/colcon-core/packages/my_robot_bringup)
[1.848s] DEBUG:colcon.colcon_parallel_executor.executor.parallel:closing loop
[1.848s] DEBUG:colcon.colcon_parallel_executor.executor.parallel:loop closed
[1.849s] DEBUG:colcon.colcon_parallel_executor.executor.parallel:run_until_complete finished with '0'
[1.849s] DEBUG:colcon.colcon_core.event_reactor:joining thread
[1.853s] INFO:colcon.colcon_core.plugin_system:Skipping extension 'colcon_notification.desktop_notification.terminal_notifier': Not used on non-Darwin systems
[1.853s] INFO:colcon.colcon_core.plugin_system:Skipping extension 'colcon_notification.desktop_notification.win32': Not used on non-Windows systems
[1.853s] INFO:colcon.colcon_notification.desktop_notification:Sending desktop notification using 'notify2'
[1.872s] DEBUG:colcon.colcon_core.event_reactor:joined thread
[1.872s] INFO:colcon.colcon_core.shell:Creating prefix script '/home/anan/ros2_ws/install/local_setup.ps1'
[1.873s] INFO:colcon.colcon_core.shell:Creating prefix util module '/home/anan/ros2_ws/install/_local_setup_util_ps1.py'
[1.875s] INFO:colcon.colcon_core.shell:Creating prefix chain script '/home/anan/ros2_ws/install/setup.ps1'
[1.876s] INFO:colcon.colcon_core.shell:Creating prefix script '/home/anan/ros2_ws/install/local_setup.sh'
[1.877s] INFO:colcon.colcon_core.shell:Creating prefix util module '/home/anan/ros2_ws/install/_local_setup_util_sh.py'
[1.877s] INFO:colcon.colcon_core.shell:Creating prefix chain script '/home/anan/ros2_ws/install/setup.sh'
[1.878s] INFO:colcon.colcon_core.shell:Creating prefix script '/home/anan/ros2_ws/install/local_setup.bash'
[1.879s] INFO:colcon.colcon_core.shell:Creating prefix chain script '/home/anan/ros2_ws/install/setup.bash'
[1.880s] INFO:colcon.colcon_core.shell:Creating prefix script '/home/anan/ros2_ws/install/local_setup.zsh'
[1.881s] INFO:colcon.colcon_core.shell:Creating prefix chain script '/home/anan/ros2_ws/install/setup.zsh'
