[0.013s] Invoking command in '/home/extra/ros2_ws/build/my_cpp_pkg': CMAKE_PREFIX_PATH=${CMAKE_PREFIX_PATH}:/home/extra/ros2_ws/install/my_py_pkg:/opt/ros/humble /usr/bin/cmake --build /home/extra/ros2_ws/build/my_cpp_pkg -- -j4 -l4
[0.053s] -- Found ament_cmake: 1.3.9 (/opt/ros/humble/share/ament_cmake/cmake)
[0.226s] -- Found rclcpp: 16.0.9 (/opt/ros/humble/share/rclcpp/cmake)
[0.284s] -- Found rosidl_generator_c: 3.1.5 (/opt/ros/humble/share/rosidl_generator_c/cmake)
[0.291s] -- Found rosidl_adapter: 3.1.5 (/opt/ros/humble/share/rosidl_adapter/cmake)
[0.308s] -- Found rosidl_generator_cpp: 3.1.5 (/opt/ros/humble/share/rosidl_generator_cpp/cmake)
[0.342s] -- Using all available rosidl_typesupport_c: rosidl_typesupport_fastrtps_c;rosidl_typesupport_introspection_c
[0.373s] -- Using all available rosidl_typesupport_cpp: rosidl_typesupport_fastrtps_cpp;rosidl_typesupport_introspection_cpp
[0.475s] -- Found rmw_implementation_cmake: 6.1.2 (/opt/ros/humble/share/rmw_implementation_cmake/cmake)
[0.478s] -- Found rmw_fastrtps_cpp: 6.2.6 (/opt/ros/humble/share/rmw_fastrtps_cpp/cmake)
[0.639s] -- Using RMW implementation 'rmw_fastrtps_cpp' as default
[0.971s] -- Configuring done
[0.987s] -- Generating done
[0.990s] -- Build files have been written to: /home/extra/ros2_ws/build/my_cpp_pkg
[1.040s] [ 50%] [32mBuilding CXX object CMakeFiles/cpp_node.dir/src/my_first_node.cpp.o[0m
[4.718s] [100%] [32m[1mLinking CXX executable cpp_node[0m
[4.925s] [100%] Built target cpp_node
[4.939s] Invoked command in '/home/extra/ros2_ws/build/my_cpp_pkg' returned '0': CMAKE_PREFIX_PATH=${CMAKE_PREFIX_PATH}:/home/extra/ros2_ws/install/my_py_pkg:/opt/ros/humble /usr/bin/cmake --build /home/extra/ros2_ws/build/my_cpp_pkg -- -j4 -l4
[4.987s] Invoking command in '/home/extra/ros2_ws/build/my_cpp_pkg': CMAKE_PREFIX_PATH=${CMAKE_PREFIX_PATH}:/home/extra/ros2_ws/install/my_py_pkg:/opt/ros/humble /usr/bin/cmake --install /home/extra/ros2_ws/build/my_cpp_pkg
[4.996s] -- Install configuration: ""
[4.996s] -- Installing: /home/extra/ros2_ws/install/my_cpp_pkg/lib/my_cpp_pkg/cpp_node
[4.997s] -- Set runtime path of "/home/extra/ros2_ws/install/my_cpp_pkg/lib/my_cpp_pkg/cpp_node" to ""
[4.998s] -- Up-to-date: /home/extra/ros2_ws/install/my_cpp_pkg/share/ament_index/resource_index/package_run_dependencies/my_cpp_pkg
[4.998s] -- Installing: /home/extra/ros2_ws/install/my_cpp_pkg/share/ament_index/resource_index/parent_prefix_path/my_cpp_pkg
[4.998s] -- Up-to-date: /home/extra/ros2_ws/install/my_cpp_pkg/share/my_cpp_pkg/environment/ament_prefix_path.sh
[4.998s] -- Installing: /home/extra/ros2_ws/install/my_cpp_pkg/share/my_cpp_pkg/environment/ament_prefix_path.dsv
[4.999s] -- Up-to-date: /home/extra/ros2_ws/install/my_cpp_pkg/share/my_cpp_pkg/environment/path.sh
[4.999s] -- Installing: /home/extra/ros2_ws/install/my_cpp_pkg/share/my_cpp_pkg/environment/path.dsv
[4.999s] -- Up-to-date: /home/extra/ros2_ws/install/my_cpp_pkg/share/my_cpp_pkg/local_setup.bash
[4.999s] -- Up-to-date: /home/extra/ros2_ws/install/my_cpp_pkg/share/my_cpp_pkg/local_setup.sh
[5.000s] -- Up-to-date: /home/extra/ros2_ws/install/my_cpp_pkg/share/my_cpp_pkg/local_setup.zsh
[5.000s] -- Installing: /home/extra/ros2_ws/install/my_cpp_pkg/share/my_cpp_pkg/local_setup.dsv
[5.000s] -- Installing: /home/extra/ros2_ws/install/my_cpp_pkg/share/my_cpp_pkg/package.dsv
[5.000s] -- Up-to-date: /home/extra/ros2_ws/install/my_cpp_pkg/share/ament_index/resource_index/packages/my_cpp_pkg
[5.001s] -- Up-to-date: /home/extra/ros2_ws/install/my_cpp_pkg/share/my_cpp_pkg/cmake/my_cpp_pkgConfig.cmake
[5.001s] -- Up-to-date: /home/extra/ros2_ws/install/my_cpp_pkg/share/my_cpp_pkg/cmake/my_cpp_pkgConfig-version.cmake
[5.001s] -- Up-to-date: /home/extra/ros2_ws/install/my_cpp_pkg/share/my_cpp_pkg/package.xml
[5.003s] Invoked command in '/home/extra/ros2_ws/build/my_cpp_pkg' returned '0': CMAKE_PREFIX_PATH=${CMAKE_PREFIX_PATH}:/home/extra/ros2_ws/install/my_py_pkg:/opt/ros/humble /usr/bin/cmake --install /home/extra/ros2_ws/build/my_cpp_pkg
