[0.482s] Invoking command in '/home/anan/ros2_ws/src/my_twopy_pkg': PYTHONPATH=/home/anan/ros2_ws/build/my_twopy_pkg/prefix_override:/usr/lib/python3/dist-packages/colcon_core/task/python/colcon_distutils_commands:/home/anan/ros2_ws/install/my_twopy_pkg/lib/python3.10/site-packages:${PYTHONPATH} /usr/bin/python3 -W ignore:setup.py install is deprecated setup.py egg_info --egg-base ../../build/my_twopy_pkg build --build-base /home/anan/ros2_ws/build/my_twopy_pkg/build install --record /home/anan/ros2_ws/build/my_twopy_pkg/install.log --single-version-externally-managed install_data
[0.670s] running egg_info
[0.670s] writing ../../build/my_twopy_pkg/my_twopy_pkg.egg-info/PKG-INFO
[0.671s] writing dependency_links to ../../build/my_twopy_pkg/my_twopy_pkg.egg-info/dependency_links.txt
[0.671s] writing entry points to ../../build/my_twopy_pkg/my_twopy_pkg.egg-info/entry_points.txt
[0.671s] writing requirements to ../../build/my_twopy_pkg/my_twopy_pkg.egg-info/requires.txt
[0.671s] writing top-level names to ../../build/my_twopy_pkg/my_twopy_pkg.egg-info/top_level.txt
[0.673s] reading manifest file '../../build/my_twopy_pkg/my_twopy_pkg.egg-info/SOURCES.txt'
[0.674s] writing manifest file '../../build/my_twopy_pkg/my_twopy_pkg.egg-info/SOURCES.txt'
[0.674s] running build
[0.674s] running build_py
[0.674s] running install
[0.674s] running install_lib
[0.675s] running install_data
[0.676s] running install_egg_info
[0.677s] removing '/home/anan/ros2_ws/install/my_twopy_pkg/lib/python3.10/site-packages/my_twopy_pkg-0.0.0-py3.10.egg-info' (and everything under it)
[0.678s] Copying ../../build/my_twopy_pkg/my_twopy_pkg.egg-info to /home/anan/ros2_ws/install/my_twopy_pkg/lib/python3.10/site-packages/my_twopy_pkg-0.0.0-py3.10.egg-info
[0.678s] running install_scripts
[0.701s] Installing twopy_node script to /home/anan/ros2_ws/install/my_twopy_pkg/lib/my_twopy_pkg
[0.701s] writing list of installed files to '/home/anan/ros2_ws/build/my_twopy_pkg/install.log'
[0.750s] Invoked command in '/home/anan/ros2_ws/src/my_twopy_pkg' returned '0': PYTHONPATH=/home/anan/ros2_ws/build/my_twopy_pkg/prefix_override:/usr/lib/python3/dist-packages/colcon_core/task/python/colcon_distutils_commands:/home/anan/ros2_ws/install/my_twopy_pkg/lib/python3.10/site-packages:${PYTHONPATH} /usr/bin/python3 -W ignore:setup.py install is deprecated setup.py egg_info --egg-base ../../build/my_twopy_pkg build --build-base /home/anan/ros2_ws/build/my_twopy_pkg/build install --record /home/anan/ros2_ws/build/my_twopy_pkg/install.log --single-version-externally-managed install_data
